<?xml version="1.0" encoding="UTF-8"?>
<testsuite xmlns:xsi="http://www.w3.org/2001/XMLSchema-instance" xsi:noNamespaceSchemaLocation="https://maven.apache.org/surefire/maven-surefire-plugin/xsd/surefire-test-report.xsd" name="es.codeurjc.ais.tictactoe.WebAppContainerTest" time="152.927" tests="3" errors="3" skipped="0" failures="0">
  <properties>
[...]
</properties>
  <testcase name="test[0: J2 wins! J1 looses.]" classname="es.codeurjc.ais.tictactoe.WebAppContainerTest" time="47.63">
    <error message="no such element: Unable to locate element: {&quot;method&quot;:&quot;id&quot;,&quot;selector&quot;:&quot;nickname&quot;}&#10;  (Session info: chrome=70.0.3538.77)&#10;  (Driver info: chromedriver=2.43.600233 (523efee95e3d68b8719b3a1c83051aa63aa6b10d),platform=Linux 4.18.0-17-generic x86_64) (WARNING: The server did not provide any stacktrace information)&#10;Command duration or timeout: 0 milliseconds&#10;For documentation on this error, please visit: http://seleniumhq.org/exceptions/no_such_element.html&#10;Build info: version: &apos;3.14.0&apos;, revision: &apos;aacccce0&apos;, time: &apos;2018-08-02T20:19:58.91Z&apos;&#10;System info: host: &apos;osboxes&apos;, ip: &apos;127.0.1.1&apos;, os.name: &apos;Linux&apos;, os.arch: &apos;amd64&apos;, os.version: &apos;4.18.0-17-generic&apos;, java.version: &apos;1.8.0_212&apos;&#10;Driver info: org.openqa.selenium.remote.RemoteWebDriver&#10;Capabilities {acceptInsecureCerts: false, acceptSslCerts: false, applicationCacheEnabled: false, browserConnectionEnabled: false, browserName: chrome, chrome: {chromedriverVersion: 2.43.600233 (523efee95e3d68..., userDataDir: /tmp/.org.chromium.Chromium...}, cssSelectorsEnabled: true, databaseEnabled: false, goog:chromeOptions: {debuggerAddress: localhost:42607}, handlesAlerts: true, hasTouchScreen: false, javascriptEnabled: true, locationContextEnabled: true, mobileEmulationEnabled: false, nativeEvents: true, networkConnectionEnabled: false, pageLoadStrategy: normal, platform: LINUX, platformName: LINUX, rotatable: false, setWindowRect: true, takesHeapSnapshot: true, takesScreenshot: true, unexpectedAlertBehaviour: , unhandledPromptBehavior: , version: 70.0.3538.77, webStorageEnabled: true, webdriver.remote.sessionid: 1ff67fb35197057a1dc3aa29249...}&#10;Session ID: 1ff67fb35197057a1dc3aa2924972be3&#10;*** Element info: {Using=id, value=nickname}" type="org.openqa.selenium.NoSuchElementException">org.openqa.selenium.NoSuchElementException: 
no such element: Unable to locate element: {"method":"id","selector":"nickname"}
  (Session info: chrome=70.0.3538.77)
  (Driver info: chromedriver=2.43.600233 (523efee95e3d68b8719b3a1c83051aa63aa6b10d),platform=Linux 4.18.0-17-generic x86_64) (WARNING: The server did not provide any stacktrace information)
Command duration or timeout: 0 milliseconds
For documentation on this error, please visit: http://seleniumhq.org/exceptions/no_such_element.html
Build info: version: '3.14.0', revision: 'aacccce0', time: '2018-08-02T20:19:58.91Z'
System info: host: 'osboxes', ip: '127.0.1.1', os.name: 'Linux', os.arch: 'amd64', os.version: '4.18.0-17-generic', java.version: '1.8.0_212'
Driver info: org.openqa.selenium.remote.RemoteWebDriver
Capabilities {acceptInsecureCerts: false, acceptSslCerts: false, applicationCacheEnabled: false, browserConnectionEnabled: false, browserName: chrome, chrome: {chromedriverVersion: 2.43.600233 (523efee95e3d68..., userDataDir: /tmp/.org.chromium.Chromium...}, cssSelectorsEnabled: true, databaseEnabled: false, goog:chromeOptions: {debuggerAddress: localhost:42607}, handlesAlerts: true, hasTouchScreen: false, javascriptEnabled: true, locationContextEnabled: true, mobileEmulationEnabled: false, nativeEvents: true, networkConnectionEnabled: false, pageLoadStrategy: normal, platform: LINUX, platformName: LINUX, rotatable: false, setWindowRect: true, takesHeapSnapshot: true, takesScreenshot: true, unexpectedAlertBehaviour: , unhandledPromptBehavior: , version: 70.0.3538.77, webStorageEnabled: true, webdriver.remote.sessionid: 1ff67fb35197057a1dc3aa29249...}
Session ID: 1ff67fb35197057a1dc3aa2924972be3
*** Element info: {Using=id, value=nickname}
	at es.codeurjc.ais.tictactoe.WebAppContainerTest.test(WebAppContainerTest.java:108)
</error>
    <system-out><![CDATA[2019-05-24 08:52:48.255  INFO 537 --- [           main] o.t.d.DockerClientProviderStrategy       : Loaded org.testcontainers.dockerclient.EnvironmentAndSystemPropertyClientProviderStrategy from ~/.testcontainers.properties, will try it first
2019-05-24 08:52:48.385  INFO 537 --- [           main] o.t.d.DockerClientProviderStrategy       : Will use 'okhttp' transport
2019-05-24 08:52:49.148  INFO 537 --- [           main] tAndSystemPropertyClientProviderStrategy : Found docker client settings from environment
2019-05-24 08:52:49.225  INFO 537 --- [           main] o.t.d.DockerClientProviderStrategy       : Found Docker environment with Environment variables, system properties and defaults. Resolved: 
    dockerHost=unix:///var/run/docker.sock
    apiVersion='{UNKNOWN_VERSION}'
    registryUrl='https://index.docker.io/v1/'
    registryUsername='osboxes'
    registryPassword='null'
    registryEmail='null'
    dockerConfig='DefaultDockerClientConfig[dockerHost=unix:///var/run/docker.sock,registryUsername=osboxes,registryPassword=<null>,registryEmail=<null>,registryUrl=https://index.docker.io/v1/,dockerConfigPath=/home/osboxes/.docker,sslConfig=<null>,apiVersion={UNKNOWN_VERSION},dockerConfig=<null>]'

2019-05-24 08:52:49.232  INFO 537 --- [           main] org.testcontainers.DockerClientFactory   : Docker host IP address is localhost
2019-05-24 08:52:49.808  INFO 537 --- [           main] org.testcontainers.DockerClientFactory   : Connected to docker: 
  Server Version: 18.09.3
  API Version: 1.39
  Operating System: Ubuntu 18.10
  Total Memory: 7976 MB
2019-05-24 08:52:50.018  WARN 537 --- [           main] o.t.utility.RegistryAuthLocator          : Failure when attempting to lookup auth config (dockerImageName: quay.io/testcontainers/ryuk:0.2.2, configFile: /home/osboxes/.docker/config.json. Falling back to docker-java default behaviour. Exception message: /home/osboxes/.docker/config.json (No such file or directory)
2019-05-24 08:52:51.497  INFO 537 --- [           main] org.testcontainers.DockerClientFactory   : Ryuk started - will monitor and terminate Testcontainers containers on JVM exit
        &amp#27;[37m&amp#27;[1mℹ︎ Checking the system...&amp#27;[0m&amp#27;[0m
        &amp#27;[32m✔ Docker version should be at least 1.6.0&amp#27;[0m
        &amp#27;[32m✔ Docker environment should have more than 2GB free disk space&amp#27;[0m
2019-05-24 08:52:52.091  INFO 537 --- [           main] ?.i...]                                  : Pulling docker image: quay.io/testcontainers/sshd@sha256:18aa929c653284189fc9cefa45b731021857b6047a0a1757e909f958f258f088. Please be patient; this may take some time but only needs to be done once.
2019-05-24 08:52:52.100  WARN 537 --- [           main] o.t.utility.RegistryAuthLocator          : Failure when attempting to lookup auth config (dockerImageName: quay.io/testcontainers/sshd:latest, configFile: /home/osboxes/.docker/config.json. Falling back to docker-java default behaviour. Exception message: /home/osboxes/.docker/config.json (No such file or directory)
2019-05-24 08:52:53.551  INFO 537 --- [           main] ?.i...]                                  : Creating container for image: quay.io/testcontainers/sshd@sha256:18aa929c653284189fc9cefa45b731021857b6047a0a1757e909f958f258f088
2019-05-24 08:52:53.552  WARN 537 --- [           main] o.t.utility.RegistryAuthLocator          : Failure when attempting to lookup auth config (dockerImageName: quay.io/testcontainers/sshd@sha256:18aa929c653284189fc9cefa45b731021857b6047a0a1757e909f958f258f088, configFile: /home/osboxes/.docker/config.json. Falling back to docker-java default behaviour. Exception message: /home/osboxes/.docker/config.json (No such file or directory)
2019-05-24 08:52:53.685  INFO 537 --- [           main] ?.i...]                                  : Starting container with ID: 187350ea05a65010a75010ea3b960eaeeac3624a5ead42ca5d8d00ff313ed10b
2019-05-24 08:52:54.503  INFO 537 --- [           main] ?.i...]                                  : Container quay.io/testcontainers/sshd@sha256:18aa929c653284189fc9cefa45b731021857b6047a0a1757e909f958f258f088 is starting: 187350ea05a65010a75010ea3b960eaeeac3624a5ead42ca5d8d00ff313ed10b
2019-05-24 08:52:55.083  INFO 537 --- [           main] ?.i...]                                  : Container quay.io/testcontainers/sshd@sha256:18aa929c653284189fc9cefa45b731021857b6047a0a1757e909f958f258f088 started
2019-05-24 08:52:55.657  INFO 537 --- [           main] o.t.containers.SeleniumUtils             : Selenium API version 3.14.0 detected on classpath
2019-05-24 08:52:55.678  INFO 537 --- [           main] ?.14.0]                                  : Creating container for image: selenium/standalone-chrome-debug:3.14.0
2019-05-24 08:52:55.680  WARN 537 --- [           main] o.t.utility.RegistryAuthLocator          : Failure when attempting to lookup auth config (dockerImageName: selenium/standalone-chrome-debug:3.14.0, configFile: /home/osboxes/.docker/config.json. Falling back to docker-java default behaviour. Exception message: /home/osboxes/.docker/config.json (No such file or directory)
2019-05-24 08:52:56.139  INFO 537 --- [           main] ?.14.0]                                  : Starting container with ID: fb390d27cdff8885dfd426594978a948c49c62d4e18a135c220a08ad08bb83b9
2019-05-24 08:52:57.570  INFO 537 --- [           main] ?.14.0]                                  : Container selenium/standalone-chrome-debug:3.14.0 is starting: fb390d27cdff8885dfd426594978a948c49c62d4e18a135c220a08ad08bb83b9
2019-05-24 08:52:57.598  INFO 537 --- [           main] ?.14.0]                                  : Container selenium/standalone-chrome-debug:3.14.0 started
2019-05-24 08:53:07.594  INFO 537 --- [           main] ?.io/testcontainers/vnc-recorder:1.1.0]  : Creating container for image: quay.io/testcontainers/vnc-recorder:1.1.0
2019-05-24 08:53:07.597  WARN 537 --- [           main] o.t.utility.RegistryAuthLocator          : Failure when attempting to lookup auth config (dockerImageName: quay.io/testcontainers/vnc-recorder:1.1.0, configFile: /home/osboxes/.docker/config.json. Falling back to docker-java default behaviour. Exception message: /home/osboxes/.docker/config.json (No such file or directory)
2019-05-24 08:53:07.708  INFO 537 --- [           main] ?.io/testcontainers/vnc-recorder:1.1.0]  : Starting container with ID: afdf7c1f13294598630b8643cb70b0efbcb0f1d161f51eb443ac9fe575e3810e
2019-05-24 08:53:09.207  INFO 537 --- [           main] ?.io/testcontainers/vnc-recorder:1.1.0]  : Container quay.io/testcontainers/vnc-recorder:1.1.0 is starting: afdf7c1f13294598630b8643cb70b0efbcb0f1d161f51eb443ac9fe575e3810e
2019-05-24 08:53:09.421  INFO 537 --- [           main] ?.io/testcontainers/vnc-recorder:1.1.0]  : Container quay.io/testcontainers/vnc-recorder:1.1.0 started
2019-05-24 08:53:09.472  INFO 537 --- [           main] o.t.containers.SeleniumUtils             : Selenium API version 3.14.0 detected on classpath
2019-05-24 08:53:09.543  INFO 537 --- [           main] ?.14.0]                                  : Creating container for image: selenium/standalone-chrome-debug:3.14.0
2019-05-24 08:53:09.552  WARN 537 --- [           main] o.t.utility.RegistryAuthLocator          : Failure when attempting to lookup auth config (dockerImageName: selenium/standalone-chrome-debug:3.14.0, configFile: /home/osboxes/.docker/config.json. Falling back to docker-java default behaviour. Exception message: /home/osboxes/.docker/config.json (No such file or directory)
2019-05-24 08:53:09.753  INFO 537 --- [           main] ?.14.0]                                  : Starting container with ID: c9e08352342873dfb0042f27c493af61e7f76d0e86c71af6d809578441ee21ca
2019-05-24 08:53:11.495  INFO 537 --- [           main] ?.14.0]                                  : Container selenium/standalone-chrome-debug:3.14.0 is starting: c9e08352342873dfb0042f27c493af61e7f76d0e86c71af6d809578441ee21ca
2019-05-24 08:53:11.546  INFO 537 --- [           main] ?.14.0]                                  : Container selenium/standalone-chrome-debug:3.14.0 started
2019-05-24 08:53:20.883  INFO 537 --- [           main] ?.io/testcontainers/vnc-recorder:1.1.0]  : Creating container for image: quay.io/testcontainers/vnc-recorder:1.1.0
2019-05-24 08:53:20.883  WARN 537 --- [           main] o.t.utility.RegistryAuthLocator          : Failure when attempting to lookup auth config (dockerImageName: quay.io/testcontainers/vnc-recorder:1.1.0, configFile: /home/osboxes/.docker/config.json. Falling back to docker-java default behaviour. Exception message: /home/osboxes/.docker/config.json (No such file or directory)
2019-05-24 08:53:21.021  INFO 537 --- [           main] ?.io/testcontainers/vnc-recorder:1.1.0]  : Starting container with ID: 05cc3ece5a37fa4ee3db9bc0162a6b4d9504489653735dbee4bf1d230670b9d9
2019-05-24 08:53:22.526  INFO 537 --- [           main] ?.io/testcontainers/vnc-recorder:1.1.0]  : Container quay.io/testcontainers/vnc-recorder:1.1.0 is starting: 05cc3ece5a37fa4ee3db9bc0162a6b4d9504489653735dbee4bf1d230670b9d9
2019-05-24 08:53:22.769  INFO 537 --- [           main] ?.io/testcontainers/vnc-recorder:1.1.0]  : Container quay.io/testcontainers/vnc-recorder:1.1.0 started
2019-05-24 08:53:39.257  INFO 537 --- [           main] o.t.c.BrowserWebDriverContainer          : Screen recordings for test es.codeurjc.ais.tictactoe.WebAppContainerTest-test[0: J2 wins! J1 looses.] will be stored at: target/FAILED-es.codeurjc.ais.tictactoe.WebAppContainerTest-test[0: J2 wins! J1 looses.]-20190524-085339.flv
2019-05-24 08:53:41.505  INFO 537 --- [           main] o.t.c.BrowserWebDriverContainer          : Screen recordings for test es.codeurjc.ais.tictactoe.WebAppContainerTest-test[0: J2 wins! J1 looses.] will be stored at: target/FAILED-es.codeurjc.ais.tictactoe.WebAppContainerTest-test[0: J2 wins! J1 looses.]-20190524-085341.flv
]]></system-out>
  </testcase>
  <testcase name="test[1: J1 wins! J2 looses.]" classname="es.codeurjc.ais.tictactoe.WebAppContainerTest" time="47.175">
    <error message="no such element: Unable to locate element: {&quot;method&quot;:&quot;id&quot;,&quot;selector&quot;:&quot;nickname&quot;}&#10;  (Session info: chrome=70.0.3538.77)&#10;  (Driver info: chromedriver=2.43.600233 (523efee95e3d68b8719b3a1c83051aa63aa6b10d),platform=Linux 4.18.0-17-generic x86_64) (WARNING: The server did not provide any stacktrace information)&#10;Command duration or timeout: 0 milliseconds&#10;For documentation on this error, please visit: http://seleniumhq.org/exceptions/no_such_element.html&#10;Build info: version: &apos;3.14.0&apos;, revision: &apos;aacccce0&apos;, time: &apos;2018-08-02T20:19:58.91Z&apos;&#10;System info: host: &apos;osboxes&apos;, ip: &apos;127.0.1.1&apos;, os.name: &apos;Linux&apos;, os.arch: &apos;amd64&apos;, os.version: &apos;4.18.0-17-generic&apos;, java.version: &apos;1.8.0_212&apos;&#10;Driver info: org.openqa.selenium.remote.RemoteWebDriver&#10;Capabilities {acceptInsecureCerts: false, acceptSslCerts: false, applicationCacheEnabled: false, browserConnectionEnabled: false, browserName: chrome, chrome: {chromedriverVersion: 2.43.600233 (523efee95e3d68..., userDataDir: /tmp/.org.chromium.Chromium...}, cssSelectorsEnabled: true, databaseEnabled: false, goog:chromeOptions: {debuggerAddress: localhost:39497}, handlesAlerts: true, hasTouchScreen: false, javascriptEnabled: true, locationContextEnabled: true, mobileEmulationEnabled: false, nativeEvents: true, networkConnectionEnabled: false, pageLoadStrategy: normal, platform: LINUX, platformName: LINUX, rotatable: false, setWindowRect: true, takesHeapSnapshot: true, takesScreenshot: true, unexpectedAlertBehaviour: , unhandledPromptBehavior: , version: 70.0.3538.77, webStorageEnabled: true, webdriver.remote.sessionid: 0bce3735ba59730d13556d88578...}&#10;Session ID: 0bce3735ba59730d13556d885784f4e8&#10;*** Element info: {Using=id, value=nickname}" type="org.openqa.selenium.NoSuchElementException">org.openqa.selenium.NoSuchElementException: 
no such element: Unable to locate element: {"method":"id","selector":"nickname"}
  (Session info: chrome=70.0.3538.77)
  (Driver info: chromedriver=2.43.600233 (523efee95e3d68b8719b3a1c83051aa63aa6b10d),platform=Linux 4.18.0-17-generic x86_64) (WARNING: The server did not provide any stacktrace information)
Command duration or timeout: 0 milliseconds
For documentation on this error, please visit: http://seleniumhq.org/exceptions/no_such_element.html
Build info: version: '3.14.0', revision: 'aacccce0', time: '2018-08-02T20:19:58.91Z'
System info: host: 'osboxes', ip: '127.0.1.1', os.name: 'Linux', os.arch: 'amd64', os.version: '4.18.0-17-generic', java.version: '1.8.0_212'
Driver info: org.openqa.selenium.remote.RemoteWebDriver
Capabilities {acceptInsecureCerts: false, acceptSslCerts: false, applicationCacheEnabled: false, browserConnectionEnabled: false, browserName: chrome, chrome: {chromedriverVersion: 2.43.600233 (523efee95e3d68..., userDataDir: /tmp/.org.chromium.Chromium...}, cssSelectorsEnabled: true, databaseEnabled: false, goog:chromeOptions: {debuggerAddress: localhost:39497}, handlesAlerts: true, hasTouchScreen: false, javascriptEnabled: true, locationContextEnabled: true, mobileEmulationEnabled: false, nativeEvents: true, networkConnectionEnabled: false, pageLoadStrategy: normal, platform: LINUX, platformName: LINUX, rotatable: false, setWindowRect: true, takesHeapSnapshot: true, takesScreenshot: true, unexpectedAlertBehaviour: , unhandledPromptBehavior: , version: 70.0.3538.77, webStorageEnabled: true, webdriver.remote.sessionid: 0bce3735ba59730d13556d88578...}
Session ID: 0bce3735ba59730d13556d885784f4e8
*** Element info: {Using=id, value=nickname}
	at es.codeurjc.ais.tictactoe.WebAppContainerTest.test(WebAppContainerTest.java:108)
</error>
    <system-out><![CDATA[2019-05-24 08:53:43.297  INFO 537 --- [           main] o.t.containers.SeleniumUtils             : Selenium API version 3.14.0 detected on classpath
2019-05-24 08:53:43.307  INFO 537 --- [           main] ?.14.0]                                  : Creating container for image: selenium/standalone-chrome-debug:3.14.0
2019-05-24 08:53:43.312  WARN 537 --- [           main] o.t.utility.RegistryAuthLocator          : Failure when attempting to lookup auth config (dockerImageName: selenium/standalone-chrome-debug:3.14.0, configFile: /home/osboxes/.docker/config.json. Falling back to docker-java default behaviour. Exception message: /home/osboxes/.docker/config.json (No such file or directory)
2019-05-24 08:53:43.485  INFO 537 --- [           main] ?.14.0]                                  : Starting container with ID: d3079feaf5db64ae5f2f68dffdbda42e307c863f8e35be1c5be77e55ad0a5af1
2019-05-24 08:53:44.839  INFO 537 --- [           main] ?.14.0]                                  : Container selenium/standalone-chrome-debug:3.14.0 is starting: d3079feaf5db64ae5f2f68dffdbda42e307c863f8e35be1c5be77e55ad0a5af1
2019-05-24 08:53:44.863  INFO 537 --- [           main] ?.14.0]                                  : Container selenium/standalone-chrome-debug:3.14.0 started
2019-05-24 08:53:53.200  INFO 537 --- [           main] ?.io/testcontainers/vnc-recorder:1.1.0]  : Creating container for image: quay.io/testcontainers/vnc-recorder:1.1.0
2019-05-24 08:53:53.201  WARN 537 --- [           main] o.t.utility.RegistryAuthLocator          : Failure when attempting to lookup auth config (dockerImageName: quay.io/testcontainers/vnc-recorder:1.1.0, configFile: /home/osboxes/.docker/config.json. Falling back to docker-java default behaviour. Exception message: /home/osboxes/.docker/config.json (No such file or directory)
2019-05-24 08:53:53.355  INFO 537 --- [           main] ?.io/testcontainers/vnc-recorder:1.1.0]  : Starting container with ID: 8ae94d960b99b2bf2eff244c6e5afdb14bffbe484aa07abe7d12854980294b16
2019-05-24 08:53:54.623  INFO 537 --- [           main] ?.io/testcontainers/vnc-recorder:1.1.0]  : Container quay.io/testcontainers/vnc-recorder:1.1.0 is starting: 8ae94d960b99b2bf2eff244c6e5afdb14bffbe484aa07abe7d12854980294b16
2019-05-24 08:53:54.832  INFO 537 --- [           main] ?.io/testcontainers/vnc-recorder:1.1.0]  : Container quay.io/testcontainers/vnc-recorder:1.1.0 started
2019-05-24 08:53:54.844  INFO 537 --- [           main] o.t.containers.SeleniumUtils             : Selenium API version 3.14.0 detected on classpath
2019-05-24 08:53:54.868  INFO 537 --- [           main] ?.14.0]                                  : Creating container for image: selenium/standalone-chrome-debug:3.14.0
2019-05-24 08:53:54.875  WARN 537 --- [           main] o.t.utility.RegistryAuthLocator          : Failure when attempting to lookup auth config (dockerImageName: selenium/standalone-chrome-debug:3.14.0, configFile: /home/osboxes/.docker/config.json. Falling back to docker-java default behaviour. Exception message: /home/osboxes/.docker/config.json (No such file or directory)
2019-05-24 08:53:55.111  INFO 537 --- [           main] ?.14.0]                                  : Starting container with ID: 9b6ca8ca1ad829f11e881f388da776a9bdedaea1dde10589338100139c078bfa
2019-05-24 08:53:57.004  INFO 537 --- [           main] ?.14.0]                                  : Container selenium/standalone-chrome-debug:3.14.0 is starting: 9b6ca8ca1ad829f11e881f388da776a9bdedaea1dde10589338100139c078bfa
2019-05-24 08:53:57.029  INFO 537 --- [           main] ?.14.0]                                  : Container selenium/standalone-chrome-debug:3.14.0 started
2019-05-24 08:54:07.215  INFO 537 --- [           main] ?.io/testcontainers/vnc-recorder:1.1.0]  : Creating container for image: quay.io/testcontainers/vnc-recorder:1.1.0
2019-05-24 08:54:07.215  WARN 537 --- [           main] o.t.utility.RegistryAuthLocator          : Failure when attempting to lookup auth config (dockerImageName: quay.io/testcontainers/vnc-recorder:1.1.0, configFile: /home/osboxes/.docker/config.json. Falling back to docker-java default behaviour. Exception message: /home/osboxes/.docker/config.json (No such file or directory)
2019-05-24 08:54:07.354  INFO 537 --- [           main] ?.io/testcontainers/vnc-recorder:1.1.0]  : Starting container with ID: 565005ace531fa223ce8aacbdbf7f2d83ffdfcaf2b02a5d1c9bea5c38c35ba79
2019-05-24 08:54:09.080  INFO 537 --- [           main] ?.io/testcontainers/vnc-recorder:1.1.0]  : Container quay.io/testcontainers/vnc-recorder:1.1.0 is starting: 565005ace531fa223ce8aacbdbf7f2d83ffdfcaf2b02a5d1c9bea5c38c35ba79
2019-05-24 08:54:09.260  INFO 537 --- [           main] ?.io/testcontainers/vnc-recorder:1.1.0]  : Container quay.io/testcontainers/vnc-recorder:1.1.0 started
2019-05-24 08:54:26.187  INFO 537 --- [           main] o.t.c.BrowserWebDriverContainer          : Screen recordings for test es.codeurjc.ais.tictactoe.WebAppContainerTest-test[1: J1 wins! J2 looses.] will be stored at: target/FAILED-es.codeurjc.ais.tictactoe.WebAppContainerTest-test[1: J1 wins! J2 looses.]-20190524-085426.flv
2019-05-24 08:54:28.440  INFO 537 --- [           main] o.t.c.BrowserWebDriverContainer          : Screen recordings for test es.codeurjc.ais.tictactoe.WebAppContainerTest-test[1: J1 wins! J2 looses.] will be stored at: target/FAILED-es.codeurjc.ais.tictactoe.WebAppContainerTest-test[1: J1 wins! J2 looses.]-20190524-085428.flv
]]></system-out>
  </testcase>
  <testcase name="test[2: Draw!]" classname="es.codeurjc.ais.tictactoe.WebAppContainerTest" time="50.621">
    <error message="no such element: Unable to locate element: {&quot;method&quot;:&quot;id&quot;,&quot;selector&quot;:&quot;nickname&quot;}&#10;  (Session info: chrome=70.0.3538.77)&#10;  (Driver info: chromedriver=2.43.600233 (523efee95e3d68b8719b3a1c83051aa63aa6b10d),platform=Linux 4.18.0-17-generic x86_64) (WARNING: The server did not provide any stacktrace information)&#10;Command duration or timeout: 0 milliseconds&#10;For documentation on this error, please visit: http://seleniumhq.org/exceptions/no_such_element.html&#10;Build info: version: &apos;3.14.0&apos;, revision: &apos;aacccce0&apos;, time: &apos;2018-08-02T20:19:58.91Z&apos;&#10;System info: host: &apos;osboxes&apos;, ip: &apos;127.0.1.1&apos;, os.name: &apos;Linux&apos;, os.arch: &apos;amd64&apos;, os.version: &apos;4.18.0-17-generic&apos;, java.version: &apos;1.8.0_212&apos;&#10;Driver info: org.openqa.selenium.remote.RemoteWebDriver&#10;Capabilities {acceptInsecureCerts: false, acceptSslCerts: false, applicationCacheEnabled: false, browserConnectionEnabled: false, browserName: chrome, chrome: {chromedriverVersion: 2.43.600233 (523efee95e3d68..., userDataDir: /tmp/.org.chromium.Chromium...}, cssSelectorsEnabled: true, databaseEnabled: false, goog:chromeOptions: {debuggerAddress: localhost:44587}, handlesAlerts: true, hasTouchScreen: false, javascriptEnabled: true, locationContextEnabled: true, mobileEmulationEnabled: false, nativeEvents: true, networkConnectionEnabled: false, pageLoadStrategy: normal, platform: LINUX, platformName: LINUX, rotatable: false, setWindowRect: true, takesHeapSnapshot: true, takesScreenshot: true, unexpectedAlertBehaviour: , unhandledPromptBehavior: , version: 70.0.3538.77, webStorageEnabled: true, webdriver.remote.sessionid: 555ff574d90e5f17b6839294fbd...}&#10;Session ID: 555ff574d90e5f17b6839294fbd6898c&#10;*** Element info: {Using=id, value=nickname}" type="org.openqa.selenium.NoSuchElementException">org.openqa.selenium.NoSuchElementException: 
no such element: Unable to locate element: {"method":"id","selector":"nickname"}
  (Session info: chrome=70.0.3538.77)
  (Driver info: chromedriver=2.43.600233 (523efee95e3d68b8719b3a1c83051aa63aa6b10d),platform=Linux 4.18.0-17-generic x86_64) (WARNING: The server did not provide any stacktrace information)
Command duration or timeout: 0 milliseconds
For documentation on this error, please visit: http://seleniumhq.org/exceptions/no_such_element.html
Build info: version: '3.14.0', revision: 'aacccce0', time: '2018-08-02T20:19:58.91Z'
System info: host: 'osboxes', ip: '127.0.1.1', os.name: 'Linux', os.arch: 'amd64', os.version: '4.18.0-17-generic', java.version: '1.8.0_212'
Driver info: org.openqa.selenium.remote.RemoteWebDriver
Capabilities {acceptInsecureCerts: false, acceptSslCerts: false, applicationCacheEnabled: false, browserConnectionEnabled: false, browserName: chrome, chrome: {chromedriverVersion: 2.43.600233 (523efee95e3d68..., userDataDir: /tmp/.org.chromium.Chromium...}, cssSelectorsEnabled: true, databaseEnabled: false, goog:chromeOptions: {debuggerAddress: localhost:44587}, handlesAlerts: true, hasTouchScreen: false, javascriptEnabled: true, locationContextEnabled: true, mobileEmulationEnabled: false, nativeEvents: true, networkConnectionEnabled: false, pageLoadStrategy: normal, platform: LINUX, platformName: LINUX, rotatable: false, setWindowRect: true, takesHeapSnapshot: true, takesScreenshot: true, unexpectedAlertBehaviour: , unhandledPromptBehavior: , version: 70.0.3538.77, webStorageEnabled: true, webdriver.remote.sessionid: 555ff574d90e5f17b6839294fbd...}
Session ID: 555ff574d90e5f17b6839294fbd6898c
*** Element info: {Using=id, value=nickname}
	at es.codeurjc.ais.tictactoe.WebAppContainerTest.test(WebAppContainerTest.java:108)
</error>
    <system-out><![CDATA[2019-05-24 08:54:30.470  INFO 537 --- [           main] o.t.containers.SeleniumUtils             : Selenium API version 3.14.0 detected on classpath
2019-05-24 08:54:30.500  INFO 537 --- [           main] ?.14.0]                                  : Creating container for image: selenium/standalone-chrome-debug:3.14.0
2019-05-24 08:54:30.501  WARN 537 --- [           main] o.t.utility.RegistryAuthLocator          : Failure when attempting to lookup auth config (dockerImageName: selenium/standalone-chrome-debug:3.14.0, configFile: /home/osboxes/.docker/config.json. Falling back to docker-java default behaviour. Exception message: /home/osboxes/.docker/config.json (No such file or directory)
2019-05-24 08:54:30.608  INFO 537 --- [           main] ?.14.0]                                  : Starting container with ID: d03b77dd4b2647b2138a057dfe2ed00c63078e93bebae618b2f4432ef81e3c2c
2019-05-24 08:54:32.012  INFO 537 --- [           main] ?.14.0]                                  : Container selenium/standalone-chrome-debug:3.14.0 is starting: d03b77dd4b2647b2138a057dfe2ed00c63078e93bebae618b2f4432ef81e3c2c
2019-05-24 08:54:32.022  INFO 537 --- [           main] ?.14.0]                                  : Container selenium/standalone-chrome-debug:3.14.0 started
2019-05-24 08:54:44.146  INFO 537 --- [           main] ?.io/testcontainers/vnc-recorder:1.1.0]  : Creating container for image: quay.io/testcontainers/vnc-recorder:1.1.0
2019-05-24 08:54:44.146  WARN 537 --- [           main] o.t.utility.RegistryAuthLocator          : Failure when attempting to lookup auth config (dockerImageName: quay.io/testcontainers/vnc-recorder:1.1.0, configFile: /home/osboxes/.docker/config.json. Falling back to docker-java default behaviour. Exception message: /home/osboxes/.docker/config.json (No such file or directory)
2019-05-24 08:54:44.259  INFO 537 --- [           main] ?.io/testcontainers/vnc-recorder:1.1.0]  : Starting container with ID: d25b38264c31a4da3dc2f14a807ef5ee203d4d91581921315824d748f135a1d8
2019-05-24 08:54:45.468  INFO 537 --- [           main] ?.io/testcontainers/vnc-recorder:1.1.0]  : Container quay.io/testcontainers/vnc-recorder:1.1.0 is starting: d25b38264c31a4da3dc2f14a807ef5ee203d4d91581921315824d748f135a1d8
2019-05-24 08:54:45.650  INFO 537 --- [           main] ?.io/testcontainers/vnc-recorder:1.1.0]  : Container quay.io/testcontainers/vnc-recorder:1.1.0 started
2019-05-24 08:54:45.662  INFO 537 --- [           main] o.t.containers.SeleniumUtils             : Selenium API version 3.14.0 detected on classpath
2019-05-24 08:54:45.666  INFO 537 --- [           main] ?.14.0]                                  : Creating container for image: selenium/standalone-chrome-debug:3.14.0
2019-05-24 08:54:45.681  WARN 537 --- [           main] o.t.utility.RegistryAuthLocator          : Failure when attempting to lookup auth config (dockerImageName: selenium/standalone-chrome-debug:3.14.0, configFile: /home/osboxes/.docker/config.json. Falling back to docker-java default behaviour. Exception message: /home/osboxes/.docker/config.json (No such file or directory)
2019-05-24 08:54:45.876  INFO 537 --- [           main] ?.14.0]                                  : Starting container with ID: 03ac1f0d76b8e1b8e7c439a035e569a07c203679ac44147fb4a44e9080dfe322
2019-05-24 08:54:47.531  INFO 537 --- [           main] ?.14.0]                                  : Container selenium/standalone-chrome-debug:3.14.0 is starting: 03ac1f0d76b8e1b8e7c439a035e569a07c203679ac44147fb4a44e9080dfe322
2019-05-24 08:54:47.552  INFO 537 --- [           main] ?.14.0]                                  : Container selenium/standalone-chrome-debug:3.14.0 started
2019-05-24 08:54:58.751  INFO 537 --- [           main] ?.io/testcontainers/vnc-recorder:1.1.0]  : Creating container for image: quay.io/testcontainers/vnc-recorder:1.1.0
2019-05-24 08:54:58.752  WARN 537 --- [           main] o.t.utility.RegistryAuthLocator          : Failure when attempting to lookup auth config (dockerImageName: quay.io/testcontainers/vnc-recorder:1.1.0, configFile: /home/osboxes/.docker/config.json. Falling back to docker-java default behaviour. Exception message: /home/osboxes/.docker/config.json (No such file or directory)
2019-05-24 08:54:58.872  INFO 537 --- [           main] ?.io/testcontainers/vnc-recorder:1.1.0]  : Starting container with ID: 3e34ee53497d104e19d11d930834f829f1e3ab09660777327260fb5ef9c58708
2019-05-24 08:55:00.325  INFO 537 --- [           main] ?.io/testcontainers/vnc-recorder:1.1.0]  : Container quay.io/testcontainers/vnc-recorder:1.1.0 is starting: 3e34ee53497d104e19d11d930834f829f1e3ab09660777327260fb5ef9c58708
2019-05-24 08:55:00.568  INFO 537 --- [           main] ?.io/testcontainers/vnc-recorder:1.1.0]  : Container quay.io/testcontainers/vnc-recorder:1.1.0 started
2019-05-24 08:55:16.985  INFO 537 --- [           main] o.t.c.BrowserWebDriverContainer          : Screen recordings for test es.codeurjc.ais.tictactoe.WebAppContainerTest-test[2: Draw!] will be stored at: target/FAILED-es.codeurjc.ais.tictactoe.WebAppContainerTest-test[2: Draw!]-20190524-085516.flv
2019-05-24 08:55:19.129  INFO 537 --- [           main] o.t.c.BrowserWebDriverContainer          : Screen recordings for test es.codeurjc.ais.tictactoe.WebAppContainerTest-test[2: Draw!] will be stored at: target/FAILED-es.codeurjc.ais.tictactoe.WebAppContainerTest-test[2: Draw!]-20190524-085519.flv
]]></system-out>
  </testcase>
</testsuite>