<?xml version="1.0" encoding="UTF-8"?>
<testsuite xmlns:xsi="http://www.w3.org/2001/XMLSchema-instance" xsi:noNamespaceSchemaLocation="https://maven.apache.org/surefire/maven-surefire-plugin/xsd/surefire-test-report.xsd" name="es.codeurjc.ais.tictactoe.WebAppContainerDockerTest" time="212.398" tests="3" errors="3" skipped="0" failures="0">
  <properties>
    <property name="awt.toolkit" value="sun.awt.X11.XToolkit"/>
    <property name="java.specification.version" value="11"/>
    <property name="sun.cpu.isalist" value=""/>
    <property name="sun.jnu.encoding" value="UTF-8"/>
    <property name="java.class.path" value="/data/target/test-classes:/data/target/classes:/root/.m2/repository/org/springframework/boot/spring-boot-starter-websocket/2.1.3.RELEASE/spring-boot-starter-websocket-2.1.3.RELEASE.jar:/root/.m2/repository/org/springframework/spring-messaging/5.1.5.RELEASE/spring-messaging-5.1.5.RELEASE.jar:/root/.m2/repository/org/springframework/spring-beans/5.1.5.RELEASE/spring-beans-5.1.5.RELEASE.jar:/root/.m2/repository/org/springframework/spring-core/5.1.5.RELEASE/spring-core-5.1.5.RELEASE.jar:/root/.m2/repository/org/springframework/spring-jcl/5.1.5.RELEASE/spring-jcl-5.1.5.RELEASE.jar:/root/.m2/repository/org/springframework/spring-websocket/5.1.5.RELEASE/spring-websocket-5.1.5.RELEASE.jar:/root/.m2/repository/org/springframework/spring-context/5.1.5.RELEASE/spring-context-5.1.5.RELEASE.jar:/root/.m2/repository/org/springframework/boot/spring-boot-devtools/2.1.3.RELEASE/spring-boot-devtools-2.1.3.RELEASE.jar:/root/.m2/repository/org/springframework/boot/spring-boot/2.1.3.RELEASE/spring-boot-2.1.3.RELEASE.jar:/root/.m2/repository/org/springframework/boot/spring-boot-autoconfigure/2.1.3.RELEASE/spring-boot-autoconfigure-2.1.3.RELEASE.jar:/root/.m2/repository/org/springframework/boot/spring-boot-starter-web/2.1.3.RELEASE/spring-boot-starter-web-2.1.3.RELEASE.jar:/root/.m2/repository/org/springframework/boot/spring-boot-starter/2.1.3.RELEASE/spring-boot-starter-2.1.3.RELEASE.jar:/root/.m2/repository/org/springframework/boot/spring-boot-starter-logging/2.1.3.RELEASE/spring-boot-starter-logging-2.1.3.RELEASE.jar:/root/.m2/repository/ch/qos/logback/logback-classic/1.2.3/logback-classic-1.2.3.jar:/root/.m2/repository/ch/qos/logback/logback-core/1.2.3/logback-core-1.2.3.jar:/root/.m2/repository/org/apache/logging/log4j/log4j-to-slf4j/2.11.2/log4j-to-slf4j-2.11.2.jar:/root/.m2/repository/org/apache/logging/log4j/log4j-api/2.11.2/log4j-api-2.11.2.jar:/root/.m2/repository/org/slf4j/jul-to-slf4j/1.7.25/jul-to-slf4j-1.7.25.jar:/root/.m2/repository/org/yaml/snakeyaml/1.23/snakeyaml-1.23.jar:/root/.m2/repository/org/springframework/boot/spring-boot-starter-json/2.1.3.RELEASE/spring-boot-starter-json-2.1.3.RELEASE.jar:/root/.m2/repository/com/fasterxml/jackson/core/jackson-databind/2.9.8/jackson-databind-2.9.8.jar:/root/.m2/repository/com/fasterxml/jackson/core/jackson-annotations/2.9.0/jackson-annotations-2.9.0.jar:/root/.m2/repository/com/fasterxml/jackson/core/jackson-core/2.9.8/jackson-core-2.9.8.jar:/root/.m2/repository/com/fasterxml/jackson/datatype/jackson-datatype-jdk8/2.9.8/jackson-datatype-jdk8-2.9.8.jar:/root/.m2/repository/com/fasterxml/jackson/datatype/jackson-datatype-jsr310/2.9.8/jackson-datatype-jsr310-2.9.8.jar:/root/.m2/repository/com/fasterxml/jackson/module/jackson-module-parameter-names/2.9.8/jackson-module-parameter-names-2.9.8.jar:/root/.m2/repository/org/springframework/boot/spring-boot-starter-tomcat/2.1.3.RELEASE/spring-boot-starter-tomcat-2.1.3.RELEASE.jar:/root/.m2/repository/org/apache/tomcat/embed/tomcat-embed-core/9.0.16/tomcat-embed-core-9.0.16.jar:/root/.m2/repository/org/apache/tomcat/embed/tomcat-embed-el/9.0.16/tomcat-embed-el-9.0.16.jar:/root/.m2/repository/org/apache/tomcat/embed/tomcat-embed-websocket/9.0.16/tomcat-embed-websocket-9.0.16.jar:/root/.m2/repository/org/hibernate/validator/hibernate-validator/6.0.14.Final/hibernate-validator-6.0.14.Final.jar:/root/.m2/repository/javax/validation/validation-api/2.0.1.Final/validation-api-2.0.1.Final.jar:/root/.m2/repository/org/jboss/logging/jboss-logging/3.3.2.Final/jboss-logging-3.3.2.Final.jar:/root/.m2/repository/com/fasterxml/classmate/1.4.0/classmate-1.4.0.jar:/root/.m2/repository/org/springframework/spring-web/5.1.5.RELEASE/spring-web-5.1.5.RELEASE.jar:/root/.m2/repository/org/springframework/spring-webmvc/5.1.5.RELEASE/spring-webmvc-5.1.5.RELEASE.jar:/root/.m2/repository/org/springframework/spring-aop/5.1.5.RELEASE/spring-aop-5.1.5.RELEASE.jar:/root/.m2/repository/org/springframework/spring-expression/5.1.5.RELEASE/spring-expression-5.1.5.RELEASE.jar:/root/.m2/repository/org/springframework/boot/spring-boot-starter-mustache/2.1.3.RELEASE/spring-boot-starter-mustache-2.1.3.RELEASE.jar:/root/.m2/repository/com/samskivert/jmustache/1.14/jmustache-1.14.jar:/root/.m2/repository/org/springframework/boot/spring-boot-starter-actuator/2.1.3.RELEASE/spring-boot-starter-actuator-2.1.3.RELEASE.jar:/root/.m2/repository/org/springframework/boot/spring-boot-actuator-autoconfigure/2.1.3.RELEASE/spring-boot-actuator-autoconfigure-2.1.3.RELEASE.jar:/root/.m2/repository/org/springframework/boot/spring-boot-actuator/2.1.3.RELEASE/spring-boot-actuator-2.1.3.RELEASE.jar:/root/.m2/repository/io/micrometer/micrometer-core/1.1.3/micrometer-core-1.1.3.jar:/root/.m2/repository/org/hdrhistogram/HdrHistogram/2.1.9/HdrHistogram-2.1.9.jar:/root/.m2/repository/org/latencyutils/LatencyUtils/2.0.3/LatencyUtils-2.0.3.jar:/root/.m2/repository/org/mockito/mockito-core/2.13.0/mockito-core-2.13.0.jar:/root/.m2/repository/net/bytebuddy/byte-buddy/1.9.10/byte-buddy-1.9.10.jar:/root/.m2/repository/net/bytebuddy/byte-buddy-agent/1.9.10/byte-buddy-agent-1.9.10.jar:/root/.m2/repository/org/objenesis/objenesis/2.6/objenesis-2.6.jar:/root/.m2/repository/io/github/bonigarcia/webdrivermanager/3.3.0/webdrivermanager-3.3.0.jar:/root/.m2/repository/org/slf4j/slf4j-api/1.7.25/slf4j-api-1.7.25.jar:/root/.m2/repository/commons-io/commons-io/2.6/commons-io-2.6.jar:/root/.m2/repository/com/google/code/gson/gson/2.8.5/gson-2.8.5.jar:/root/.m2/repository/org/apache/commons/commons-lang3/3.8.1/commons-lang3-3.8.1.jar:/root/.m2/repository/org/apache/httpcomponents/httpclient/4.5.7/httpclient-4.5.7.jar:/root/.m2/repository/org/apache/httpcomponents/httpcore/4.4.11/httpcore-4.4.11.jar:/root/.m2/repository/commons-codec/commons-codec/1.11/commons-codec-1.11.jar:/root/.m2/repository/org/rauschig/jarchivelib/1.0.0/jarchivelib-1.0.0.jar:/root/.m2/repository/org/jsoup/jsoup/1.11.3/jsoup-1.11.3.jar:/root/.m2/repository/org/seleniumhq/selenium/selenium-java/3.141.59/selenium-java-3.141.59.jar:/root/.m2/repository/org/seleniumhq/selenium/selenium-api/3.14.0/selenium-api-3.14.0.jar:/root/.m2/repository/org/seleniumhq/selenium/selenium-chrome-driver/3.14.0/selenium-chrome-driver-3.14.0.jar:/root/.m2/repository/commons-logging/commons-logging/1.2/commons-logging-1.2.jar:/root/.m2/repository/org/seleniumhq/selenium/selenium-edge-driver/3.14.0/selenium-edge-driver-3.14.0.jar:/root/.m2/repository/org/seleniumhq/selenium/selenium-firefox-driver/3.14.0/selenium-firefox-driver-3.14.0.jar:/root/.m2/repository/org/seleniumhq/selenium/selenium-ie-driver/3.14.0/selenium-ie-driver-3.14.0.jar:/root/.m2/repository/org/seleniumhq/selenium/selenium-opera-driver/3.14.0/selenium-opera-driver-3.14.0.jar:/root/.m2/repository/org/seleniumhq/selenium/selenium-remote-driver/3.14.0/selenium-remote-driver-3.14.0.jar:/root/.m2/repository/org/seleniumhq/selenium/selenium-safari-driver/3.14.0/selenium-safari-driver-3.14.0.jar:/root/.m2/repository/org/seleniumhq/selenium/selenium-support/3.14.0/selenium-support-3.14.0.jar:/root/.m2/repository/org/apache/commons/commons-exec/1.3/commons-exec-1.3.jar:/root/.m2/repository/com/google/guava/guava/25.0-jre/guava-25.0-jre.jar:/root/.m2/repository/com/google/code/findbugs/jsr305/1.3.9/jsr305-1.3.9.jar:/root/.m2/repository/org/checkerframework/checker-compat-qual/2.0.0/checker-compat-qual-2.0.0.jar:/root/.m2/repository/com/google/errorprone/error_prone_annotations/2.1.3/error_prone_annotations-2.1.3.jar:/root/.m2/repository/com/google/j2objc/j2objc-annotations/1.1/j2objc-annotations-1.1.jar:/root/.m2/repository/org/codehaus/mojo/animal-sniffer-annotations/1.14/animal-sniffer-annotations-1.14.jar:/root/.m2/repository/com/squareup/okhttp3/okhttp/3.11.0/okhttp-3.11.0.jar:/root/.m2/repository/com/squareup/okio/okio/1.14.0/okio-1.14.0.jar:/root/.m2/repository/junit/junit/4.12/junit-4.12.jar:/root/.m2/repository/org/hamcrest/hamcrest-core/1.3/hamcrest-core-1.3.jar:/root/.m2/repository/org/assertj/assertj-core/3.8.0/assertj-core-3.8.0.jar:/root/.m2/repository/org/testcontainers/testcontainers/1.10.6/testcontainers-1.10.6.jar:/root/.m2/repository/org/jetbrains/annotations/16.0.3/annotations-16.0.3.jar:/root/.m2/repository/javax/annotation/javax.annotation-api/1.3.2/javax.annotation-api-1.3.2.jar:/root/.m2/repository/org/apache/commons/commons-compress/1.18/commons-compress-1.18.jar:/root/.m2/repository/javax/xml/bind/jaxb-api/2.3.1/jaxb-api-2.3.1.jar:/root/.m2/repository/javax/activation/javax.activation-api/1.2.0/javax.activation-api-1.2.0.jar:/root/.m2/repository/org/rnorth/duct-tape/duct-tape/1.0.7/duct-tape-1.0.7.jar:/root/.m2/repository/org/rnorth/visible-assertions/visible-assertions/2.1.2/visible-assertions-2.1.2.jar:/root/.m2/repository/net/java/dev/jna/jna/4.5.2/jna-4.5.2.jar:/root/.m2/repository/org/rnorth/tcp-unix-socket-proxy/1.0.2/tcp-unix-socket-proxy-1.0.2.jar:/root/.m2/repository/com/kohlschutter/junixsocket/junixsocket-native-common/2.0.4/junixsocket-native-common-2.0.4.jar:/root/.m2/repository/org/scijava/native-lib-loader/2.0.2/native-lib-loader-2.0.2.jar:/root/.m2/repository/com/kohlschutter/junixsocket/junixsocket-common/2.0.4/junixsocket-common-2.0.4.jar:/root/.m2/repository/net/java/dev/jna/jna-platform/4.5.2/jna-platform-4.5.2.jar:/root/.m2/repository/org/testcontainers/selenium/1.10.6/selenium-1.10.6.jar:"/>
    <property name="java.vm.vendor" value="Oracle Corporation"/>
    <property name="sun.arch.data.model" value="64"/>
    <property name="java.vendor.url" value="http://java.oracle.com/"/>
    <property name="user.timezone" value=""/>
    <property name="java.vm.specification.version" value="11"/>
    <property name="os.name" value="Linux"/>
    <property name="sun.java.launcher" value="SUN_STANDARD"/>
    <property name="sun.boot.library.path" value="/usr/lib/jvm/java-11-openjdk-amd64/lib"/>
    <property name="sun.java.command" value="/data/target/surefire/surefirebooter7615573176490330781.jar /data/target/surefire 2019-05-30T13-46-43_675-jvmRun1 surefire1723795366207682309tmp surefire_08004512528841832195tmp"/>
    <property name="jdk.debug" value="release"/>
    <property name="test" value="WebAppContainerDockerTest.java"/>
    <property name="surefire.test.class.path" value="/data/target/test-classes:/data/target/classes:/root/.m2/repository/org/springframework/boot/spring-boot-starter-websocket/2.1.3.RELEASE/spring-boot-starter-websocket-2.1.3.RELEASE.jar:/root/.m2/repository/org/springframework/spring-messaging/5.1.5.RELEASE/spring-messaging-5.1.5.RELEASE.jar:/root/.m2/repository/org/springframework/spring-beans/5.1.5.RELEASE/spring-beans-5.1.5.RELEASE.jar:/root/.m2/repository/org/springframework/spring-core/5.1.5.RELEASE/spring-core-5.1.5.RELEASE.jar:/root/.m2/repository/org/springframework/spring-jcl/5.1.5.RELEASE/spring-jcl-5.1.5.RELEASE.jar:/root/.m2/repository/org/springframework/spring-websocket/5.1.5.RELEASE/spring-websocket-5.1.5.RELEASE.jar:/root/.m2/repository/org/springframework/spring-context/5.1.5.RELEASE/spring-context-5.1.5.RELEASE.jar:/root/.m2/repository/org/springframework/boot/spring-boot-devtools/2.1.3.RELEASE/spring-boot-devtools-2.1.3.RELEASE.jar:/root/.m2/repository/org/springframework/boot/spring-boot/2.1.3.RELEASE/spring-boot-2.1.3.RELEASE.jar:/root/.m2/repository/org/springframework/boot/spring-boot-autoconfigure/2.1.3.RELEASE/spring-boot-autoconfigure-2.1.3.RELEASE.jar:/root/.m2/repository/org/springframework/boot/spring-boot-starter-web/2.1.3.RELEASE/spring-boot-starter-web-2.1.3.RELEASE.jar:/root/.m2/repository/org/springframework/boot/spring-boot-starter/2.1.3.RELEASE/spring-boot-starter-2.1.3.RELEASE.jar:/root/.m2/repository/org/springframework/boot/spring-boot-starter-logging/2.1.3.RELEASE/spring-boot-starter-logging-2.1.3.RELEASE.jar:/root/.m2/repository/ch/qos/logback/logback-classic/1.2.3/logback-classic-1.2.3.jar:/root/.m2/repository/ch/qos/logback/logback-core/1.2.3/logback-core-1.2.3.jar:/root/.m2/repository/org/apache/logging/log4j/log4j-to-slf4j/2.11.2/log4j-to-slf4j-2.11.2.jar:/root/.m2/repository/org/apache/logging/log4j/log4j-api/2.11.2/log4j-api-2.11.2.jar:/root/.m2/repository/org/slf4j/jul-to-slf4j/1.7.25/jul-to-slf4j-1.7.25.jar:/root/.m2/repository/org/yaml/snakeyaml/1.23/snakeyaml-1.23.jar:/root/.m2/repository/org/springframework/boot/spring-boot-starter-json/2.1.3.RELEASE/spring-boot-starter-json-2.1.3.RELEASE.jar:/root/.m2/repository/com/fasterxml/jackson/core/jackson-databind/2.9.8/jackson-databind-2.9.8.jar:/root/.m2/repository/com/fasterxml/jackson/core/jackson-annotations/2.9.0/jackson-annotations-2.9.0.jar:/root/.m2/repository/com/fasterxml/jackson/core/jackson-core/2.9.8/jackson-core-2.9.8.jar:/root/.m2/repository/com/fasterxml/jackson/datatype/jackson-datatype-jdk8/2.9.8/jackson-datatype-jdk8-2.9.8.jar:/root/.m2/repository/com/fasterxml/jackson/datatype/jackson-datatype-jsr310/2.9.8/jackson-datatype-jsr310-2.9.8.jar:/root/.m2/repository/com/fasterxml/jackson/module/jackson-module-parameter-names/2.9.8/jackson-module-parameter-names-2.9.8.jar:/root/.m2/repository/org/springframework/boot/spring-boot-starter-tomcat/2.1.3.RELEASE/spring-boot-starter-tomcat-2.1.3.RELEASE.jar:/root/.m2/repository/org/apache/tomcat/embed/tomcat-embed-core/9.0.16/tomcat-embed-core-9.0.16.jar:/root/.m2/repository/org/apache/tomcat/embed/tomcat-embed-el/9.0.16/tomcat-embed-el-9.0.16.jar:/root/.m2/repository/org/apache/tomcat/embed/tomcat-embed-websocket/9.0.16/tomcat-embed-websocket-9.0.16.jar:/root/.m2/repository/org/hibernate/validator/hibernate-validator/6.0.14.Final/hibernate-validator-6.0.14.Final.jar:/root/.m2/repository/javax/validation/validation-api/2.0.1.Final/validation-api-2.0.1.Final.jar:/root/.m2/repository/org/jboss/logging/jboss-logging/3.3.2.Final/jboss-logging-3.3.2.Final.jar:/root/.m2/repository/com/fasterxml/classmate/1.4.0/classmate-1.4.0.jar:/root/.m2/repository/org/springframework/spring-web/5.1.5.RELEASE/spring-web-5.1.5.RELEASE.jar:/root/.m2/repository/org/springframework/spring-webmvc/5.1.5.RELEASE/spring-webmvc-5.1.5.RELEASE.jar:/root/.m2/repository/org/springframework/spring-aop/5.1.5.RELEASE/spring-aop-5.1.5.RELEASE.jar:/root/.m2/repository/org/springframework/spring-expression/5.1.5.RELEASE/spring-expression-5.1.5.RELEASE.jar:/root/.m2/repository/org/springframework/boot/spring-boot-starter-mustache/2.1.3.RELEASE/spring-boot-starter-mustache-2.1.3.RELEASE.jar:/root/.m2/repository/com/samskivert/jmustache/1.14/jmustache-1.14.jar:/root/.m2/repository/org/springframework/boot/spring-boot-starter-actuator/2.1.3.RELEASE/spring-boot-starter-actuator-2.1.3.RELEASE.jar:/root/.m2/repository/org/springframework/boot/spring-boot-actuator-autoconfigure/2.1.3.RELEASE/spring-boot-actuator-autoconfigure-2.1.3.RELEASE.jar:/root/.m2/repository/org/springframework/boot/spring-boot-actuator/2.1.3.RELEASE/spring-boot-actuator-2.1.3.RELEASE.jar:/root/.m2/repository/io/micrometer/micrometer-core/1.1.3/micrometer-core-1.1.3.jar:/root/.m2/repository/org/hdrhistogram/HdrHistogram/2.1.9/HdrHistogram-2.1.9.jar:/root/.m2/repository/org/latencyutils/LatencyUtils/2.0.3/LatencyUtils-2.0.3.jar:/root/.m2/repository/org/mockito/mockito-core/2.13.0/mockito-core-2.13.0.jar:/root/.m2/repository/net/bytebuddy/byte-buddy/1.9.10/byte-buddy-1.9.10.jar:/root/.m2/repository/net/bytebuddy/byte-buddy-agent/1.9.10/byte-buddy-agent-1.9.10.jar:/root/.m2/repository/org/objenesis/objenesis/2.6/objenesis-2.6.jar:/root/.m2/repository/io/github/bonigarcia/webdrivermanager/3.3.0/webdrivermanager-3.3.0.jar:/root/.m2/repository/org/slf4j/slf4j-api/1.7.25/slf4j-api-1.7.25.jar:/root/.m2/repository/commons-io/commons-io/2.6/commons-io-2.6.jar:/root/.m2/repository/com/google/code/gson/gson/2.8.5/gson-2.8.5.jar:/root/.m2/repository/org/apache/commons/commons-lang3/3.8.1/commons-lang3-3.8.1.jar:/root/.m2/repository/org/apache/httpcomponents/httpclient/4.5.7/httpclient-4.5.7.jar:/root/.m2/repository/org/apache/httpcomponents/httpcore/4.4.11/httpcore-4.4.11.jar:/root/.m2/repository/commons-codec/commons-codec/1.11/commons-codec-1.11.jar:/root/.m2/repository/org/rauschig/jarchivelib/1.0.0/jarchivelib-1.0.0.jar:/root/.m2/repository/org/jsoup/jsoup/1.11.3/jsoup-1.11.3.jar:/root/.m2/repository/org/seleniumhq/selenium/selenium-java/3.141.59/selenium-java-3.141.59.jar:/root/.m2/repository/org/seleniumhq/selenium/selenium-api/3.14.0/selenium-api-3.14.0.jar:/root/.m2/repository/org/seleniumhq/selenium/selenium-chrome-driver/3.14.0/selenium-chrome-driver-3.14.0.jar:/root/.m2/repository/commons-logging/commons-logging/1.2/commons-logging-1.2.jar:/root/.m2/repository/org/seleniumhq/selenium/selenium-edge-driver/3.14.0/selenium-edge-driver-3.14.0.jar:/root/.m2/repository/org/seleniumhq/selenium/selenium-firefox-driver/3.14.0/selenium-firefox-driver-3.14.0.jar:/root/.m2/repository/org/seleniumhq/selenium/selenium-ie-driver/3.14.0/selenium-ie-driver-3.14.0.jar:/root/.m2/repository/org/seleniumhq/selenium/selenium-opera-driver/3.14.0/selenium-opera-driver-3.14.0.jar:/root/.m2/repository/org/seleniumhq/selenium/selenium-remote-driver/3.14.0/selenium-remote-driver-3.14.0.jar:/root/.m2/repository/org/seleniumhq/selenium/selenium-safari-driver/3.14.0/selenium-safari-driver-3.14.0.jar:/root/.m2/repository/org/seleniumhq/selenium/selenium-support/3.14.0/selenium-support-3.14.0.jar:/root/.m2/repository/org/apache/commons/commons-exec/1.3/commons-exec-1.3.jar:/root/.m2/repository/com/google/guava/guava/25.0-jre/guava-25.0-jre.jar:/root/.m2/repository/com/google/code/findbugs/jsr305/1.3.9/jsr305-1.3.9.jar:/root/.m2/repository/org/checkerframework/checker-compat-qual/2.0.0/checker-compat-qual-2.0.0.jar:/root/.m2/repository/com/google/errorprone/error_prone_annotations/2.1.3/error_prone_annotations-2.1.3.jar:/root/.m2/repository/com/google/j2objc/j2objc-annotations/1.1/j2objc-annotations-1.1.jar:/root/.m2/repository/org/codehaus/mojo/animal-sniffer-annotations/1.14/animal-sniffer-annotations-1.14.jar:/root/.m2/repository/com/squareup/okhttp3/okhttp/3.11.0/okhttp-3.11.0.jar:/root/.m2/repository/com/squareup/okio/okio/1.14.0/okio-1.14.0.jar:/root/.m2/repository/junit/junit/4.12/junit-4.12.jar:/root/.m2/repository/org/hamcrest/hamcrest-core/1.3/hamcrest-core-1.3.jar:/root/.m2/repository/org/assertj/assertj-core/3.8.0/assertj-core-3.8.0.jar:/root/.m2/repository/org/testcontainers/testcontainers/1.10.6/testcontainers-1.10.6.jar:/root/.m2/repository/org/jetbrains/annotations/16.0.3/annotations-16.0.3.jar:/root/.m2/repository/javax/annotation/javax.annotation-api/1.3.2/javax.annotation-api-1.3.2.jar:/root/.m2/repository/org/apache/commons/commons-compress/1.18/commons-compress-1.18.jar:/root/.m2/repository/javax/xml/bind/jaxb-api/2.3.1/jaxb-api-2.3.1.jar:/root/.m2/repository/javax/activation/javax.activation-api/1.2.0/javax.activation-api-1.2.0.jar:/root/.m2/repository/org/rnorth/duct-tape/duct-tape/1.0.7/duct-tape-1.0.7.jar:/root/.m2/repository/org/rnorth/visible-assertions/visible-assertions/2.1.2/visible-assertions-2.1.2.jar:/root/.m2/repository/net/java/dev/jna/jna/4.5.2/jna-4.5.2.jar:/root/.m2/repository/org/rnorth/tcp-unix-socket-proxy/1.0.2/tcp-unix-socket-proxy-1.0.2.jar:/root/.m2/repository/com/kohlschutter/junixsocket/junixsocket-native-common/2.0.4/junixsocket-native-common-2.0.4.jar:/root/.m2/repository/org/scijava/native-lib-loader/2.0.2/native-lib-loader-2.0.2.jar:/root/.m2/repository/com/kohlschutter/junixsocket/junixsocket-common/2.0.4/junixsocket-common-2.0.4.jar:/root/.m2/repository/net/java/dev/jna/jna-platform/4.5.2/jna-platform-4.5.2.jar:/root/.m2/repository/org/testcontainers/selenium/1.10.6/selenium-1.10.6.jar:"/>
    <property name="sun.cpu.endian" value="little"/>
    <property name="user.home" value="/root"/>
    <property name="user.language" value="en"/>
    <property name="java.specification.vendor" value="Oracle Corporation"/>
    <property name="java.version.date" value="2019-01-15"/>
    <property name="java.home" value="/usr/lib/jvm/java-11-openjdk-amd64"/>
    <property name="file.separator" value="/"/>
    <property name="basedir" value="/data"/>
    <property name="java.vm.compressedOopsMode" value="32-bit"/>
    <property name="line.separator" value="&#10;"/>
    <property name="java.specification.name" value="Java Platform API Specification"/>
    <property name="java.vm.specification.vendor" value="Oracle Corporation"/>
    <property name="java.awt.graphicsenv" value="sun.awt.X11GraphicsEnvironment"/>
    <property name="surefire.real.class.path" value="/data/target/surefire/surefirebooter7615573176490330781.jar"/>
    <property name="sun.management.compiler" value="HotSpot 64-Bit Tiered Compilers"/>
    <property name="java.runtime.version" value="11.0.2+9-Debian-3bpo91"/>
    <property name="user.name" value="root"/>
    <property name="path.separator" value=":"/>
    <property name="os.version" value="4.18.0-17-generic"/>
    <property name="java.runtime.name" value="OpenJDK Runtime Environment"/>
    <property name="file.encoding" value="UTF-8"/>
    <property name="java.vm.name" value="OpenJDK 64-Bit Server VM"/>
    <property name="localRepository" value="/root/.m2/repository"/>
    <property name="java.vendor.url.bug" value="http://bugreport.java.com/bugreport/"/>
    <property name="java.io.tmpdir" value="/tmp"/>
    <property name="java.version" value="11.0.2"/>
    <property name="user.dir" value="/data"/>
    <property name="os.arch" value="amd64"/>
    <property name="java.vm.specification.name" value="Java Virtual Machine Specification"/>
    <property name="java.awt.printerjob" value="sun.print.PSPrinterJob"/>
    <property name="sun.os.patch.level" value="unknown"/>
    <property name="java.library.path" value="/usr/java/packages/lib:/usr/lib/x86_64-linux-gnu/jni:/lib/x86_64-linux-gnu:/usr/lib/x86_64-linux-gnu:/usr/lib/jni:/lib:/usr/lib"/>
    <property name="java.vendor" value="Oracle Corporation"/>
    <property name="java.vm.info" value="mixed mode, sharing"/>
    <property name="java.vm.version" value="11.0.2+9-Debian-3bpo91"/>
    <property name="sun.io.unicode.encoding" value="UnicodeLittle"/>
    <property name="java.class.version" value="55.0"/>
  </properties>
  <testcase name="test[0: J2 wins! J1 looses.]" classname="es.codeurjc.ais.tictactoe.WebAppContainerDockerTest" time="66.871">
    <error message="no such element: Unable to locate element: {&quot;method&quot;:&quot;id&quot;,&quot;selector&quot;:&quot;cell-6&quot;}&#10;  (Session info: chrome=70.0.3538.77)&#10;  (Driver info: chromedriver=2.43.600233 (523efee95e3d68b8719b3a1c83051aa63aa6b10d),platform=Linux 4.18.0-17-generic x86_64) (WARNING: The server did not provide any stacktrace information)&#10;Command duration or timeout: 0 milliseconds&#10;For documentation on this error, please visit: http://seleniumhq.org/exceptions/no_such_element.html&#10;Build info: version: &apos;3.14.0&apos;, revision: &apos;aacccce0&apos;, time: &apos;2018-08-02T20:19:58.91Z&apos;&#10;System info: host: &apos;5cd3ad01aea8&apos;, ip: &apos;172.17.0.4&apos;, os.name: &apos;Linux&apos;, os.arch: &apos;amd64&apos;, os.version: &apos;4.18.0-17-generic&apos;, java.version: &apos;11.0.2&apos;&#10;Driver info: org.openqa.selenium.remote.RemoteWebDriver&#10;Capabilities {acceptInsecureCerts: false, acceptSslCerts: false, applicationCacheEnabled: false, browserConnectionEnabled: false, browserName: chrome, chrome: {chromedriverVersion: 2.43.600233 (523efee95e3d68..., userDataDir: /tmp/.org.chromium.Chromium...}, cssSelectorsEnabled: true, databaseEnabled: false, goog:chromeOptions: {debuggerAddress: localhost:36533}, handlesAlerts: true, hasTouchScreen: false, javascriptEnabled: true, locationContextEnabled: true, mobileEmulationEnabled: false, nativeEvents: true, networkConnectionEnabled: false, pageLoadStrategy: normal, platform: LINUX, platformName: LINUX, rotatable: false, setWindowRect: true, takesHeapSnapshot: true, takesScreenshot: true, unexpectedAlertBehaviour: , unhandledPromptBehavior: , version: 70.0.3538.77, webStorageEnabled: true, webdriver.remote.sessionid: 0848bf7f137f6950dcb403e22ee...}&#10;Session ID: 0848bf7f137f6950dcb403e22ee075e9&#10;*** Element info: {Using=id, value=cell-6}" type="org.openqa.selenium.NoSuchElementException">org.openqa.selenium.NoSuchElementException: 
no such element: Unable to locate element: {"method":"id","selector":"cell-6"}
  (Session info: chrome=70.0.3538.77)
  (Driver info: chromedriver=2.43.600233 (523efee95e3d68b8719b3a1c83051aa63aa6b10d),platform=Linux 4.18.0-17-generic x86_64) (WARNING: The server did not provide any stacktrace information)
Command duration or timeout: 0 milliseconds
For documentation on this error, please visit: http://seleniumhq.org/exceptions/no_such_element.html
Build info: version: '3.14.0', revision: 'aacccce0', time: '2018-08-02T20:19:58.91Z'
System info: host: '5cd3ad01aea8', ip: '172.17.0.4', os.name: 'Linux', os.arch: 'amd64', os.version: '4.18.0-17-generic', java.version: '11.0.2'
Driver info: org.openqa.selenium.remote.RemoteWebDriver
Capabilities {acceptInsecureCerts: false, acceptSslCerts: false, applicationCacheEnabled: false, browserConnectionEnabled: false, browserName: chrome, chrome: {chromedriverVersion: 2.43.600233 (523efee95e3d68..., userDataDir: /tmp/.org.chromium.Chromium...}, cssSelectorsEnabled: true, databaseEnabled: false, goog:chromeOptions: {debuggerAddress: localhost:36533}, handlesAlerts: true, hasTouchScreen: false, javascriptEnabled: true, locationContextEnabled: true, mobileEmulationEnabled: false, nativeEvents: true, networkConnectionEnabled: false, pageLoadStrategy: normal, platform: LINUX, platformName: LINUX, rotatable: false, setWindowRect: true, takesHeapSnapshot: true, takesScreenshot: true, unexpectedAlertBehaviour: , unhandledPromptBehavior: , version: 70.0.3538.77, webStorageEnabled: true, webdriver.remote.sessionid: 0848bf7f137f6950dcb403e22ee...}
Session ID: 0848bf7f137f6950dcb403e22ee075e9
*** Element info: {Using=id, value=cell-6}
	at es.codeurjc.ais.tictactoe.WebAppContainerDockerTest.test(WebAppContainerDockerTest.java:124)
</error>
    <system-out><![CDATA[13:46:47.488 [main] DEBUG org.testcontainers.utility.TestcontainersConfiguration - Testcontainers configuration overrides will be loaded from file:/root/.testcontainers.properties
13:46:48.030 [main] INFO org.testcontainers.dockerclient.DockerClientProviderStrategy - Will use 'okhttp' transport
13:46:49.072 [ducttape-0] DEBUG org.testcontainers.dockerclient.DockerClientProviderStrategy - Pinging docker daemon...
13:46:49.579 [ducttape-0] DEBUG com.github.dockerjava.core.command.AbstrDockerCmd - Cmd: org.testcontainers.dockerclient.transport.okhttp.OkHttpDockerCmdExecFactory$1@2e4fc6f4
13:46:49.965 [main] INFO org.testcontainers.dockerclient.EnvironmentAndSystemPropertyClientProviderStrategy - Found docker client settings from environment
13:46:50.041 [main] INFO org.testcontainers.dockerclient.DockerClientProviderStrategy - Found Docker environment with Environment variables, system properties and defaults. Resolved: 
    dockerHost=unix:///var/run/docker.sock
    apiVersion='{UNKNOWN_VERSION}'
    registryUrl='https://index.docker.io/v1/'
    registryUsername='root'
    registryPassword='null'
    registryEmail='null'
    dockerConfig='DefaultDockerClientConfig[dockerHost=unix:///var/run/docker.sock,registryUsername=root,registryPassword=<null>,registryEmail=<null>,registryUrl=https://index.docker.io/v1/,dockerConfigPath=/root/.docker,sslConfig=<null>,apiVersion={UNKNOWN_VERSION},dockerConfig=<null>]'

13:46:50.133 [main] DEBUG com.github.dockerjava.core.command.AbstrDockerCmd - Cmd: ListImagesCmdImpl[imageNameFilter=alpine:3.5,showAll=false,filters=com.github.dockerjava.core.util.FiltersBuilder@0,execution=com.github.dockerjava.core.exec.ListImagesCmdExec@47987356]
13:46:50.628 [main] DEBUG org.testcontainers.utility.RegistryAuthLocator - Looking up auth config for image: alpine:3.5
13:46:50.635 [main] DEBUG org.testcontainers.utility.RegistryAuthLocator - RegistryAuthLocator has configFile: /root/.docker/config.json (does not exist) and commandPathPrefix: 
13:46:50.643 [main] WARN org.testcontainers.utility.RegistryAuthLocator - Failure when attempting to lookup auth config (dockerImageName: alpine:3.5, configFile: /root/.docker/config.json. Falling back to docker-java default behaviour. Exception message: /root/.docker/config.json (No such file or directory)
13:46:50.656 [main] DEBUG org.testcontainers.dockerclient.auth.AuthDelegatingDockerClientConfig - Effective auth config [null]
13:46:50.802 [main] DEBUG com.github.dockerjava.core.command.AbstrDockerCmd - Cmd: com.github.dockerjava.core.command.CreateContainerCmdImpl@24105dc5[name=<null>,hostName=<null>,domainName=<null>,user=<null>,attachStdin=<null>,attachStdout=<null>,attachStderr=<null>,portSpecs=<null>,tty=<null>,stdinOpen=<null>,stdInOnce=<null>,env=<null>,cmd={sh,-c,ip route|awk '/default/ { print $3 }'},entrypoint=<null>,image=alpine:3.5,volumes=com.github.dockerjava.api.model.Volumes@18f8cd79,workingDir=<null>,macAddress=<null>,networkDisabled=<null>,exposedPorts=com.github.dockerjava.api.model.ExposedPorts@3e2055d6,stopSignal=<null>,hostConfig=com.github.dockerjava.api.model.HostConfig@50029372[binds=<null>,blkioWeight=<null>,blkioWeightDevice=<null>,blkioDeviceReadBps=<null>,blkioDeviceReadIOps=<null>,blkioDeviceWriteBps=<null>,blkioDeviceWriteIOps=<null>,memorySwappiness=<null>,capAdd=<null>,capDrop=<null>,containerIDFile=<null>,cpuPeriod=<null>,cpuShares=<null>,cpuQuota=<null>,cpusetCpus=<null>,cpusetMems=<null>,devices=<null>,diskQuota=<null>,dns=<null>,dnsSearch=<null>,extraHosts=<null>,links=<null>,logConfig=<null>,lxcConf=<null>,memory=<null>,memorySwap=<null>,memoryReservation=<null>,kernelMemory=<null>,networkMode=<null>,oomKillDisable=<null>,autoRemove=<null>,oomScoreAdj=<null>,portBindings=<null>,privileged=<null>,publishAllPorts=<null>,readonlyRootfs=<null>,restartPolicy=<null>,ulimits=<null>,volumesFrom=<null>,pidMode=<null>,securityOpts=<null>,cgroupParent=<null>,volumeDriver=<null>,shmSize=<null>,pidsLimit=<null>,runtime=<null>,tmpFs=<null>],labels={org.testcontainers=true, org.testcontainers.sessionId=3708a75f-2347-4e50-af1a-f801abfb24ce},networkingConfig=<null>,ipv4Address=<null>,ipv6Address=<null>,aliases=<null>,authConfig=<null>,execution=com.github.dockerjava.core.exec.CreateContainerCmdExec@383dc82c]
13:46:51.520 [main] DEBUG com.github.dockerjava.core.command.AbstrDockerCmd - Cmd: 3d67640139e606853c0bc54e16b6102236544fce5d7893c6cb392e4573ab9d90,com.github.dockerjava.core.exec.StartContainerCmdExec@6b58b9e9
13:46:52.679 [tc-okhttp-stream-1168924571] DEBUG com.github.dockerjava.core.command.LogContainerResultCallback - STDOUT: 172.17.0.1
13:46:52.894 [main] DEBUG com.github.dockerjava.core.command.AbstrDockerCmd - Cmd: 3d67640139e606853c0bc54e16b6102236544fce5d7893c6cb392e4573ab9d90,true,true,com.github.dockerjava.core.exec.RemoveContainerCmdExec@398dada8
13:46:53.111 [main] INFO org.testcontainers.DockerClientFactory - Docker host IP address is 172.17.0.1
13:46:53.113 [main] DEBUG com.github.dockerjava.core.command.AbstrDockerCmd - Cmd: com.github.dockerjava.core.exec.InfoCmdExec@2a225dd7
13:46:53.604 [main] DEBUG com.github.dockerjava.core.command.AbstrDockerCmd - Cmd: com.github.dockerjava.core.exec.VersionCmdExec@68d279ec
13:46:53.636 [main] INFO org.testcontainers.DockerClientFactory - Connected to docker: 
  Server Version: 18.09.3
  API Version: 1.39
  Operating System: Ubuntu 18.10
  Total Memory: 7976 MB
13:46:53.652 [main] DEBUG com.github.dockerjava.core.command.AbstrDockerCmd - Cmd: ListImagesCmdImpl[imageNameFilter=quay.io/testcontainers/ryuk:0.2.2,showAll=false,filters=com.github.dockerjava.core.util.FiltersBuilder@0,execution=com.github.dockerjava.core.exec.ListImagesCmdExec@3b8f0a79]
13:46:53.949 [main] DEBUG org.testcontainers.utility.RegistryAuthLocator - Looking up auth config for image: quay.io/testcontainers/ryuk:0.2.2
13:46:53.950 [main] DEBUG org.testcontainers.utility.RegistryAuthLocator - RegistryAuthLocator has configFile: /root/.docker/config.json (does not exist) and commandPathPrefix: 
13:46:53.950 [main] WARN org.testcontainers.utility.RegistryAuthLocator - Failure when attempting to lookup auth config (dockerImageName: quay.io/testcontainers/ryuk:0.2.2, configFile: /root/.docker/config.json. Falling back to docker-java default behaviour. Exception message: /root/.docker/config.json (No such file or directory)
13:46:53.955 [main] DEBUG org.testcontainers.dockerclient.auth.AuthDelegatingDockerClientConfig - Effective auth config [null]
13:46:53.956 [main] DEBUG com.github.dockerjava.core.command.AbstrDockerCmd - Cmd: com.github.dockerjava.core.command.CreateContainerCmdImpl@41294f8[name=testcontainers-ryuk-3708a75f-2347-4e50-af1a-f801abfb24ce,hostName=<null>,domainName=<null>,user=<null>,attachStdin=<null>,attachStdout=<null>,attachStderr=<null>,portSpecs=<null>,tty=<null>,stdinOpen=<null>,stdInOnce=<null>,env=<null>,cmd=<null>,entrypoint=<null>,image=quay.io/testcontainers/ryuk:0.2.2,volumes=com.github.dockerjava.api.model.Volumes@225129c,workingDir=<null>,macAddress=<null>,networkDisabled=<null>,exposedPorts=com.github.dockerjava.api.model.ExposedPorts@20435c40,stopSignal=<null>,hostConfig=com.github.dockerjava.api.model.HostConfig@573906eb[binds=com.github.dockerjava.api.model.Binds@479ceda0,blkioWeight=<null>,blkioWeightDevice=<null>,blkioDeviceReadBps=<null>,blkioDeviceReadIOps=<null>,blkioDeviceWriteBps=<null>,blkioDeviceWriteIOps=<null>,memorySwappiness=<null>,capAdd=<null>,capDrop=<null>,containerIDFile=<null>,cpuPeriod=<null>,cpuShares=<null>,cpuQuota=<null>,cpusetCpus=<null>,cpusetMems=<null>,devices=<null>,diskQuota=<null>,dns=<null>,dnsSearch=<null>,extraHosts=<null>,links=<null>,logConfig=<null>,lxcConf=<null>,memory=<null>,memorySwap=<null>,memoryReservation=<null>,kernelMemory=<null>,networkMode=<null>,oomKillDisable=<null>,autoRemove=true,oomScoreAdj=<null>,portBindings=<null>,privileged=false,publishAllPorts=true,readonlyRootfs=<null>,restartPolicy=<null>,ulimits=<null>,volumesFrom=<null>,pidMode=<null>,securityOpts=<null>,cgroupParent=<null>,volumeDriver=<null>,shmSize=<null>,pidsLimit=<null>,runtime=<null>,tmpFs=<null>],labels={org.testcontainers=true},networkingConfig=<null>,ipv4Address=<null>,ipv6Address=<null>,aliases=<null>,authConfig=<null>,execution=com.github.dockerjava.core.exec.CreateContainerCmdExec@6d07a63d]
13:46:54.091 [main] DEBUG com.github.dockerjava.core.command.AbstrDockerCmd - Cmd: 743c21fd27eb66aeaa25039a0c7dac30081bd4ae9d2e4fc715e773518759333a,com.github.dockerjava.core.exec.StartContainerCmdExec@d278d2b
13:46:55.089 [main] DEBUG com.github.dockerjava.core.command.AbstrDockerCmd - Cmd: 743c21fd27eb66aeaa25039a0c7dac30081bd4ae9d2e4fc715e773518759333a,false,com.github.dockerjava.core.exec.InspectContainerCmdExec@7c214cc0
13:46:55.092 [main] DEBUG com.github.dockerjava.core.exec.InspectContainerCmdExec - GET: OkHttpWebTarget(okHttpClient=org.testcontainers.shaded.okhttp3.OkHttpClient@5b67bb7e, baseUrl=http://docker.socket/, path=[/containers/743c21fd27eb66aeaa25039a0c7dac30081bd4ae9d2e4fc715e773518759333a/json], queryParams={})
13:46:55.426 [testcontainers-ryuk] DEBUG org.testcontainers.utility.ResourceReaper - Sending 'label=org.testcontainers%3Dtrue&label=org.testcontainers.sessionId%3D3708a75f-2347-4e50-af1a-f801abfb24ce' to Ryuk
13:46:55.433 [testcontainers-ryuk] DEBUG org.testcontainers.utility.ResourceReaper - Received 'ACK' from Ryuk
13:46:55.436 [main] INFO org.testcontainers.DockerClientFactory - Ryuk started - will monitor and terminate Testcontainers containers on JVM exit
        &amp#27;[37m&amp#27;[1m‚ÑπÔ∏é Checking the system...&amp#27;[0m&amp#27;[0m
        &amp#27;[32m‚úî Docker version should be at least 1.6.0&amp#27;[0m
13:46:55.519 [main] DEBUG com.github.dockerjava.core.command.AbstrDockerCmd - Cmd: 743c21fd27eb66aeaa25039a0c7dac30081bd4ae9d2e4fc715e773518759333a,<null>,true,<null>,<null>,<null>,<null>,{df,-P},com.github.dockerjava.core.exec.ExecCreateCmdExec@7a55af6b
13:46:55.963 [tc-okhttp-stream-795326519] DEBUG com.github.dockerjava.core.command.ExecStartResultCallback - STDOUT: Filesystem           1024-blocks    Used Available Capacity Mounted on
overlay              226639372  28233780 186823284  13% /
tmpfs                    65536         0     65536   0% /dev
tmpfs                  4084152         0   4084152   0% /sys/fs/cgroup
/dev/sda1            226639372  28233780 186823284  13% /etc/resolv.conf
/dev/sda1            226639372  28233780 186823284  13% /etc/hostname
/dev/sda1            226639372  28233780 186823284  13% /etc/hosts
shm                      65536         0     65536   0% /dev/shm
tmpfs                   816832      2156    814676   0% /run/docker.sock
tmpfs                  4084152         0   4084152   0% /proc/asound
tmpfs                  4084152         0   4084152   0% /proc/acpi
tmpfs                    65536         0     65536   0% /proc/kcore
tmpfs                    65536         0     65536   0% /proc/keys
tmpfs                    65536         0     65536   0% /proc/timer_list
tmpfs                    65536         0     65536   0% /proc/sched_debug
tmpfs                  4084152         0   4084152   0% /proc/scsi
tmpfs                  4084152         0   4084152   0% /sys/firmware
        &amp#27;[32m‚úî Docker environment should have more than 2GB free disk space&amp#27;[0m
13:46:56.125 [main] DEBUG com.github.dockerjava.core.command.AbstrDockerCmd - Cmd: ListImagesCmdImpl[imageNameFilter=<null>,showAll=false,filters=com.github.dockerjava.core.util.FiltersBuilder@0,execution=com.github.dockerjava.core.exec.ListImagesCmdExec@c9d0d6]
13:46:56.468 [main] INFO üê≥ [quay.io/testcontainers/sshd@sha256:18aa92...] - Pulling docker image: quay.io/testcontainers/sshd@sha256:18aa929c653284189fc9cefa45b731021857b6047a0a1757e909f958f258f088. Please be patient; this may take some time but only needs to be done once.
13:46:56.498 [main] DEBUG org.testcontainers.utility.RegistryAuthLocator - Looking up auth config for image: quay.io/testcontainers/sshd:latest
13:46:56.519 [main] DEBUG org.testcontainers.utility.RegistryAuthLocator - RegistryAuthLocator has configFile: /root/.docker/config.json (does not exist) and commandPathPrefix: 
13:46:56.524 [main] WARN org.testcontainers.utility.RegistryAuthLocator - Failure when attempting to lookup auth config (dockerImageName: quay.io/testcontainers/sshd:latest, configFile: /root/.docker/config.json. Falling back to docker-java default behaviour. Exception message: /root/.docker/config.json (No such file or directory)
13:46:56.529 [main] DEBUG org.testcontainers.dockerclient.auth.AuthDelegatingDockerClientConfig - Effective auth config [null]
13:46:57.923 [tc-okhttp-stream-1997702454] DEBUG com.github.dockerjava.core.command.PullImageResultCallback - PullResponseItem[stream=<null>,status=Pulling from testcontainers/sshd,progressDetail=<null>,progress=<null>,id=sha256:18aa929c653284189fc9cefa45b731021857b6047a0a1757e909f958f258f088,from=<null>,time=<null>,errorDetail=<null>,error=<null>,aux=<null>]
13:46:57.931 [tc-okhttp-stream-1997702454] DEBUG com.github.dockerjava.core.command.PullImageResultCallback - PullResponseItem[stream=<null>,status=Already exists,progressDetail=ResponseItem.ProgressDetail[current=<null>,total=<null>,start=<null>],progress=<null>,id=f4900964ff56,from=<null>,time=<null>,errorDetail=<null>,error=<null>,aux=<null>]
13:46:57.941 [tc-okhttp-stream-1997702454] DEBUG com.github.dockerjava.core.command.PullImageResultCallback - PullResponseItem[stream=<null>,status=Already exists,progressDetail=ResponseItem.ProgressDetail[current=<null>,total=<null>,start=<null>],progress=<null>,id=da24d8e18e74,from=<null>,time=<null>,errorDetail=<null>,error=<null>,aux=<null>]
13:46:57.950 [tc-okhttp-stream-1997702454] DEBUG com.github.dockerjava.core.command.PullImageResultCallback - PullResponseItem[stream=<null>,status=Digest: sha256:18aa929c653284189fc9cefa45b731021857b6047a0a1757e909f958f258f088,progressDetail=<null>,progress=<null>,id=<null>,from=<null>,time=<null>,errorDetail=<null>,error=<null>,aux=<null>]
13:46:57.960 [tc-okhttp-stream-1997702454] DEBUG com.github.dockerjava.core.command.PullImageResultCallback - PullResponseItem[stream=<null>,status=Status: Image is up to date for quay.io/testcontainers/sshd@sha256:18aa929c653284189fc9cefa45b731021857b6047a0a1757e909f958f258f088,progressDetail=<null>,progress=<null>,id=<null>,from=<null>,time=<null>,errorDetail=<null>,error=<null>,aux=<null>]
13:46:57.975 [main] DEBUG üê≥ [quay.io/testcontainers/sshd@sha256:18aa92...] - Starting container: quay.io/testcontainers/sshd@sha256:18aa929c653284189fc9cefa45b731021857b6047a0a1757e909f958f258f088
13:46:57.975 [main] DEBUG üê≥ [quay.io/testcontainers/sshd@sha256:18aa92...] - Trying to start container: quay.io/testcontainers/sshd@sha256:18aa929c653284189fc9cefa45b731021857b6047a0a1757e909f958f258f088
13:46:57.976 [main] DEBUG üê≥ [quay.io/testcontainers/sshd@sha256:18aa92...] - Trying to start container: quay.io/testcontainers/sshd@sha256:18aa929c653284189fc9cefa45b731021857b6047a0a1757e909f958f258f088 (attempt 1/1)
13:46:57.978 [main] DEBUG üê≥ [quay.io/testcontainers/sshd@sha256:18aa92...] - Starting container: quay.io/testcontainers/sshd@sha256:18aa929c653284189fc9cefa45b731021857b6047a0a1757e909f958f258f088
13:46:57.980 [main] INFO üê≥ [quay.io/testcontainers/sshd@sha256:18aa92...] - Creating container for image: quay.io/testcontainers/sshd@sha256:18aa929c653284189fc9cefa45b731021857b6047a0a1757e909f958f258f088
13:46:57.982 [main] DEBUG org.testcontainers.utility.RegistryAuthLocator - Looking up auth config for image: quay.io/testcontainers/sshd@sha256:18aa929c653284189fc9cefa45b731021857b6047a0a1757e909f958f258f088
13:46:57.985 [main] DEBUG org.testcontainers.utility.RegistryAuthLocator - RegistryAuthLocator has configFile: /root/.docker/config.json (does not exist) and commandPathPrefix: 
13:46:57.988 [main] WARN org.testcontainers.utility.RegistryAuthLocator - Failure when attempting to lookup auth config (dockerImageName: quay.io/testcontainers/sshd@sha256:18aa929c653284189fc9cefa45b731021857b6047a0a1757e909f958f258f088, configFile: /root/.docker/config.json. Falling back to docker-java default behaviour. Exception message: /root/.docker/config.json (No such file or directory)
13:46:57.988 [main] DEBUG org.testcontainers.dockerclient.auth.AuthDelegatingDockerClientConfig - Effective auth config [null]
13:46:58.081 [main] DEBUG com.github.dockerjava.core.command.AbstrDockerCmd - Cmd: com.github.dockerjava.core.command.CreateContainerCmdImpl@27eedb64[name=<null>,hostName=<null>,domainName=<null>,user=<null>,attachStdin=<null>,attachStdout=<null>,attachStderr=<null>,portSpecs=<null>,tty=<null>,stdinOpen=<null>,stdInOnce=<null>,env={PASSWORD=cb587780-3375-4353-820d-633b3842d597},cmd={sh,-c,echo "root:$PASSWORD" | chpasswd && /usr/sbin/sshd -D -o PermitRootLogin=yes -o AddressFamily=inet -o GatewayPorts=yes},entrypoint=<null>,image=quay.io/testcontainers/sshd@sha256:18aa929c653284189fc9cefa45b731021857b6047a0a1757e909f958f258f088,volumes=com.github.dockerjava.api.model.Volumes@64c63c79,workingDir=<null>,macAddress=<null>,networkDisabled=<null>,exposedPorts=com.github.dockerjava.api.model.ExposedPorts@31c7528f,stopSignal=<null>,hostConfig=com.github.dockerjava.api.model.HostConfig@2b76ff4e[binds=com.github.dockerjava.api.model.Binds@7a1234bf,blkioWeight=<null>,blkioWeightDevice=<null>,blkioDeviceReadBps=<null>,blkioDeviceReadIOps=<null>,blkioDeviceWriteBps=<null>,blkioDeviceWriteIOps=<null>,memorySwappiness=<null>,capAdd=<null>,capDrop=<null>,containerIDFile=<null>,cpuPeriod=<null>,cpuShares=<null>,cpuQuota=<null>,cpusetCpus=<null>,cpusetMems=<null>,devices=<null>,diskQuota=<null>,dns=<null>,dnsSearch=<null>,extraHosts={},links=com.github.dockerjava.api.model.Links@2f62ea70,logConfig=<null>,lxcConf=<null>,memory=<null>,memorySwap=<null>,memoryReservation=<null>,kernelMemory=<null>,networkMode=<null>,oomKillDisable=<null>,autoRemove=<null>,oomScoreAdj=<null>,portBindings={},privileged=<null>,publishAllPorts=true,readonlyRootfs=<null>,restartPolicy=<null>,ulimits=<null>,volumesFrom={},pidMode=<null>,securityOpts=<null>,cgroupParent=<null>,volumeDriver=<null>,shmSize=<null>,pidsLimit=<null>,runtime=<null>,tmpFs=<null>],labels={org.testcontainers=true, org.testcontainers.sessionId=3708a75f-2347-4e50-af1a-f801abfb24ce},networkingConfig=<null>,ipv4Address=<null>,ipv6Address=<null>,aliases=<null>,authConfig=<null>,execution=com.github.dockerjava.core.exec.CreateContainerCmdExec@38aa816f]
13:46:58.222 [main] INFO üê≥ [quay.io/testcontainers/sshd@sha256:18aa92...] - Starting container with ID: 7c103e2f5a4ef185be9cd1610e3f7c74a24c1c8e09190cc25949d1ebc4fb95e5
13:46:58.259 [main] DEBUG com.github.dockerjava.core.command.AbstrDockerCmd - Cmd: 7c103e2f5a4ef185be9cd1610e3f7c74a24c1c8e09190cc25949d1ebc4fb95e5,com.github.dockerjava.core.exec.StartContainerCmdExec@3c7c886c
13:46:59.223 [main] INFO üê≥ [quay.io/testcontainers/sshd@sha256:18aa92...] - Container quay.io/testcontainers/sshd@sha256:18aa929c653284189fc9cefa45b731021857b6047a0a1757e909f958f258f088 is starting: 7c103e2f5a4ef185be9cd1610e3f7c74a24c1c8e09190cc25949d1ebc4fb95e5
13:46:59.231 [main] DEBUG com.github.dockerjava.core.command.AbstrDockerCmd - Cmd: 7c103e2f5a4ef185be9cd1610e3f7c74a24c1c8e09190cc25949d1ebc4fb95e5,false,com.github.dockerjava.core.exec.InspectContainerCmdExec@1a20270e
13:46:59.236 [main] DEBUG com.github.dockerjava.core.exec.InspectContainerCmdExec - GET: OkHttpWebTarget(okHttpClient=org.testcontainers.shaded.okhttp3.OkHttpClient@5b67bb7e, baseUrl=http://docker.socket/, path=[/containers/7c103e2f5a4ef185be9cd1610e3f7c74a24c1c8e09190cc25949d1ebc4fb95e5/json], queryParams={})
13:46:59.275 [ducttape-0] DEBUG com.github.dockerjava.core.command.AbstrDockerCmd - Cmd: 7c103e2f5a4ef185be9cd1610e3f7c74a24c1c8e09190cc25949d1ebc4fb95e5,false,com.github.dockerjava.core.exec.InspectContainerCmdExec@7726d993
13:46:59.275 [ducttape-0] DEBUG com.github.dockerjava.core.exec.InspectContainerCmdExec - GET: OkHttpWebTarget(okHttpClient=org.testcontainers.shaded.okhttp3.OkHttpClient@5b67bb7e, baseUrl=http://docker.socket/, path=[/containers/7c103e2f5a4ef185be9cd1610e3f7c74a24c1c8e09190cc25949d1ebc4fb95e5/json], queryParams={})
13:46:59.367 [ducttape-0] DEBUG org.testcontainers.containers.ExecInContainerPattern - /thirsty_ganguly: Running "exec" command: /bin/sh -c cat /proc/net/tcp{,6} | awk '{print $2}' | grep -i :16 && echo TESTCONTAINERS_SUCCESS
13:46:59.367 [ducttape-0] DEBUG com.github.dockerjava.core.command.AbstrDockerCmd - Cmd: 7c103e2f5a4ef185be9cd1610e3f7c74a24c1c8e09190cc25949d1ebc4fb95e5,<null>,true,true,<null>,<null>,<null>,{/bin/sh,-c,cat /proc/net/tcp{,6} | awk '{print $2}' | grep -i :16 && echo TESTCONTAINERS_SUCCESS},com.github.dockerjava.core.exec.ExecCreateCmdExec@6b5197c1
13:46:59.770 [ducttape-0] DEBUG org.testcontainers.containers.ExecInContainerPattern - /thirsty_ganguly: Running "exec" command: /bin/sh -c nc -vz -w 1 localhost 22 && echo TESTCONTAINERS_SUCCESS
13:46:59.770 [ducttape-0] DEBUG com.github.dockerjava.core.command.AbstrDockerCmd - Cmd: 7c103e2f5a4ef185be9cd1610e3f7c74a24c1c8e09190cc25949d1ebc4fb95e5,<null>,true,true,<null>,<null>,<null>,{/bin/sh,-c,nc -vz -w 1 localhost 22 && echo TESTCONTAINERS_SUCCESS},com.github.dockerjava.core.exec.ExecCreateCmdExec@475d74dc
13:47:00.289 [main] INFO üê≥ [quay.io/testcontainers/sshd@sha256:18aa92...] - Container quay.io/testcontainers/sshd@sha256:18aa929c653284189fc9cefa45b731021857b6047a0a1757e909f958f258f088 started
13:47:01.462 [main] INFO org.testcontainers.containers.SeleniumUtils - Selenium API version 3.14.0 detected on classpath
13:47:01.568 [main] DEBUG üê≥ [selenium/standalone-chrome-debug:3.14.0] - Starting container: selenium/standalone-chrome-debug:3.14.0
13:47:01.582 [main] DEBUG üê≥ [selenium/standalone-chrome-debug:3.14.0] - Trying to start container: selenium/standalone-chrome-debug:3.14.0
13:47:01.583 [main] DEBUG üê≥ [selenium/standalone-chrome-debug:3.14.0] - Trying to start container: selenium/standalone-chrome-debug:3.14.0 (attempt 1/3)
13:47:01.599 [main] DEBUG üê≥ [selenium/standalone-chrome-debug:3.14.0] - Starting container: selenium/standalone-chrome-debug:3.14.0
13:47:01.600 [main] INFO üê≥ [selenium/standalone-chrome-debug:3.14.0] - Creating container for image: selenium/standalone-chrome-debug:3.14.0
13:47:01.601 [main] DEBUG org.testcontainers.utility.RegistryAuthLocator - Looking up auth config for image: selenium/standalone-chrome-debug:3.14.0
13:47:01.603 [main] DEBUG org.testcontainers.utility.RegistryAuthLocator - RegistryAuthLocator has configFile: /root/.docker/config.json (does not exist) and commandPathPrefix: 
13:47:01.609 [main] WARN org.testcontainers.utility.RegistryAuthLocator - Failure when attempting to lookup auth config (dockerImageName: selenium/standalone-chrome-debug:3.14.0, configFile: /root/.docker/config.json. Falling back to docker-java default behaviour. Exception message: /root/.docker/config.json (No such file or directory)
13:47:01.617 [main] DEBUG org.testcontainers.dockerclient.auth.AuthDelegatingDockerClientConfig - Effective auth config [null]
13:47:01.658 [main] DEBUG com.github.dockerjava.core.command.AbstrDockerCmd - Cmd: bc25cda7-cbd5-4645-93c0-8c3ff42e3464,<null>,<null>,{},true,<null>,false,<null>,{org.testcontainers=true, org.testcontainers.sessionId=3708a75f-2347-4e50-af1a-f801abfb24ce},com.github.dockerjava.core.exec.CreateNetworkCmdExec@6cfcd46d
13:47:02.070 [main] DEBUG com.github.dockerjava.core.command.AbstrDockerCmd - Cmd: com.github.dockerjava.core.command.CreateContainerCmdImpl@674658f7[name=<null>,hostName=<null>,domainName=<null>,user=<null>,attachStdin=<null>,attachStdout=<null>,attachStderr=<null>,portSpecs=<null>,tty=<null>,stdinOpen=<null>,stdInOnce=<null>,env={no_proxy=localhost,TZ=Etc/UTC},cmd={/opt/bin/entry_point.sh},entrypoint=<null>,image=selenium/standalone-chrome-debug:3.14.0,volumes=com.github.dockerjava.api.model.Volumes@5c8eee0f,workingDir=<null>,macAddress=<null>,networkDisabled=<null>,exposedPorts=com.github.dockerjava.api.model.ExposedPorts@565b064f,stopSignal=<null>,hostConfig=com.github.dockerjava.api.model.HostConfig@26425897[binds=com.github.dockerjava.api.model.Binds@73163d48,blkioWeight=<null>,blkioWeightDevice=<null>,blkioDeviceReadBps=<null>,blkioDeviceReadIOps=<null>,blkioDeviceWriteBps=<null>,blkioDeviceWriteIOps=<null>,memorySwappiness=<null>,capAdd=<null>,capDrop=<null>,containerIDFile=<null>,cpuPeriod=<null>,cpuShares=<null>,cpuQuota=<null>,cpusetCpus=<null>,cpusetMems=<null>,devices=<null>,diskQuota=<null>,dns=<null>,dnsSearch=<null>,extraHosts={host.testcontainers.internal:172.17.0.6},links=com.github.dockerjava.api.model.Links@58c34bb3,logConfig=<null>,lxcConf=<null>,memory=<null>,memorySwap=<null>,memoryReservation=<null>,kernelMemory=<null>,networkMode=b5c27d62b1b0bf7af3928b21140710027a714984f6e82c258fa06071b7c06aeb,oomKillDisable=<null>,autoRemove=<null>,oomScoreAdj=<null>,portBindings={},privileged=<null>,publishAllPorts=true,readonlyRootfs=<null>,restartPolicy=<null>,ulimits=<null>,volumesFrom={},pidMode=<null>,securityOpts=<null>,cgroupParent=<null>,volumeDriver=<null>,shmSize=<null>,pidsLimit=<null>,runtime=<null>,tmpFs=<null>],labels={org.testcontainers=true, org.testcontainers.sessionId=3708a75f-2347-4e50-af1a-f801abfb24ce},networkingConfig=com.github.dockerjava.core.command.CreateContainerCmdImpl$NetworkingConfig@62163b39,ipv4Address=<null>,ipv6Address=<null>,aliases=[tc-BFDdBVU8],authConfig=<null>,execution=com.github.dockerjava.core.exec.CreateContainerCmdExec@20a8a64e]
13:47:02.312 [main] DEBUG com.github.dockerjava.core.command.AbstrDockerCmd - Cmd: 4301942f6ff1b00463835226d0c9fe938040d860b9714cd7360f660fa0fba988,57868fd33a3188f615e639f4c100e1ff3ba63a9f2985b84d9307d8fbcf2d3880,<null>,com.github.dockerjava.core.exec.ConnectToNetworkCmdExec@f667fe
13:47:02.336 [main] INFO üê≥ [selenium/standalone-chrome-debug:3.14.0] - Starting container with ID: 57868fd33a3188f615e639f4c100e1ff3ba63a9f2985b84d9307d8fbcf2d3880
13:47:02.337 [main] DEBUG com.github.dockerjava.core.command.AbstrDockerCmd - Cmd: 57868fd33a3188f615e639f4c100e1ff3ba63a9f2985b84d9307d8fbcf2d3880,com.github.dockerjava.core.exec.StartContainerCmdExec@788fcafb
13:47:03.921 [main] INFO üê≥ [selenium/standalone-chrome-debug:3.14.0] - Container selenium/standalone-chrome-debug:3.14.0 is starting: 57868fd33a3188f615e639f4c100e1ff3ba63a9f2985b84d9307d8fbcf2d3880
13:47:03.921 [main] DEBUG com.github.dockerjava.core.command.AbstrDockerCmd - Cmd: 57868fd33a3188f615e639f4c100e1ff3ba63a9f2985b84d9307d8fbcf2d3880,false,com.github.dockerjava.core.exec.InspectContainerCmdExec@4febb875
13:47:03.921 [main] DEBUG com.github.dockerjava.core.exec.InspectContainerCmdExec - GET: OkHttpWebTarget(okHttpClient=org.testcontainers.shaded.okhttp3.OkHttpClient@5b67bb7e, baseUrl=http://docker.socket/, path=[/containers/57868fd33a3188f615e639f4c100e1ff3ba63a9f2985b84d9307d8fbcf2d3880/json], queryParams={})
13:47:04.035 [ducttape-0] DEBUG com.github.dockerjava.core.command.AbstrDockerCmd - Cmd: 57868fd33a3188f615e639f4c100e1ff3ba63a9f2985b84d9307d8fbcf2d3880,false,com.github.dockerjava.core.exec.InspectContainerCmdExec@4ce48fa3
13:47:04.035 [ducttape-0] DEBUG com.github.dockerjava.core.exec.InspectContainerCmdExec - GET: OkHttpWebTarget(okHttpClient=org.testcontainers.shaded.okhttp3.OkHttpClient@5b67bb7e, baseUrl=http://docker.socket/, path=[/containers/57868fd33a3188f615e639f4c100e1ff3ba63a9f2985b84d9307d8fbcf2d3880/json], queryParams={})
13:47:04.045 [main] INFO üê≥ [selenium/standalone-chrome-debug:3.14.0] - Container selenium/standalone-chrome-debug:3.14.0 started
13:47:14.097 [main] DEBUG org.testcontainers.containers.BrowserWebDriverContainer - Starting VNC recording
13:47:14.114 [main] DEBUG üê≥ [quay.io/testcontainers/vnc-recorder:1.1.0] - Starting container: quay.io/testcontainers/vnc-recorder:1.1.0
13:47:14.115 [main] DEBUG üê≥ [quay.io/testcontainers/vnc-recorder:1.1.0] - Trying to start container: quay.io/testcontainers/vnc-recorder:1.1.0
13:47:14.120 [main] DEBUG üê≥ [quay.io/testcontainers/vnc-recorder:1.1.0] - Trying to start container: quay.io/testcontainers/vnc-recorder:1.1.0 (attempt 1/1)
13:47:14.129 [main] DEBUG üê≥ [quay.io/testcontainers/vnc-recorder:1.1.0] - Starting container: quay.io/testcontainers/vnc-recorder:1.1.0
13:47:14.133 [main] INFO üê≥ [quay.io/testcontainers/vnc-recorder:1.1.0] - Creating container for image: quay.io/testcontainers/vnc-recorder:1.1.0
13:47:14.136 [main] DEBUG org.testcontainers.utility.RegistryAuthLocator - Looking up auth config for image: quay.io/testcontainers/vnc-recorder:1.1.0
13:47:14.137 [main] DEBUG org.testcontainers.utility.RegistryAuthLocator - RegistryAuthLocator has configFile: /root/.docker/config.json (does not exist) and commandPathPrefix: 
13:47:14.139 [main] WARN org.testcontainers.utility.RegistryAuthLocator - Failure when attempting to lookup auth config (dockerImageName: quay.io/testcontainers/vnc-recorder:1.1.0, configFile: /root/.docker/config.json. Falling back to docker-java default behaviour. Exception message: /root/.docker/config.json (No such file or directory)
13:47:14.142 [main] DEBUG org.testcontainers.dockerclient.auth.AuthDelegatingDockerClientConfig - Effective auth config [null]
13:47:14.147 [main] DEBUG com.github.dockerjava.core.command.AbstrDockerCmd - Cmd: com.github.dockerjava.core.command.CreateContainerCmdImpl@2bb7bd00[name=<null>,hostName=<null>,domainName=<null>,user=<null>,attachStdin=<null>,attachStdout=<null>,attachStderr=<null>,portSpecs=<null>,tty=<null>,stdinOpen=<null>,stdInOnce=<null>,env={},cmd={-c,echo 'c2VjcmV0' | base64 -d > /vnc_password && flvrec.py -o /screen.flv -d -r 30 -P /vnc_password tc-BFDdBVU8 5900},entrypoint={/bin/sh},image=quay.io/testcontainers/vnc-recorder:1.1.0,volumes=com.github.dockerjava.api.model.Volumes@5f031ebd,workingDir=<null>,macAddress=<null>,networkDisabled=<null>,exposedPorts=com.github.dockerjava.api.model.ExposedPorts@4ee37ca3,stopSignal=<null>,hostConfig=com.github.dockerjava.api.model.HostConfig@45c8d09f[binds=com.github.dockerjava.api.model.Binds@53812a9b,blkioWeight=<null>,blkioWeightDevice=<null>,blkioDeviceReadBps=<null>,blkioDeviceReadIOps=<null>,blkioDeviceWriteBps=<null>,blkioDeviceWriteIOps=<null>,memorySwappiness=<null>,capAdd=<null>,capDrop=<null>,containerIDFile=<null>,cpuPeriod=<null>,cpuShares=<null>,cpuQuota=<null>,cpusetCpus=<null>,cpusetMems=<null>,devices=<null>,diskQuota=<null>,dns=<null>,dnsSearch=<null>,extraHosts={host.testcontainers.internal:172.17.0.6},links=com.github.dockerjava.api.model.Links@14b030a0,logConfig=<null>,lxcConf=<null>,memory=<null>,memorySwap=<null>,memoryReservation=<null>,kernelMemory=<null>,networkMode=b5c27d62b1b0bf7af3928b21140710027a714984f6e82c258fa06071b7c06aeb,oomKillDisable=<null>,autoRemove=<null>,oomScoreAdj=<null>,portBindings={},privileged=<null>,publishAllPorts=true,readonlyRootfs=<null>,restartPolicy=<null>,ulimits=<null>,volumesFrom={},pidMode=<null>,securityOpts=<null>,cgroupParent=<null>,volumeDriver=<null>,shmSize=<null>,pidsLimit=<null>,runtime=<null>,tmpFs=<null>],labels={org.testcontainers=true, org.testcontainers.sessionId=3708a75f-2347-4e50-af1a-f801abfb24ce},networkingConfig=com.github.dockerjava.core.command.CreateContainerCmdImpl$NetworkingConfig@422c3c7a,ipv4Address=<null>,ipv6Address=<null>,aliases=[tc-RTWgSYwt],authConfig=<null>,execution=com.github.dockerjava.core.exec.CreateContainerCmdExec@18230356]
13:47:14.345 [main] DEBUG com.github.dockerjava.core.command.AbstrDockerCmd - Cmd: 4301942f6ff1b00463835226d0c9fe938040d860b9714cd7360f660fa0fba988,62451000ebf3022446234f6d0b8b8ea4d8861feb5e17e3539bfb11cd3c8f61ac,<null>,com.github.dockerjava.core.exec.ConnectToNetworkCmdExec@531c311e
13:47:14.359 [main] INFO üê≥ [quay.io/testcontainers/vnc-recorder:1.1.0] - Starting container with ID: 62451000ebf3022446234f6d0b8b8ea4d8861feb5e17e3539bfb11cd3c8f61ac
13:47:14.360 [main] DEBUG com.github.dockerjava.core.command.AbstrDockerCmd - Cmd: 62451000ebf3022446234f6d0b8b8ea4d8861feb5e17e3539bfb11cd3c8f61ac,com.github.dockerjava.core.exec.StartContainerCmdExec@22b53226
13:47:16.036 [main] INFO üê≥ [quay.io/testcontainers/vnc-recorder:1.1.0] - Container quay.io/testcontainers/vnc-recorder:1.1.0 is starting: 62451000ebf3022446234f6d0b8b8ea4d8861feb5e17e3539bfb11cd3c8f61ac
13:47:16.036 [main] DEBUG com.github.dockerjava.core.command.AbstrDockerCmd - Cmd: 62451000ebf3022446234f6d0b8b8ea4d8861feb5e17e3539bfb11cd3c8f61ac,false,com.github.dockerjava.core.exec.InspectContainerCmdExec@1fcb4808
13:47:16.037 [main] DEBUG com.github.dockerjava.core.exec.InspectContainerCmdExec - GET: OkHttpWebTarget(okHttpClient=org.testcontainers.shaded.okhttp3.OkHttpClient@5b67bb7e, baseUrl=http://docker.socket/, path=[/containers/62451000ebf3022446234f6d0b8b8ea4d8861feb5e17e3539bfb11cd3c8f61ac/json], queryParams={})
13:47:16.062 [ducttape-0] DEBUG com.github.dockerjava.core.command.AbstrDockerCmd - Cmd: 62451000ebf3022446234f6d0b8b8ea4d8861feb5e17e3539bfb11cd3c8f61ac,false,com.github.dockerjava.core.exec.InspectContainerCmdExec@21b42da7
13:47:16.062 [ducttape-0] DEBUG com.github.dockerjava.core.exec.InspectContainerCmdExec - GET: OkHttpWebTarget(okHttpClient=org.testcontainers.shaded.okhttp3.OkHttpClient@5b67bb7e, baseUrl=http://docker.socket/, path=[/containers/62451000ebf3022446234f6d0b8b8ea4d8861feb5e17e3539bfb11cd3c8f61ac/json], queryParams={})
13:47:16.246 [main] INFO üê≥ [quay.io/testcontainers/vnc-recorder:1.1.0] - Container quay.io/testcontainers/vnc-recorder:1.1.0 started
13:47:16.325 [main] INFO org.testcontainers.containers.SeleniumUtils - Selenium API version 3.14.0 detected on classpath
13:47:16.411 [main] DEBUG üê≥ [selenium/standalone-chrome-debug:3.14.0] - Starting container: selenium/standalone-chrome-debug:3.14.0
13:47:16.419 [main] DEBUG üê≥ [selenium/standalone-chrome-debug:3.14.0] - Trying to start container: selenium/standalone-chrome-debug:3.14.0
13:47:16.422 [main] DEBUG üê≥ [selenium/standalone-chrome-debug:3.14.0] - Trying to start container: selenium/standalone-chrome-debug:3.14.0 (attempt 1/3)
13:47:16.441 [main] DEBUG üê≥ [selenium/standalone-chrome-debug:3.14.0] - Starting container: selenium/standalone-chrome-debug:3.14.0
13:47:16.445 [main] INFO üê≥ [selenium/standalone-chrome-debug:3.14.0] - Creating container for image: selenium/standalone-chrome-debug:3.14.0
13:47:16.451 [main] DEBUG org.testcontainers.utility.RegistryAuthLocator - Looking up auth config for image: selenium/standalone-chrome-debug:3.14.0
13:47:16.466 [main] DEBUG org.testcontainers.utility.RegistryAuthLocator - RegistryAuthLocator has configFile: /root/.docker/config.json (does not exist) and commandPathPrefix: 
13:47:16.472 [main] WARN org.testcontainers.utility.RegistryAuthLocator - Failure when attempting to lookup auth config (dockerImageName: selenium/standalone-chrome-debug:3.14.0, configFile: /root/.docker/config.json. Falling back to docker-java default behaviour. Exception message: /root/.docker/config.json (No such file or directory)
13:47:16.475 [main] DEBUG org.testcontainers.dockerclient.auth.AuthDelegatingDockerClientConfig - Effective auth config [null]
13:47:16.481 [main] DEBUG com.github.dockerjava.core.command.AbstrDockerCmd - Cmd: com.github.dockerjava.core.command.CreateContainerCmdImpl@73ff4fae[name=<null>,hostName=<null>,domainName=<null>,user=<null>,attachStdin=<null>,attachStdout=<null>,attachStderr=<null>,portSpecs=<null>,tty=<null>,stdinOpen=<null>,stdInOnce=<null>,env={no_proxy=localhost,TZ=Etc/UTC},cmd={/opt/bin/entry_point.sh},entrypoint=<null>,image=selenium/standalone-chrome-debug:3.14.0,volumes=com.github.dockerjava.api.model.Volumes@21aa6d6c,workingDir=<null>,macAddress=<null>,networkDisabled=<null>,exposedPorts=com.github.dockerjava.api.model.ExposedPorts@b968a76,stopSignal=<null>,hostConfig=com.github.dockerjava.api.model.HostConfig@2f9a01c1[binds=com.github.dockerjava.api.model.Binds@2611b9a3,blkioWeight=<null>,blkioWeightDevice=<null>,blkioDeviceReadBps=<null>,blkioDeviceReadIOps=<null>,blkioDeviceWriteBps=<null>,blkioDeviceWriteIOps=<null>,memorySwappiness=<null>,capAdd=<null>,capDrop=<null>,containerIDFile=<null>,cpuPeriod=<null>,cpuShares=<null>,cpuQuota=<null>,cpusetCpus=<null>,cpusetMems=<null>,devices=<null>,diskQuota=<null>,dns=<null>,dnsSearch=<null>,extraHosts={host.testcontainers.internal:172.17.0.6},links=com.github.dockerjava.api.model.Links@54227100,logConfig=<null>,lxcConf=<null>,memory=<null>,memorySwap=<null>,memoryReservation=<null>,kernelMemory=<null>,networkMode=b5c27d62b1b0bf7af3928b21140710027a714984f6e82c258fa06071b7c06aeb,oomKillDisable=<null>,autoRemove=<null>,oomScoreAdj=<null>,portBindings={},privileged=<null>,publishAllPorts=true,readonlyRootfs=<null>,restartPolicy=<null>,ulimits=<null>,volumesFrom={},pidMode=<null>,securityOpts=<null>,cgroupParent=<null>,volumeDriver=<null>,shmSize=<null>,pidsLimit=<null>,runtime=<null>,tmpFs=<null>],labels={org.testcontainers=true, org.testcontainers.sessionId=3708a75f-2347-4e50-af1a-f801abfb24ce},networkingConfig=com.github.dockerjava.core.command.CreateContainerCmdImpl$NetworkingConfig@1433046b,ipv4Address=<null>,ipv6Address=<null>,aliases=[tc-f8dSMqrU],authConfig=<null>,execution=com.github.dockerjava.core.exec.CreateContainerCmdExec@3f446bef]
13:47:16.667 [main] DEBUG com.github.dockerjava.core.command.AbstrDockerCmd - Cmd: 4301942f6ff1b00463835226d0c9fe938040d860b9714cd7360f660fa0fba988,ea06b9ab9806818590d239b04decad4740837cd552daab0ac733bace8f77b7cf,<null>,com.github.dockerjava.core.exec.ConnectToNetworkCmdExec@72445aba
13:47:16.685 [main] INFO üê≥ [selenium/standalone-chrome-debug:3.14.0] - Starting container with ID: ea06b9ab9806818590d239b04decad4740837cd552daab0ac733bace8f77b7cf
13:47:16.686 [main] DEBUG com.github.dockerjava.core.command.AbstrDockerCmd - Cmd: ea06b9ab9806818590d239b04decad4740837cd552daab0ac733bace8f77b7cf,com.github.dockerjava.core.exec.StartContainerCmdExec@61bcd567
13:47:18.725 [main] INFO üê≥ [selenium/standalone-chrome-debug:3.14.0] - Container selenium/standalone-chrome-debug:3.14.0 is starting: ea06b9ab9806818590d239b04decad4740837cd552daab0ac733bace8f77b7cf
13:47:18.727 [main] DEBUG com.github.dockerjava.core.command.AbstrDockerCmd - Cmd: ea06b9ab9806818590d239b04decad4740837cd552daab0ac733bace8f77b7cf,false,com.github.dockerjava.core.exec.InspectContainerCmdExec@1c80e49b
13:47:18.727 [main] DEBUG com.github.dockerjava.core.exec.InspectContainerCmdExec - GET: OkHttpWebTarget(okHttpClient=org.testcontainers.shaded.okhttp3.OkHttpClient@5b67bb7e, baseUrl=http://docker.socket/, path=[/containers/ea06b9ab9806818590d239b04decad4740837cd552daab0ac733bace8f77b7cf/json], queryParams={})
13:47:18.764 [ducttape-0] DEBUG com.github.dockerjava.core.command.AbstrDockerCmd - Cmd: ea06b9ab9806818590d239b04decad4740837cd552daab0ac733bace8f77b7cf,false,com.github.dockerjava.core.exec.InspectContainerCmdExec@1320acbc
13:47:18.764 [ducttape-0] DEBUG com.github.dockerjava.core.exec.InspectContainerCmdExec - GET: OkHttpWebTarget(okHttpClient=org.testcontainers.shaded.okhttp3.OkHttpClient@5b67bb7e, baseUrl=http://docker.socket/, path=[/containers/ea06b9ab9806818590d239b04decad4740837cd552daab0ac733bace8f77b7cf/json], queryParams={})
13:47:18.809 [main] INFO üê≥ [selenium/standalone-chrome-debug:3.14.0] - Container selenium/standalone-chrome-debug:3.14.0 started
13:47:28.850 [main] DEBUG org.testcontainers.containers.BrowserWebDriverContainer - Starting VNC recording
13:47:28.851 [main] DEBUG üê≥ [quay.io/testcontainers/vnc-recorder:1.1.0] - Starting container: quay.io/testcontainers/vnc-recorder:1.1.0
13:47:28.851 [main] DEBUG üê≥ [quay.io/testcontainers/vnc-recorder:1.1.0] - Trying to start container: quay.io/testcontainers/vnc-recorder:1.1.0
13:47:28.851 [main] DEBUG üê≥ [quay.io/testcontainers/vnc-recorder:1.1.0] - Trying to start container: quay.io/testcontainers/vnc-recorder:1.1.0 (attempt 1/1)
13:47:28.851 [main] DEBUG üê≥ [quay.io/testcontainers/vnc-recorder:1.1.0] - Starting container: quay.io/testcontainers/vnc-recorder:1.1.0
13:47:28.851 [main] INFO üê≥ [quay.io/testcontainers/vnc-recorder:1.1.0] - Creating container for image: quay.io/testcontainers/vnc-recorder:1.1.0
13:47:28.862 [main] DEBUG org.testcontainers.utility.RegistryAuthLocator - Looking up auth config for image: quay.io/testcontainers/vnc-recorder:1.1.0
13:47:28.863 [main] DEBUG org.testcontainers.utility.RegistryAuthLocator - RegistryAuthLocator has configFile: /root/.docker/config.json (does not exist) and commandPathPrefix: 
13:47:28.871 [main] WARN org.testcontainers.utility.RegistryAuthLocator - Failure when attempting to lookup auth config (dockerImageName: quay.io/testcontainers/vnc-recorder:1.1.0, configFile: /root/.docker/config.json. Falling back to docker-java default behaviour. Exception message: /root/.docker/config.json (No such file or directory)
13:47:28.872 [main] DEBUG org.testcontainers.dockerclient.auth.AuthDelegatingDockerClientConfig - Effective auth config [null]
13:47:28.872 [main] DEBUG com.github.dockerjava.core.command.AbstrDockerCmd - Cmd: com.github.dockerjava.core.command.CreateContainerCmdImpl@458342d3[name=<null>,hostName=<null>,domainName=<null>,user=<null>,attachStdin=<null>,attachStdout=<null>,attachStderr=<null>,portSpecs=<null>,tty=<null>,stdinOpen=<null>,stdInOnce=<null>,env={},cmd={-c,echo 'c2VjcmV0' | base64 -d > /vnc_password && flvrec.py -o /screen.flv -d -r 30 -P /vnc_password tc-f8dSMqrU 5900},entrypoint={/bin/sh},image=quay.io/testcontainers/vnc-recorder:1.1.0,volumes=com.github.dockerjava.api.model.Volumes@15c25153,workingDir=<null>,macAddress=<null>,networkDisabled=<null>,exposedPorts=com.github.dockerjava.api.model.ExposedPorts@1252b961,stopSignal=<null>,hostConfig=com.github.dockerjava.api.model.HostConfig@9ed238c[binds=com.github.dockerjava.api.model.Binds@56276db8,blkioWeight=<null>,blkioWeightDevice=<null>,blkioDeviceReadBps=<null>,blkioDeviceReadIOps=<null>,blkioDeviceWriteBps=<null>,blkioDeviceWriteIOps=<null>,memorySwappiness=<null>,capAdd=<null>,capDrop=<null>,containerIDFile=<null>,cpuPeriod=<null>,cpuShares=<null>,cpuQuota=<null>,cpusetCpus=<null>,cpusetMems=<null>,devices=<null>,diskQuota=<null>,dns=<null>,dnsSearch=<null>,extraHosts={host.testcontainers.internal:172.17.0.6},links=com.github.dockerjava.api.model.Links@51e8e6e6,logConfig=<null>,lxcConf=<null>,memory=<null>,memorySwap=<null>,memoryReservation=<null>,kernelMemory=<null>,networkMode=b5c27d62b1b0bf7af3928b21140710027a714984f6e82c258fa06071b7c06aeb,oomKillDisable=<null>,autoRemove=<null>,oomScoreAdj=<null>,portBindings={},privileged=<null>,publishAllPorts=true,readonlyRootfs=<null>,restartPolicy=<null>,ulimits=<null>,volumesFrom={},pidMode=<null>,securityOpts=<null>,cgroupParent=<null>,volumeDriver=<null>,shmSize=<null>,pidsLimit=<null>,runtime=<null>,tmpFs=<null>],labels={org.testcontainers=true, org.testcontainers.sessionId=3708a75f-2347-4e50-af1a-f801abfb24ce},networkingConfig=com.github.dockerjava.core.command.CreateContainerCmdImpl$NetworkingConfig@36676c1a,ipv4Address=<null>,ipv6Address=<null>,aliases=[tc-FVGx18m9],authConfig=<null>,execution=com.github.dockerjava.core.exec.CreateContainerCmdExec@5b408dc3]
13:47:29.081 [main] DEBUG com.github.dockerjava.core.command.AbstrDockerCmd - Cmd: 4301942f6ff1b00463835226d0c9fe938040d860b9714cd7360f660fa0fba988,c356d24c0783453e6e3a6ed4c6c54bb1d485f4d1d1f6024dc7664dcdf2e1846f,<null>,com.github.dockerjava.core.exec.ConnectToNetworkCmdExec@293d0107
13:47:29.121 [main] INFO üê≥ [quay.io/testcontainers/vnc-recorder:1.1.0] - Starting container with ID: c356d24c0783453e6e3a6ed4c6c54bb1d485f4d1d1f6024dc7664dcdf2e1846f
13:47:29.122 [main] DEBUG com.github.dockerjava.core.command.AbstrDockerCmd - Cmd: c356d24c0783453e6e3a6ed4c6c54bb1d485f4d1d1f6024dc7664dcdf2e1846f,com.github.dockerjava.core.exec.StartContainerCmdExec@2692b61e
13:47:31.151 [main] INFO üê≥ [quay.io/testcontainers/vnc-recorder:1.1.0] - Container quay.io/testcontainers/vnc-recorder:1.1.0 is starting: c356d24c0783453e6e3a6ed4c6c54bb1d485f4d1d1f6024dc7664dcdf2e1846f
13:47:31.151 [main] DEBUG com.github.dockerjava.core.command.AbstrDockerCmd - Cmd: c356d24c0783453e6e3a6ed4c6c54bb1d485f4d1d1f6024dc7664dcdf2e1846f,false,com.github.dockerjava.core.exec.InspectContainerCmdExec@7b64240d
13:47:31.151 [main] DEBUG com.github.dockerjava.core.exec.InspectContainerCmdExec - GET: OkHttpWebTarget(okHttpClient=org.testcontainers.shaded.okhttp3.OkHttpClient@5b67bb7e, baseUrl=http://docker.socket/, path=[/containers/c356d24c0783453e6e3a6ed4c6c54bb1d485f4d1d1f6024dc7664dcdf2e1846f/json], queryParams={})
13:47:31.182 [ducttape-0] DEBUG com.github.dockerjava.core.command.AbstrDockerCmd - Cmd: c356d24c0783453e6e3a6ed4c6c54bb1d485f4d1d1f6024dc7664dcdf2e1846f,false,com.github.dockerjava.core.exec.InspectContainerCmdExec@298553ca
13:47:31.183 [ducttape-0] DEBUG com.github.dockerjava.core.exec.InspectContainerCmdExec - GET: OkHttpWebTarget(okHttpClient=org.testcontainers.shaded.okhttp3.OkHttpClient@5b67bb7e, baseUrl=http://docker.socket/, path=[/containers/c356d24c0783453e6e3a6ed4c6c54bb1d485f4d1d1f6024dc7664dcdf2e1846f/json], queryParams={})
13:47:31.343 [main] INFO üê≥ [quay.io/testcontainers/vnc-recorder:1.1.0] - Container quay.io/testcontainers/vnc-recorder:1.1.0 started
13:48:00.114 [main] INFO org.testcontainers.containers.BrowserWebDriverContainer - Screen recordings for test es.codeurjc.ais.tictactoe.WebAppContainerDockerTest-test[0: J2 wins! J1 looses.] will be stored at: target/FAILED-es.codeurjc.ais.tictactoe.WebAppContainerDockerTest-test[0: J2 wins! J1 looses.]-20190530-134800.flv
13:48:00.210 [main] DEBUG com.github.dockerjava.core.command.AbstrDockerCmd - Cmd: c356d24c0783453e6e3a6ed4c6c54bb1d485f4d1d1f6024dc7664dcdf2e1846f,.,/screen.flv,com.github.dockerjava.core.exec.CopyArchiveFromContainerCmdExec@2484f433
13:48:01.286 [main] DEBUG com.github.dockerjava.core.command.AbstrDockerCmd - Cmd: c356d24c0783453e6e3a6ed4c6c54bb1d485f4d1d1f6024dc7664dcdf2e1846f,false,com.github.dockerjava.core.exec.InspectContainerCmdExec@32cb636e
13:48:01.298 [main] DEBUG com.github.dockerjava.core.exec.InspectContainerCmdExec - GET: OkHttpWebTarget(okHttpClient=org.testcontainers.shaded.okhttp3.OkHttpClient@5b67bb7e, baseUrl=http://docker.socket/, path=[/containers/c356d24c0783453e6e3a6ed4c6c54bb1d485f4d1d1f6024dc7664dcdf2e1846f/json], queryParams={})
13:48:01.440 [main] DEBUG com.github.dockerjava.core.command.AbstrDockerCmd - Cmd: c356d24c0783453e6e3a6ed4c6c54bb1d485f4d1d1f6024dc7664dcdf2e1846f,<null>,com.github.dockerjava.core.exec.KillContainerCmdExec@6d8792db
13:48:02.435 [main] DEBUG com.github.dockerjava.core.command.AbstrDockerCmd - Cmd: c356d24c0783453e6e3a6ed4c6c54bb1d485f4d1d1f6024dc7664dcdf2e1846f,false,com.github.dockerjava.core.exec.InspectContainerCmdExec@64bc21ac
13:48:02.436 [main] DEBUG com.github.dockerjava.core.exec.InspectContainerCmdExec - GET: OkHttpWebTarget(okHttpClient=org.testcontainers.shaded.okhttp3.OkHttpClient@5b67bb7e, baseUrl=http://docker.socket/, path=[/containers/c356d24c0783453e6e3a6ed4c6c54bb1d485f4d1d1f6024dc7664dcdf2e1846f/json], queryParams={})
13:48:02.458 [main] DEBUG com.github.dockerjava.core.command.AbstrDockerCmd - Cmd: c356d24c0783453e6e3a6ed4c6c54bb1d485f4d1d1f6024dc7664dcdf2e1846f,true,true,com.github.dockerjava.core.exec.RemoveContainerCmdExec@493dfb8e
13:48:02.538 [main] DEBUG org.testcontainers.utility.ResourceReaper - Removed container and associated volume(s): quay.io/testcontainers/vnc-recorder:1.1.0
13:48:02.538 [main] DEBUG com.github.dockerjava.core.command.AbstrDockerCmd - Cmd: ea06b9ab9806818590d239b04decad4740837cd552daab0ac733bace8f77b7cf,false,com.github.dockerjava.core.exec.InspectContainerCmdExec@5d25e6bb
13:48:02.538 [main] DEBUG com.github.dockerjava.core.exec.InspectContainerCmdExec - GET: OkHttpWebTarget(okHttpClient=org.testcontainers.shaded.okhttp3.OkHttpClient@5b67bb7e, baseUrl=http://docker.socket/, path=[/containers/ea06b9ab9806818590d239b04decad4740837cd552daab0ac733bace8f77b7cf/json], queryParams={})
13:48:02.602 [main] DEBUG com.github.dockerjava.core.command.AbstrDockerCmd - Cmd: ea06b9ab9806818590d239b04decad4740837cd552daab0ac733bace8f77b7cf,<null>,com.github.dockerjava.core.exec.KillContainerCmdExec@ce5a68e
13:48:04.840 [main] DEBUG com.github.dockerjava.core.command.AbstrDockerCmd - Cmd: ea06b9ab9806818590d239b04decad4740837cd552daab0ac733bace8f77b7cf,false,com.github.dockerjava.core.exec.InspectContainerCmdExec@9d157ff
13:48:04.840 [main] DEBUG com.github.dockerjava.core.exec.InspectContainerCmdExec - GET: OkHttpWebTarget(okHttpClient=org.testcontainers.shaded.okhttp3.OkHttpClient@5b67bb7e, baseUrl=http://docker.socket/, path=[/containers/ea06b9ab9806818590d239b04decad4740837cd552daab0ac733bace8f77b7cf/json], queryParams={})
13:48:04.846 [main] DEBUG com.github.dockerjava.core.command.AbstrDockerCmd - Cmd: ea06b9ab9806818590d239b04decad4740837cd552daab0ac733bace8f77b7cf,true,true,com.github.dockerjava.core.exec.RemoveContainerCmdExec@2f162cc0
13:48:04.904 [main] DEBUG org.testcontainers.utility.ResourceReaper - Removed container and associated volume(s): selenium/standalone-chrome-debug:3.14.0
13:48:04.906 [main] INFO org.testcontainers.containers.BrowserWebDriverContainer - Screen recordings for test es.codeurjc.ais.tictactoe.WebAppContainerDockerTest-test[0: J2 wins! J1 looses.] will be stored at: target/FAILED-es.codeurjc.ais.tictactoe.WebAppContainerDockerTest-test[0: J2 wins! J1 looses.]-20190530-134804.flv
13:48:04.906 [main] DEBUG com.github.dockerjava.core.command.AbstrDockerCmd - Cmd: 62451000ebf3022446234f6d0b8b8ea4d8861feb5e17e3539bfb11cd3c8f61ac,.,/screen.flv,com.github.dockerjava.core.exec.CopyArchiveFromContainerCmdExec@5df417a7
13:48:05.656 [main] DEBUG com.github.dockerjava.core.command.AbstrDockerCmd - Cmd: 62451000ebf3022446234f6d0b8b8ea4d8861feb5e17e3539bfb11cd3c8f61ac,false,com.github.dockerjava.core.exec.InspectContainerCmdExec@7c041b41
13:48:05.675 [main] DEBUG com.github.dockerjava.core.exec.InspectContainerCmdExec - GET: OkHttpWebTarget(okHttpClient=org.testcontainers.shaded.okhttp3.OkHttpClient@5b67bb7e, baseUrl=http://docker.socket/, path=[/containers/62451000ebf3022446234f6d0b8b8ea4d8861feb5e17e3539bfb11cd3c8f61ac/json], queryParams={})
13:48:05.777 [main] DEBUG com.github.dockerjava.core.command.AbstrDockerCmd - Cmd: 62451000ebf3022446234f6d0b8b8ea4d8861feb5e17e3539bfb11cd3c8f61ac,<null>,com.github.dockerjava.core.exec.KillContainerCmdExec@15a902e7
13:48:06.838 [main] DEBUG com.github.dockerjava.core.command.AbstrDockerCmd - Cmd: 62451000ebf3022446234f6d0b8b8ea4d8861feb5e17e3539bfb11cd3c8f61ac,false,com.github.dockerjava.core.exec.InspectContainerCmdExec@7876d598
13:48:06.838 [main] DEBUG com.github.dockerjava.core.exec.InspectContainerCmdExec - GET: OkHttpWebTarget(okHttpClient=org.testcontainers.shaded.okhttp3.OkHttpClient@5b67bb7e, baseUrl=http://docker.socket/, path=[/containers/62451000ebf3022446234f6d0b8b8ea4d8861feb5e17e3539bfb11cd3c8f61ac/json], queryParams={})
13:48:06.856 [main] DEBUG com.github.dockerjava.core.command.AbstrDockerCmd - Cmd: 62451000ebf3022446234f6d0b8b8ea4d8861feb5e17e3539bfb11cd3c8f61ac,true,true,com.github.dockerjava.core.exec.RemoveContainerCmdExec@4a3e3e8b
13:48:06.902 [main] DEBUG org.testcontainers.utility.ResourceReaper - Removed container and associated volume(s): quay.io/testcontainers/vnc-recorder:1.1.0
13:48:06.902 [main] DEBUG com.github.dockerjava.core.command.AbstrDockerCmd - Cmd: 57868fd33a3188f615e639f4c100e1ff3ba63a9f2985b84d9307d8fbcf2d3880,false,com.github.dockerjava.core.exec.InspectContainerCmdExec@5af28b27
13:48:06.902 [main] DEBUG com.github.dockerjava.core.exec.InspectContainerCmdExec - GET: OkHttpWebTarget(okHttpClient=org.testcontainers.shaded.okhttp3.OkHttpClient@5b67bb7e, baseUrl=http://docker.socket/, path=[/containers/57868fd33a3188f615e639f4c100e1ff3ba63a9f2985b84d9307d8fbcf2d3880/json], queryParams={})
13:48:06.919 [main] DEBUG com.github.dockerjava.core.command.AbstrDockerCmd - Cmd: 57868fd33a3188f615e639f4c100e1ff3ba63a9f2985b84d9307d8fbcf2d3880,<null>,com.github.dockerjava.core.exec.KillContainerCmdExec@71104a4
13:48:08.047 [main] DEBUG com.github.dockerjava.core.command.AbstrDockerCmd - Cmd: 57868fd33a3188f615e639f4c100e1ff3ba63a9f2985b84d9307d8fbcf2d3880,false,com.github.dockerjava.core.exec.InspectContainerCmdExec@4985cbcb
13:48:08.047 [main] DEBUG com.github.dockerjava.core.exec.InspectContainerCmdExec - GET: OkHttpWebTarget(okHttpClient=org.testcontainers.shaded.okhttp3.OkHttpClient@5b67bb7e, baseUrl=http://docker.socket/, path=[/containers/57868fd33a3188f615e639f4c100e1ff3ba63a9f2985b84d9307d8fbcf2d3880/json], queryParams={})
13:48:08.068 [main] DEBUG com.github.dockerjava.core.command.AbstrDockerCmd - Cmd: 57868fd33a3188f615e639f4c100e1ff3ba63a9f2985b84d9307d8fbcf2d3880,true,true,com.github.dockerjava.core.exec.RemoveContainerCmdExec@72f46e16
13:48:08.130 [main] DEBUG org.testcontainers.utility.ResourceReaper - Removed container and associated volume(s): selenium/standalone-chrome-debug:3.14.0
]]></system-out>
    <system-err><![CDATA[May 30, 2019 1:47:01 PM org.openqa.selenium.remote.DesiredCapabilities chrome
INFO: Using `new ChromeOptions()` is preferred to `DesiredCapabilities.chrome()`
May 30, 2019 1:47:01 PM org.openqa.selenium.remote.DesiredCapabilities chrome
INFO: Using `new ChromeOptions()` is preferred to `DesiredCapabilities.chrome()`
May 30, 2019 1:47:14 PM org.openqa.selenium.remote.ProtocolHandshake createSession
INFO: Detected dialect: OSS
May 30, 2019 1:47:28 PM org.openqa.selenium.remote.ProtocolHandshake createSession
INFO: Detected dialect: OSS
]]></system-err>
  </testcase>
  <testcase name="test[1: J1 wins! J2 looses.]" classname="es.codeurjc.ais.tictactoe.WebAppContainerDockerTest" time="69.373">
    <error message="no such element: Unable to locate element: {&quot;method&quot;:&quot;id&quot;,&quot;selector&quot;:&quot;cell-3&quot;}&#10;  (Session info: chrome=70.0.3538.77)&#10;  (Driver info: chromedriver=2.43.600233 (523efee95e3d68b8719b3a1c83051aa63aa6b10d),platform=Linux 4.18.0-17-generic x86_64) (WARNING: The server did not provide any stacktrace information)&#10;Command duration or timeout: 0 milliseconds&#10;For documentation on this error, please visit: http://seleniumhq.org/exceptions/no_such_element.html&#10;Build info: version: &apos;3.14.0&apos;, revision: &apos;aacccce0&apos;, time: &apos;2018-08-02T20:19:58.91Z&apos;&#10;System info: host: &apos;5cd3ad01aea8&apos;, ip: &apos;172.17.0.4&apos;, os.name: &apos;Linux&apos;, os.arch: &apos;amd64&apos;, os.version: &apos;4.18.0-17-generic&apos;, java.version: &apos;11.0.2&apos;&#10;Driver info: org.openqa.selenium.remote.RemoteWebDriver&#10;Capabilities {acceptInsecureCerts: false, acceptSslCerts: false, applicationCacheEnabled: false, browserConnectionEnabled: false, browserName: chrome, chrome: {chromedriverVersion: 2.43.600233 (523efee95e3d68..., userDataDir: /tmp/.org.chromium.Chromium...}, cssSelectorsEnabled: true, databaseEnabled: false, goog:chromeOptions: {debuggerAddress: localhost:44229}, handlesAlerts: true, hasTouchScreen: false, javascriptEnabled: true, locationContextEnabled: true, mobileEmulationEnabled: false, nativeEvents: true, networkConnectionEnabled: false, pageLoadStrategy: normal, platform: LINUX, platformName: LINUX, rotatable: false, setWindowRect: true, takesHeapSnapshot: true, takesScreenshot: true, unexpectedAlertBehaviour: , unhandledPromptBehavior: , version: 70.0.3538.77, webStorageEnabled: true, webdriver.remote.sessionid: f37eedd53727b003240fc5cb03d...}&#10;Session ID: f37eedd53727b003240fc5cb03d5220e&#10;*** Element info: {Using=id, value=cell-3}" type="org.openqa.selenium.NoSuchElementException">org.openqa.selenium.NoSuchElementException: 
no such element: Unable to locate element: {"method":"id","selector":"cell-3"}
  (Session info: chrome=70.0.3538.77)
  (Driver info: chromedriver=2.43.600233 (523efee95e3d68b8719b3a1c83051aa63aa6b10d),platform=Linux 4.18.0-17-generic x86_64) (WARNING: The server did not provide any stacktrace information)
Command duration or timeout: 0 milliseconds
For documentation on this error, please visit: http://seleniumhq.org/exceptions/no_such_element.html
Build info: version: '3.14.0', revision: 'aacccce0', time: '2018-08-02T20:19:58.91Z'
System info: host: '5cd3ad01aea8', ip: '172.17.0.4', os.name: 'Linux', os.arch: 'amd64', os.version: '4.18.0-17-generic', java.version: '11.0.2'
Driver info: org.openqa.selenium.remote.RemoteWebDriver
Capabilities {acceptInsecureCerts: false, acceptSslCerts: false, applicationCacheEnabled: false, browserConnectionEnabled: false, browserName: chrome, chrome: {chromedriverVersion: 2.43.600233 (523efee95e3d68..., userDataDir: /tmp/.org.chromium.Chromium...}, cssSelectorsEnabled: true, databaseEnabled: false, goog:chromeOptions: {debuggerAddress: localhost:44229}, handlesAlerts: true, hasTouchScreen: false, javascriptEnabled: true, locationContextEnabled: true, mobileEmulationEnabled: false, nativeEvents: true, networkConnectionEnabled: false, pageLoadStrategy: normal, platform: LINUX, platformName: LINUX, rotatable: false, setWindowRect: true, takesHeapSnapshot: true, takesScreenshot: true, unexpectedAlertBehaviour: , unhandledPromptBehavior: , version: 70.0.3538.77, webStorageEnabled: true, webdriver.remote.sessionid: f37eedd53727b003240fc5cb03d...}
Session ID: f37eedd53727b003240fc5cb03d5220e
*** Element info: {Using=id, value=cell-3}
	at es.codeurjc.ais.tictactoe.WebAppContainerDockerTest.test(WebAppContainerDockerTest.java:124)
</error>
    <system-out><![CDATA[13:48:08.292 [main] INFO org.testcontainers.containers.SeleniumUtils - Selenium API version 3.14.0 detected on classpath
13:48:08.331 [main] DEBUG üê≥ [selenium/standalone-chrome-debug:3.14.0] - Starting container: selenium/standalone-chrome-debug:3.14.0
13:48:08.335 [main] DEBUG üê≥ [selenium/standalone-chrome-debug:3.14.0] - Trying to start container: selenium/standalone-chrome-debug:3.14.0
13:48:08.336 [main] DEBUG üê≥ [selenium/standalone-chrome-debug:3.14.0] - Trying to start container: selenium/standalone-chrome-debug:3.14.0 (attempt 1/3)
13:48:08.337 [main] DEBUG üê≥ [selenium/standalone-chrome-debug:3.14.0] - Starting container: selenium/standalone-chrome-debug:3.14.0
13:48:08.339 [main] INFO üê≥ [selenium/standalone-chrome-debug:3.14.0] - Creating container for image: selenium/standalone-chrome-debug:3.14.0
13:48:08.341 [main] DEBUG org.testcontainers.utility.RegistryAuthLocator - Looking up auth config for image: selenium/standalone-chrome-debug:3.14.0
13:48:08.342 [main] DEBUG org.testcontainers.utility.RegistryAuthLocator - RegistryAuthLocator has configFile: /root/.docker/config.json (does not exist) and commandPathPrefix: 
13:48:08.347 [main] WARN org.testcontainers.utility.RegistryAuthLocator - Failure when attempting to lookup auth config (dockerImageName: selenium/standalone-chrome-debug:3.14.0, configFile: /root/.docker/config.json. Falling back to docker-java default behaviour. Exception message: /root/.docker/config.json (No such file or directory)
13:48:08.353 [main] DEBUG org.testcontainers.dockerclient.auth.AuthDelegatingDockerClientConfig - Effective auth config [null]
13:48:08.364 [main] DEBUG com.github.dockerjava.core.command.AbstrDockerCmd - Cmd: com.github.dockerjava.core.command.CreateContainerCmdImpl@69f63d95[name=<null>,hostName=<null>,domainName=<null>,user=<null>,attachStdin=<null>,attachStdout=<null>,attachStderr=<null>,portSpecs=<null>,tty=<null>,stdinOpen=<null>,stdInOnce=<null>,env={no_proxy=localhost,TZ=Etc/UTC},cmd={/opt/bin/entry_point.sh},entrypoint=<null>,image=selenium/standalone-chrome-debug:3.14.0,volumes=com.github.dockerjava.api.model.Volumes@9cd25ff,workingDir=<null>,macAddress=<null>,networkDisabled=<null>,exposedPorts=com.github.dockerjava.api.model.ExposedPorts@27e0f2f5,stopSignal=<null>,hostConfig=com.github.dockerjava.api.model.HostConfig@3574e198[binds=com.github.dockerjava.api.model.Binds@6db66836,blkioWeight=<null>,blkioWeightDevice=<null>,blkioDeviceReadBps=<null>,blkioDeviceReadIOps=<null>,blkioDeviceWriteBps=<null>,blkioDeviceWriteIOps=<null>,memorySwappiness=<null>,capAdd=<null>,capDrop=<null>,containerIDFile=<null>,cpuPeriod=<null>,cpuShares=<null>,cpuQuota=<null>,cpusetCpus=<null>,cpusetMems=<null>,devices=<null>,diskQuota=<null>,dns=<null>,dnsSearch=<null>,extraHosts={host.testcontainers.internal:172.17.0.6},links=com.github.dockerjava.api.model.Links@db44aa2,logConfig=<null>,lxcConf=<null>,memory=<null>,memorySwap=<null>,memoryReservation=<null>,kernelMemory=<null>,networkMode=b5c27d62b1b0bf7af3928b21140710027a714984f6e82c258fa06071b7c06aeb,oomKillDisable=<null>,autoRemove=<null>,oomScoreAdj=<null>,portBindings={},privileged=<null>,publishAllPorts=true,readonlyRootfs=<null>,restartPolicy=<null>,ulimits=<null>,volumesFrom={},pidMode=<null>,securityOpts=<null>,cgroupParent=<null>,volumeDriver=<null>,shmSize=<null>,pidsLimit=<null>,runtime=<null>,tmpFs=<null>],labels={org.testcontainers=true, org.testcontainers.sessionId=3708a75f-2347-4e50-af1a-f801abfb24ce},networkingConfig=com.github.dockerjava.core.command.CreateContainerCmdImpl$NetworkingConfig@3f093abe,ipv4Address=<null>,ipv6Address=<null>,aliases=[tc-BRYm8myR],authConfig=<null>,execution=com.github.dockerjava.core.exec.CreateContainerCmdExec@61a002b1]
13:48:08.533 [main] DEBUG com.github.dockerjava.core.command.AbstrDockerCmd - Cmd: 4301942f6ff1b00463835226d0c9fe938040d860b9714cd7360f660fa0fba988,8fd94ab2e5232cbdf2cb1e0534054c9b2d9f83cfb6e55ff654bced31aba5a7e6,<null>,com.github.dockerjava.core.exec.ConnectToNetworkCmdExec@548e76f1
13:48:08.559 [main] INFO üê≥ [selenium/standalone-chrome-debug:3.14.0] - Starting container with ID: 8fd94ab2e5232cbdf2cb1e0534054c9b2d9f83cfb6e55ff654bced31aba5a7e6
13:48:08.559 [main] DEBUG com.github.dockerjava.core.command.AbstrDockerCmd - Cmd: 8fd94ab2e5232cbdf2cb1e0534054c9b2d9f83cfb6e55ff654bced31aba5a7e6,com.github.dockerjava.core.exec.StartContainerCmdExec@5aabbb29
13:48:10.798 [main] INFO üê≥ [selenium/standalone-chrome-debug:3.14.0] - Container selenium/standalone-chrome-debug:3.14.0 is starting: 8fd94ab2e5232cbdf2cb1e0534054c9b2d9f83cfb6e55ff654bced31aba5a7e6
13:48:10.798 [main] DEBUG com.github.dockerjava.core.command.AbstrDockerCmd - Cmd: 8fd94ab2e5232cbdf2cb1e0534054c9b2d9f83cfb6e55ff654bced31aba5a7e6,false,com.github.dockerjava.core.exec.InspectContainerCmdExec@72c927f1
13:48:10.798 [main] DEBUG com.github.dockerjava.core.exec.InspectContainerCmdExec - GET: OkHttpWebTarget(okHttpClient=org.testcontainers.shaded.okhttp3.OkHttpClient@5b67bb7e, baseUrl=http://docker.socket/, path=[/containers/8fd94ab2e5232cbdf2cb1e0534054c9b2d9f83cfb6e55ff654bced31aba5a7e6/json], queryParams={})
13:48:10.848 [ducttape-0] DEBUG com.github.dockerjava.core.command.AbstrDockerCmd - Cmd: 8fd94ab2e5232cbdf2cb1e0534054c9b2d9f83cfb6e55ff654bced31aba5a7e6,false,com.github.dockerjava.core.exec.InspectContainerCmdExec@4a30bfc1
13:48:10.849 [ducttape-0] DEBUG com.github.dockerjava.core.exec.InspectContainerCmdExec - GET: OkHttpWebTarget(okHttpClient=org.testcontainers.shaded.okhttp3.OkHttpClient@5b67bb7e, baseUrl=http://docker.socket/, path=[/containers/8fd94ab2e5232cbdf2cb1e0534054c9b2d9f83cfb6e55ff654bced31aba5a7e6/json], queryParams={})
13:48:10.901 [main] INFO üê≥ [selenium/standalone-chrome-debug:3.14.0] - Container selenium/standalone-chrome-debug:3.14.0 started
13:48:23.027 [main] DEBUG org.testcontainers.containers.BrowserWebDriverContainer - Starting VNC recording
13:48:23.028 [main] DEBUG üê≥ [quay.io/testcontainers/vnc-recorder:1.1.0] - Starting container: quay.io/testcontainers/vnc-recorder:1.1.0
13:48:23.028 [main] DEBUG üê≥ [quay.io/testcontainers/vnc-recorder:1.1.0] - Trying to start container: quay.io/testcontainers/vnc-recorder:1.1.0
13:48:23.028 [main] DEBUG üê≥ [quay.io/testcontainers/vnc-recorder:1.1.0] - Trying to start container: quay.io/testcontainers/vnc-recorder:1.1.0 (attempt 1/1)
13:48:23.028 [main] DEBUG üê≥ [quay.io/testcontainers/vnc-recorder:1.1.0] - Starting container: quay.io/testcontainers/vnc-recorder:1.1.0
13:48:23.028 [main] INFO üê≥ [quay.io/testcontainers/vnc-recorder:1.1.0] - Creating container for image: quay.io/testcontainers/vnc-recorder:1.1.0
13:48:23.028 [main] DEBUG org.testcontainers.utility.RegistryAuthLocator - Looking up auth config for image: quay.io/testcontainers/vnc-recorder:1.1.0
13:48:23.028 [main] DEBUG org.testcontainers.utility.RegistryAuthLocator - RegistryAuthLocator has configFile: /root/.docker/config.json (does not exist) and commandPathPrefix: 
13:48:23.028 [main] WARN org.testcontainers.utility.RegistryAuthLocator - Failure when attempting to lookup auth config (dockerImageName: quay.io/testcontainers/vnc-recorder:1.1.0, configFile: /root/.docker/config.json. Falling back to docker-java default behaviour. Exception message: /root/.docker/config.json (No such file or directory)
13:48:23.028 [main] DEBUG org.testcontainers.dockerclient.auth.AuthDelegatingDockerClientConfig - Effective auth config [null]
13:48:23.029 [main] DEBUG com.github.dockerjava.core.command.AbstrDockerCmd - Cmd: com.github.dockerjava.core.command.CreateContainerCmdImpl@3dd69f5a[name=<null>,hostName=<null>,domainName=<null>,user=<null>,attachStdin=<null>,attachStdout=<null>,attachStderr=<null>,portSpecs=<null>,tty=<null>,stdinOpen=<null>,stdInOnce=<null>,env={},cmd={-c,echo 'c2VjcmV0' | base64 -d > /vnc_password && flvrec.py -o /screen.flv -d -r 30 -P /vnc_password tc-BRYm8myR 5900},entrypoint={/bin/sh},image=quay.io/testcontainers/vnc-recorder:1.1.0,volumes=com.github.dockerjava.api.model.Volumes@3aa3193a,workingDir=<null>,macAddress=<null>,networkDisabled=<null>,exposedPorts=com.github.dockerjava.api.model.ExposedPorts@1ee4730,stopSignal=<null>,hostConfig=com.github.dockerjava.api.model.HostConfig@59a67c3a[binds=com.github.dockerjava.api.model.Binds@5003041b,blkioWeight=<null>,blkioWeightDevice=<null>,blkioDeviceReadBps=<null>,blkioDeviceReadIOps=<null>,blkioDeviceWriteBps=<null>,blkioDeviceWriteIOps=<null>,memorySwappiness=<null>,capAdd=<null>,capDrop=<null>,containerIDFile=<null>,cpuPeriod=<null>,cpuShares=<null>,cpuQuota=<null>,cpusetCpus=<null>,cpusetMems=<null>,devices=<null>,diskQuota=<null>,dns=<null>,dnsSearch=<null>,extraHosts={host.testcontainers.internal:172.17.0.6},links=com.github.dockerjava.api.model.Links@724bade8,logConfig=<null>,lxcConf=<null>,memory=<null>,memorySwap=<null>,memoryReservation=<null>,kernelMemory=<null>,networkMode=b5c27d62b1b0bf7af3928b21140710027a714984f6e82c258fa06071b7c06aeb,oomKillDisable=<null>,autoRemove=<null>,oomScoreAdj=<null>,portBindings={},privileged=<null>,publishAllPorts=true,readonlyRootfs=<null>,restartPolicy=<null>,ulimits=<null>,volumesFrom={},pidMode=<null>,securityOpts=<null>,cgroupParent=<null>,volumeDriver=<null>,shmSize=<null>,pidsLimit=<null>,runtime=<null>,tmpFs=<null>],labels={org.testcontainers=true, org.testcontainers.sessionId=3708a75f-2347-4e50-af1a-f801abfb24ce},networkingConfig=com.github.dockerjava.core.command.CreateContainerCmdImpl$NetworkingConfig@6bc248ed,ipv4Address=<null>,ipv6Address=<null>,aliases=[tc-CVe8qKbV],authConfig=<null>,execution=com.github.dockerjava.core.exec.CreateContainerCmdExec@23a9ba52]
13:48:23.193 [main] DEBUG com.github.dockerjava.core.command.AbstrDockerCmd - Cmd: 4301942f6ff1b00463835226d0c9fe938040d860b9714cd7360f660fa0fba988,61476ac7a29f08ef289b5db404a20db3df289f5642e27bf80edb6d5329561155,<null>,com.github.dockerjava.core.exec.ConnectToNetworkCmdExec@544630b7
13:48:23.221 [main] INFO üê≥ [quay.io/testcontainers/vnc-recorder:1.1.0] - Starting container with ID: 61476ac7a29f08ef289b5db404a20db3df289f5642e27bf80edb6d5329561155
13:48:23.222 [main] DEBUG com.github.dockerjava.core.command.AbstrDockerCmd - Cmd: 61476ac7a29f08ef289b5db404a20db3df289f5642e27bf80edb6d5329561155,com.github.dockerjava.core.exec.StartContainerCmdExec@64f857e7
13:48:24.612 [main] INFO üê≥ [quay.io/testcontainers/vnc-recorder:1.1.0] - Container quay.io/testcontainers/vnc-recorder:1.1.0 is starting: 61476ac7a29f08ef289b5db404a20db3df289f5642e27bf80edb6d5329561155
13:48:24.613 [main] DEBUG com.github.dockerjava.core.command.AbstrDockerCmd - Cmd: 61476ac7a29f08ef289b5db404a20db3df289f5642e27bf80edb6d5329561155,false,com.github.dockerjava.core.exec.InspectContainerCmdExec@1095f122
13:48:24.613 [main] DEBUG com.github.dockerjava.core.exec.InspectContainerCmdExec - GET: OkHttpWebTarget(okHttpClient=org.testcontainers.shaded.okhttp3.OkHttpClient@5b67bb7e, baseUrl=http://docker.socket/, path=[/containers/61476ac7a29f08ef289b5db404a20db3df289f5642e27bf80edb6d5329561155/json], queryParams={})
13:48:24.619 [ducttape-0] DEBUG com.github.dockerjava.core.command.AbstrDockerCmd - Cmd: 61476ac7a29f08ef289b5db404a20db3df289f5642e27bf80edb6d5329561155,false,com.github.dockerjava.core.exec.InspectContainerCmdExec@33ffc146
13:48:24.620 [ducttape-0] DEBUG com.github.dockerjava.core.exec.InspectContainerCmdExec - GET: OkHttpWebTarget(okHttpClient=org.testcontainers.shaded.okhttp3.OkHttpClient@5b67bb7e, baseUrl=http://docker.socket/, path=[/containers/61476ac7a29f08ef289b5db404a20db3df289f5642e27bf80edb6d5329561155/json], queryParams={})
13:48:24.726 [main] INFO üê≥ [quay.io/testcontainers/vnc-recorder:1.1.0] - Container quay.io/testcontainers/vnc-recorder:1.1.0 started
13:48:24.819 [main] INFO org.testcontainers.containers.SeleniumUtils - Selenium API version 3.14.0 detected on classpath
13:48:24.876 [main] DEBUG üê≥ [selenium/standalone-chrome-debug:3.14.0] - Starting container: selenium/standalone-chrome-debug:3.14.0
13:48:24.907 [main] DEBUG üê≥ [selenium/standalone-chrome-debug:3.14.0] - Trying to start container: selenium/standalone-chrome-debug:3.14.0
13:48:24.914 [main] DEBUG üê≥ [selenium/standalone-chrome-debug:3.14.0] - Trying to start container: selenium/standalone-chrome-debug:3.14.0 (attempt 1/3)
13:48:24.916 [main] DEBUG üê≥ [selenium/standalone-chrome-debug:3.14.0] - Starting container: selenium/standalone-chrome-debug:3.14.0
13:48:24.924 [main] INFO üê≥ [selenium/standalone-chrome-debug:3.14.0] - Creating container for image: selenium/standalone-chrome-debug:3.14.0
13:48:24.926 [main] DEBUG org.testcontainers.utility.RegistryAuthLocator - Looking up auth config for image: selenium/standalone-chrome-debug:3.14.0
13:48:24.946 [main] DEBUG org.testcontainers.utility.RegistryAuthLocator - RegistryAuthLocator has configFile: /root/.docker/config.json (does not exist) and commandPathPrefix: 
13:48:24.950 [main] WARN org.testcontainers.utility.RegistryAuthLocator - Failure when attempting to lookup auth config (dockerImageName: selenium/standalone-chrome-debug:3.14.0, configFile: /root/.docker/config.json. Falling back to docker-java default behaviour. Exception message: /root/.docker/config.json (No such file or directory)
13:48:24.951 [main] DEBUG org.testcontainers.dockerclient.auth.AuthDelegatingDockerClientConfig - Effective auth config [null]
13:48:24.952 [main] DEBUG com.github.dockerjava.core.command.AbstrDockerCmd - Cmd: com.github.dockerjava.core.command.CreateContainerCmdImpl@15bcf458[name=<null>,hostName=<null>,domainName=<null>,user=<null>,attachStdin=<null>,attachStdout=<null>,attachStderr=<null>,portSpecs=<null>,tty=<null>,stdinOpen=<null>,stdInOnce=<null>,env={no_proxy=localhost,TZ=Etc/UTC},cmd={/opt/bin/entry_point.sh},entrypoint=<null>,image=selenium/standalone-chrome-debug:3.14.0,volumes=com.github.dockerjava.api.model.Volumes@5af9926a,workingDir=<null>,macAddress=<null>,networkDisabled=<null>,exposedPorts=com.github.dockerjava.api.model.ExposedPorts@43c67247,stopSignal=<null>,hostConfig=com.github.dockerjava.api.model.HostConfig@fac80[binds=com.github.dockerjava.api.model.Binds@726386ed,blkioWeight=<null>,blkioWeightDevice=<null>,blkioDeviceReadBps=<null>,blkioDeviceReadIOps=<null>,blkioDeviceWriteBps=<null>,blkioDeviceWriteIOps=<null>,memorySwappiness=<null>,capAdd=<null>,capDrop=<null>,containerIDFile=<null>,cpuPeriod=<null>,cpuShares=<null>,cpuQuota=<null>,cpusetCpus=<null>,cpusetMems=<null>,devices=<null>,diskQuota=<null>,dns=<null>,dnsSearch=<null>,extraHosts={host.testcontainers.internal:172.17.0.6},links=com.github.dockerjava.api.model.Links@649f2009,logConfig=<null>,lxcConf=<null>,memory=<null>,memorySwap=<null>,memoryReservation=<null>,kernelMemory=<null>,networkMode=b5c27d62b1b0bf7af3928b21140710027a714984f6e82c258fa06071b7c06aeb,oomKillDisable=<null>,autoRemove=<null>,oomScoreAdj=<null>,portBindings={},privileged=<null>,publishAllPorts=true,readonlyRootfs=<null>,restartPolicy=<null>,ulimits=<null>,volumesFrom={},pidMode=<null>,securityOpts=<null>,cgroupParent=<null>,volumeDriver=<null>,shmSize=<null>,pidsLimit=<null>,runtime=<null>,tmpFs=<null>],labels={org.testcontainers=true, org.testcontainers.sessionId=3708a75f-2347-4e50-af1a-f801abfb24ce},networkingConfig=com.github.dockerjava.core.command.CreateContainerCmdImpl$NetworkingConfig@69adf72c,ipv4Address=<null>,ipv6Address=<null>,aliases=[tc-eczuXovm],authConfig=<null>,execution=com.github.dockerjava.core.exec.CreateContainerCmdExec@797501a]
13:48:25.131 [main] DEBUG com.github.dockerjava.core.command.AbstrDockerCmd - Cmd: 4301942f6ff1b00463835226d0c9fe938040d860b9714cd7360f660fa0fba988,09f0947173f7ba530f454b799ba93fab19965e3c0c25ecfce87068227383a25d,<null>,com.github.dockerjava.core.exec.ConnectToNetworkCmdExec@5bd1ceca
13:48:25.184 [main] INFO üê≥ [selenium/standalone-chrome-debug:3.14.0] - Starting container with ID: 09f0947173f7ba530f454b799ba93fab19965e3c0c25ecfce87068227383a25d
13:48:25.184 [main] DEBUG com.github.dockerjava.core.command.AbstrDockerCmd - Cmd: 09f0947173f7ba530f454b799ba93fab19965e3c0c25ecfce87068227383a25d,com.github.dockerjava.core.exec.StartContainerCmdExec@30c31dd7
13:48:27.386 [main] INFO üê≥ [selenium/standalone-chrome-debug:3.14.0] - Container selenium/standalone-chrome-debug:3.14.0 is starting: 09f0947173f7ba530f454b799ba93fab19965e3c0c25ecfce87068227383a25d
13:48:27.386 [main] DEBUG com.github.dockerjava.core.command.AbstrDockerCmd - Cmd: 09f0947173f7ba530f454b799ba93fab19965e3c0c25ecfce87068227383a25d,false,com.github.dockerjava.core.exec.InspectContainerCmdExec@499b2a5c
13:48:27.386 [main] DEBUG com.github.dockerjava.core.exec.InspectContainerCmdExec - GET: OkHttpWebTarget(okHttpClient=org.testcontainers.shaded.okhttp3.OkHttpClient@5b67bb7e, baseUrl=http://docker.socket/, path=[/containers/09f0947173f7ba530f454b799ba93fab19965e3c0c25ecfce87068227383a25d/json], queryParams={})
13:48:27.421 [ducttape-0] DEBUG com.github.dockerjava.core.command.AbstrDockerCmd - Cmd: 09f0947173f7ba530f454b799ba93fab19965e3c0c25ecfce87068227383a25d,false,com.github.dockerjava.core.exec.InspectContainerCmdExec@13698557
13:48:27.421 [ducttape-0] DEBUG com.github.dockerjava.core.exec.InspectContainerCmdExec - GET: OkHttpWebTarget(okHttpClient=org.testcontainers.shaded.okhttp3.OkHttpClient@5b67bb7e, baseUrl=http://docker.socket/, path=[/containers/09f0947173f7ba530f454b799ba93fab19965e3c0c25ecfce87068227383a25d/json], queryParams={})
13:48:27.438 [main] INFO üê≥ [selenium/standalone-chrome-debug:3.14.0] - Container selenium/standalone-chrome-debug:3.14.0 started
13:48:38.218 [main] DEBUG org.testcontainers.containers.BrowserWebDriverContainer - Starting VNC recording
13:48:38.219 [main] DEBUG üê≥ [quay.io/testcontainers/vnc-recorder:1.1.0] - Starting container: quay.io/testcontainers/vnc-recorder:1.1.0
13:48:38.219 [main] DEBUG üê≥ [quay.io/testcontainers/vnc-recorder:1.1.0] - Trying to start container: quay.io/testcontainers/vnc-recorder:1.1.0
13:48:38.223 [main] DEBUG üê≥ [quay.io/testcontainers/vnc-recorder:1.1.0] - Trying to start container: quay.io/testcontainers/vnc-recorder:1.1.0 (attempt 1/1)
13:48:38.223 [main] DEBUG üê≥ [quay.io/testcontainers/vnc-recorder:1.1.0] - Starting container: quay.io/testcontainers/vnc-recorder:1.1.0
13:48:38.223 [main] INFO üê≥ [quay.io/testcontainers/vnc-recorder:1.1.0] - Creating container for image: quay.io/testcontainers/vnc-recorder:1.1.0
13:48:38.223 [main] DEBUG org.testcontainers.utility.RegistryAuthLocator - Looking up auth config for image: quay.io/testcontainers/vnc-recorder:1.1.0
13:48:38.224 [main] DEBUG org.testcontainers.utility.RegistryAuthLocator - RegistryAuthLocator has configFile: /root/.docker/config.json (does not exist) and commandPathPrefix: 
13:48:38.224 [main] WARN org.testcontainers.utility.RegistryAuthLocator - Failure when attempting to lookup auth config (dockerImageName: quay.io/testcontainers/vnc-recorder:1.1.0, configFile: /root/.docker/config.json. Falling back to docker-java default behaviour. Exception message: /root/.docker/config.json (No such file or directory)
13:48:38.224 [main] DEBUG org.testcontainers.dockerclient.auth.AuthDelegatingDockerClientConfig - Effective auth config [null]
13:48:38.224 [main] DEBUG com.github.dockerjava.core.command.AbstrDockerCmd - Cmd: com.github.dockerjava.core.command.CreateContainerCmdImpl@596df867[name=<null>,hostName=<null>,domainName=<null>,user=<null>,attachStdin=<null>,attachStdout=<null>,attachStderr=<null>,portSpecs=<null>,tty=<null>,stdinOpen=<null>,stdInOnce=<null>,env={},cmd={-c,echo 'c2VjcmV0' | base64 -d > /vnc_password && flvrec.py -o /screen.flv -d -r 30 -P /vnc_password tc-eczuXovm 5900},entrypoint={/bin/sh},image=quay.io/testcontainers/vnc-recorder:1.1.0,volumes=com.github.dockerjava.api.model.Volumes@c1fca1e,workingDir=<null>,macAddress=<null>,networkDisabled=<null>,exposedPorts=com.github.dockerjava.api.model.ExposedPorts@241a53ef,stopSignal=<null>,hostConfig=com.github.dockerjava.api.model.HostConfig@344344fa[binds=com.github.dockerjava.api.model.Binds@2db2cd5,blkioWeight=<null>,blkioWeightDevice=<null>,blkioDeviceReadBps=<null>,blkioDeviceReadIOps=<null>,blkioDeviceWriteBps=<null>,blkioDeviceWriteIOps=<null>,memorySwappiness=<null>,capAdd=<null>,capDrop=<null>,containerIDFile=<null>,cpuPeriod=<null>,cpuShares=<null>,cpuQuota=<null>,cpusetCpus=<null>,cpusetMems=<null>,devices=<null>,diskQuota=<null>,dns=<null>,dnsSearch=<null>,extraHosts={host.testcontainers.internal:172.17.0.6},links=com.github.dockerjava.api.model.Links@70e659aa,logConfig=<null>,lxcConf=<null>,memory=<null>,memorySwap=<null>,memoryReservation=<null>,kernelMemory=<null>,networkMode=b5c27d62b1b0bf7af3928b21140710027a714984f6e82c258fa06071b7c06aeb,oomKillDisable=<null>,autoRemove=<null>,oomScoreAdj=<null>,portBindings={},privileged=<null>,publishAllPorts=true,readonlyRootfs=<null>,restartPolicy=<null>,ulimits=<null>,volumesFrom={},pidMode=<null>,securityOpts=<null>,cgroupParent=<null>,volumeDriver=<null>,shmSize=<null>,pidsLimit=<null>,runtime=<null>,tmpFs=<null>],labels={org.testcontainers=true, org.testcontainers.sessionId=3708a75f-2347-4e50-af1a-f801abfb24ce},networkingConfig=com.github.dockerjava.core.command.CreateContainerCmdImpl$NetworkingConfig@285f09de,ipv4Address=<null>,ipv6Address=<null>,aliases=[tc-UV9jLkii],authConfig=<null>,execution=com.github.dockerjava.core.exec.CreateContainerCmdExec@73393584]
13:48:38.437 [main] DEBUG com.github.dockerjava.core.command.AbstrDockerCmd - Cmd: 4301942f6ff1b00463835226d0c9fe938040d860b9714cd7360f660fa0fba988,3811c2bba37679bd0fe32f571fa320b6e109a92ecb79c7b58120ef2db10ad204,<null>,com.github.dockerjava.core.exec.ConnectToNetworkCmdExec@66238be2
13:48:38.459 [main] INFO üê≥ [quay.io/testcontainers/vnc-recorder:1.1.0] - Starting container with ID: 3811c2bba37679bd0fe32f571fa320b6e109a92ecb79c7b58120ef2db10ad204
13:48:38.459 [main] DEBUG com.github.dockerjava.core.command.AbstrDockerCmd - Cmd: 3811c2bba37679bd0fe32f571fa320b6e109a92ecb79c7b58120ef2db10ad204,com.github.dockerjava.core.exec.StartContainerCmdExec@1c25b8a7
13:48:40.372 [main] INFO üê≥ [quay.io/testcontainers/vnc-recorder:1.1.0] - Container quay.io/testcontainers/vnc-recorder:1.1.0 is starting: 3811c2bba37679bd0fe32f571fa320b6e109a92ecb79c7b58120ef2db10ad204
13:48:40.373 [main] DEBUG com.github.dockerjava.core.command.AbstrDockerCmd - Cmd: 3811c2bba37679bd0fe32f571fa320b6e109a92ecb79c7b58120ef2db10ad204,false,com.github.dockerjava.core.exec.InspectContainerCmdExec@200606de
13:48:40.373 [main] DEBUG com.github.dockerjava.core.exec.InspectContainerCmdExec - GET: OkHttpWebTarget(okHttpClient=org.testcontainers.shaded.okhttp3.OkHttpClient@5b67bb7e, baseUrl=http://docker.socket/, path=[/containers/3811c2bba37679bd0fe32f571fa320b6e109a92ecb79c7b58120ef2db10ad204/json], queryParams={})
13:48:40.439 [ducttape-0] DEBUG com.github.dockerjava.core.command.AbstrDockerCmd - Cmd: 3811c2bba37679bd0fe32f571fa320b6e109a92ecb79c7b58120ef2db10ad204,false,com.github.dockerjava.core.exec.InspectContainerCmdExec@22f7da42
13:48:40.439 [ducttape-0] DEBUG com.github.dockerjava.core.exec.InspectContainerCmdExec - GET: OkHttpWebTarget(okHttpClient=org.testcontainers.shaded.okhttp3.OkHttpClient@5b67bb7e, baseUrl=http://docker.socket/, path=[/containers/3811c2bba37679bd0fe32f571fa320b6e109a92ecb79c7b58120ef2db10ad204/json], queryParams={})
13:48:40.658 [main] INFO üê≥ [quay.io/testcontainers/vnc-recorder:1.1.0] - Container quay.io/testcontainers/vnc-recorder:1.1.0 started
13:49:10.562 [main] INFO org.testcontainers.containers.BrowserWebDriverContainer - Screen recordings for test es.codeurjc.ais.tictactoe.WebAppContainerDockerTest-test[1: J1 wins! J2 looses.] will be stored at: target/FAILED-es.codeurjc.ais.tictactoe.WebAppContainerDockerTest-test[1: J1 wins! J2 looses.]-20190530-134910.flv
13:49:10.592 [main] DEBUG com.github.dockerjava.core.command.AbstrDockerCmd - Cmd: 3811c2bba37679bd0fe32f571fa320b6e109a92ecb79c7b58120ef2db10ad204,.,/screen.flv,com.github.dockerjava.core.exec.CopyArchiveFromContainerCmdExec@6e9c413e
13:49:11.157 [main] DEBUG com.github.dockerjava.core.command.AbstrDockerCmd - Cmd: 3811c2bba37679bd0fe32f571fa320b6e109a92ecb79c7b58120ef2db10ad204,false,com.github.dockerjava.core.exec.InspectContainerCmdExec@57a4d5ee
13:49:11.180 [main] DEBUG com.github.dockerjava.core.exec.InspectContainerCmdExec - GET: OkHttpWebTarget(okHttpClient=org.testcontainers.shaded.okhttp3.OkHttpClient@5b67bb7e, baseUrl=http://docker.socket/, path=[/containers/3811c2bba37679bd0fe32f571fa320b6e109a92ecb79c7b58120ef2db10ad204/json], queryParams={})
13:49:11.270 [main] DEBUG com.github.dockerjava.core.command.AbstrDockerCmd - Cmd: 3811c2bba37679bd0fe32f571fa320b6e109a92ecb79c7b58120ef2db10ad204,<null>,com.github.dockerjava.core.exec.KillContainerCmdExec@5af5def9
13:49:12.376 [main] DEBUG com.github.dockerjava.core.command.AbstrDockerCmd - Cmd: 3811c2bba37679bd0fe32f571fa320b6e109a92ecb79c7b58120ef2db10ad204,false,com.github.dockerjava.core.exec.InspectContainerCmdExec@3a45c42a
13:49:12.376 [main] DEBUG com.github.dockerjava.core.exec.InspectContainerCmdExec - GET: OkHttpWebTarget(okHttpClient=org.testcontainers.shaded.okhttp3.OkHttpClient@5b67bb7e, baseUrl=http://docker.socket/, path=[/containers/3811c2bba37679bd0fe32f571fa320b6e109a92ecb79c7b58120ef2db10ad204/json], queryParams={})
13:49:12.400 [main] DEBUG com.github.dockerjava.core.command.AbstrDockerCmd - Cmd: 3811c2bba37679bd0fe32f571fa320b6e109a92ecb79c7b58120ef2db10ad204,true,true,com.github.dockerjava.core.exec.RemoveContainerCmdExec@36dce7ed
13:49:12.457 [main] DEBUG org.testcontainers.utility.ResourceReaper - Removed container and associated volume(s): quay.io/testcontainers/vnc-recorder:1.1.0
13:49:12.458 [main] DEBUG com.github.dockerjava.core.command.AbstrDockerCmd - Cmd: 09f0947173f7ba530f454b799ba93fab19965e3c0c25ecfce87068227383a25d,false,com.github.dockerjava.core.exec.InspectContainerCmdExec@47a64f7d
13:49:12.458 [main] DEBUG com.github.dockerjava.core.exec.InspectContainerCmdExec - GET: OkHttpWebTarget(okHttpClient=org.testcontainers.shaded.okhttp3.OkHttpClient@5b67bb7e, baseUrl=http://docker.socket/, path=[/containers/09f0947173f7ba530f454b799ba93fab19965e3c0c25ecfce87068227383a25d/json], queryParams={})
13:49:12.511 [main] DEBUG com.github.dockerjava.core.command.AbstrDockerCmd - Cmd: 09f0947173f7ba530f454b799ba93fab19965e3c0c25ecfce87068227383a25d,<null>,com.github.dockerjava.core.exec.KillContainerCmdExec@33d05366
13:49:13.954 [main] DEBUG com.github.dockerjava.core.command.AbstrDockerCmd - Cmd: 09f0947173f7ba530f454b799ba93fab19965e3c0c25ecfce87068227383a25d,false,com.github.dockerjava.core.exec.InspectContainerCmdExec@27a0a5a2
13:49:13.955 [main] DEBUG com.github.dockerjava.core.exec.InspectContainerCmdExec - GET: OkHttpWebTarget(okHttpClient=org.testcontainers.shaded.okhttp3.OkHttpClient@5b67bb7e, baseUrl=http://docker.socket/, path=[/containers/09f0947173f7ba530f454b799ba93fab19965e3c0c25ecfce87068227383a25d/json], queryParams={})
13:49:13.983 [main] DEBUG com.github.dockerjava.core.command.AbstrDockerCmd - Cmd: 09f0947173f7ba530f454b799ba93fab19965e3c0c25ecfce87068227383a25d,true,true,com.github.dockerjava.core.exec.RemoveContainerCmdExec@7692cd34
13:49:14.057 [main] DEBUG org.testcontainers.utility.ResourceReaper - Removed container and associated volume(s): selenium/standalone-chrome-debug:3.14.0
13:49:14.058 [main] INFO org.testcontainers.containers.BrowserWebDriverContainer - Screen recordings for test es.codeurjc.ais.tictactoe.WebAppContainerDockerTest-test[1: J1 wins! J2 looses.] will be stored at: target/FAILED-es.codeurjc.ais.tictactoe.WebAppContainerDockerTest-test[1: J1 wins! J2 looses.]-20190530-134914.flv
13:49:14.058 [main] DEBUG com.github.dockerjava.core.command.AbstrDockerCmd - Cmd: 61476ac7a29f08ef289b5db404a20db3df289f5642e27bf80edb6d5329561155,.,/screen.flv,com.github.dockerjava.core.exec.CopyArchiveFromContainerCmdExec@33aa93c
13:49:14.963 [main] DEBUG com.github.dockerjava.core.command.AbstrDockerCmd - Cmd: 61476ac7a29f08ef289b5db404a20db3df289f5642e27bf80edb6d5329561155,false,com.github.dockerjava.core.exec.InspectContainerCmdExec@32c0915e
13:49:15.033 [main] DEBUG com.github.dockerjava.core.exec.InspectContainerCmdExec - GET: OkHttpWebTarget(okHttpClient=org.testcontainers.shaded.okhttp3.OkHttpClient@5b67bb7e, baseUrl=http://docker.socket/, path=[/containers/61476ac7a29f08ef289b5db404a20db3df289f5642e27bf80edb6d5329561155/json], queryParams={})
13:49:15.066 [main] DEBUG com.github.dockerjava.core.command.AbstrDockerCmd - Cmd: 61476ac7a29f08ef289b5db404a20db3df289f5642e27bf80edb6d5329561155,<null>,com.github.dockerjava.core.exec.KillContainerCmdExec@106faf11
13:49:15.913 [main] DEBUG com.github.dockerjava.core.command.AbstrDockerCmd - Cmd: 61476ac7a29f08ef289b5db404a20db3df289f5642e27bf80edb6d5329561155,false,com.github.dockerjava.core.exec.InspectContainerCmdExec@70f43b45
13:49:15.914 [main] DEBUG com.github.dockerjava.core.exec.InspectContainerCmdExec - GET: OkHttpWebTarget(okHttpClient=org.testcontainers.shaded.okhttp3.OkHttpClient@5b67bb7e, baseUrl=http://docker.socket/, path=[/containers/61476ac7a29f08ef289b5db404a20db3df289f5642e27bf80edb6d5329561155/json], queryParams={})
13:49:15.955 [main] DEBUG com.github.dockerjava.core.command.AbstrDockerCmd - Cmd: 61476ac7a29f08ef289b5db404a20db3df289f5642e27bf80edb6d5329561155,true,true,com.github.dockerjava.core.exec.RemoveContainerCmdExec@26d10f2e
13:49:16.063 [main] DEBUG org.testcontainers.utility.ResourceReaper - Removed container and associated volume(s): quay.io/testcontainers/vnc-recorder:1.1.0
13:49:16.063 [main] DEBUG com.github.dockerjava.core.command.AbstrDockerCmd - Cmd: 8fd94ab2e5232cbdf2cb1e0534054c9b2d9f83cfb6e55ff654bced31aba5a7e6,false,com.github.dockerjava.core.exec.InspectContainerCmdExec@10ad20cb
13:49:16.063 [main] DEBUG com.github.dockerjava.core.exec.InspectContainerCmdExec - GET: OkHttpWebTarget(okHttpClient=org.testcontainers.shaded.okhttp3.OkHttpClient@5b67bb7e, baseUrl=http://docker.socket/, path=[/containers/8fd94ab2e5232cbdf2cb1e0534054c9b2d9f83cfb6e55ff654bced31aba5a7e6/json], queryParams={})
13:49:16.097 [main] DEBUG com.github.dockerjava.core.command.AbstrDockerCmd - Cmd: 8fd94ab2e5232cbdf2cb1e0534054c9b2d9f83cfb6e55ff654bced31aba5a7e6,<null>,com.github.dockerjava.core.exec.KillContainerCmdExec@7dd712e8
13:49:17.507 [main] DEBUG com.github.dockerjava.core.command.AbstrDockerCmd - Cmd: 8fd94ab2e5232cbdf2cb1e0534054c9b2d9f83cfb6e55ff654bced31aba5a7e6,false,com.github.dockerjava.core.exec.InspectContainerCmdExec@2c282004
13:49:17.507 [main] DEBUG com.github.dockerjava.core.exec.InspectContainerCmdExec - GET: OkHttpWebTarget(okHttpClient=org.testcontainers.shaded.okhttp3.OkHttpClient@5b67bb7e, baseUrl=http://docker.socket/, path=[/containers/8fd94ab2e5232cbdf2cb1e0534054c9b2d9f83cfb6e55ff654bced31aba5a7e6/json], queryParams={})
13:49:17.529 [main] DEBUG com.github.dockerjava.core.command.AbstrDockerCmd - Cmd: 8fd94ab2e5232cbdf2cb1e0534054c9b2d9f83cfb6e55ff654bced31aba5a7e6,true,true,com.github.dockerjava.core.exec.RemoveContainerCmdExec@22ee2d0
13:49:17.585 [main] DEBUG org.testcontainers.utility.ResourceReaper - Removed container and associated volume(s): selenium/standalone-chrome-debug:3.14.0
]]></system-out>
    <system-err><![CDATA[May 30, 2019 1:48:08 PM org.openqa.selenium.remote.DesiredCapabilities chrome
INFO: Using `new ChromeOptions()` is preferred to `DesiredCapabilities.chrome()`
May 30, 2019 1:48:08 PM org.openqa.selenium.remote.DesiredCapabilities chrome
INFO: Using `new ChromeOptions()` is preferred to `DesiredCapabilities.chrome()`
May 30, 2019 1:48:23 PM org.openqa.selenium.remote.ProtocolHandshake createSession
INFO: Detected dialect: OSS
May 30, 2019 1:48:38 PM org.openqa.selenium.remote.ProtocolHandshake createSession
INFO: Detected dialect: OSS
]]></system-err>
  </testcase>
  <testcase name="test[2: Draw!]" classname="es.codeurjc.ais.tictactoe.WebAppContainerDockerTest" time="61.4">
    <error message="no such element: Unable to locate element: {&quot;method&quot;:&quot;id&quot;,&quot;selector&quot;:&quot;cell-4&quot;}&#10;  (Session info: chrome=70.0.3538.77)&#10;  (Driver info: chromedriver=2.43.600233 (523efee95e3d68b8719b3a1c83051aa63aa6b10d),platform=Linux 4.18.0-17-generic x86_64) (WARNING: The server did not provide any stacktrace information)&#10;Command duration or timeout: 0 milliseconds&#10;For documentation on this error, please visit: http://seleniumhq.org/exceptions/no_such_element.html&#10;Build info: version: &apos;3.14.0&apos;, revision: &apos;aacccce0&apos;, time: &apos;2018-08-02T20:19:58.91Z&apos;&#10;System info: host: &apos;5cd3ad01aea8&apos;, ip: &apos;172.17.0.4&apos;, os.name: &apos;Linux&apos;, os.arch: &apos;amd64&apos;, os.version: &apos;4.18.0-17-generic&apos;, java.version: &apos;11.0.2&apos;&#10;Driver info: org.openqa.selenium.remote.RemoteWebDriver&#10;Capabilities {acceptInsecureCerts: false, acceptSslCerts: false, applicationCacheEnabled: false, browserConnectionEnabled: false, browserName: chrome, chrome: {chromedriverVersion: 2.43.600233 (523efee95e3d68..., userDataDir: /tmp/.org.chromium.Chromium...}, cssSelectorsEnabled: true, databaseEnabled: false, goog:chromeOptions: {debuggerAddress: localhost:34839}, handlesAlerts: true, hasTouchScreen: false, javascriptEnabled: true, locationContextEnabled: true, mobileEmulationEnabled: false, nativeEvents: true, networkConnectionEnabled: false, pageLoadStrategy: normal, platform: LINUX, platformName: LINUX, rotatable: false, setWindowRect: true, takesHeapSnapshot: true, takesScreenshot: true, unexpectedAlertBehaviour: , unhandledPromptBehavior: , version: 70.0.3538.77, webStorageEnabled: true, webdriver.remote.sessionid: db99f898e46b0bf87f751d54b62...}&#10;Session ID: db99f898e46b0bf87f751d54b6205502&#10;*** Element info: {Using=id, value=cell-4}" type="org.openqa.selenium.NoSuchElementException">org.openqa.selenium.NoSuchElementException: 
no such element: Unable to locate element: {"method":"id","selector":"cell-4"}
  (Session info: chrome=70.0.3538.77)
  (Driver info: chromedriver=2.43.600233 (523efee95e3d68b8719b3a1c83051aa63aa6b10d),platform=Linux 4.18.0-17-generic x86_64) (WARNING: The server did not provide any stacktrace information)
Command duration or timeout: 0 milliseconds
For documentation on this error, please visit: http://seleniumhq.org/exceptions/no_such_element.html
Build info: version: '3.14.0', revision: 'aacccce0', time: '2018-08-02T20:19:58.91Z'
System info: host: '5cd3ad01aea8', ip: '172.17.0.4', os.name: 'Linux', os.arch: 'amd64', os.version: '4.18.0-17-generic', java.version: '11.0.2'
Driver info: org.openqa.selenium.remote.RemoteWebDriver
Capabilities {acceptInsecureCerts: false, acceptSslCerts: false, applicationCacheEnabled: false, browserConnectionEnabled: false, browserName: chrome, chrome: {chromedriverVersion: 2.43.600233 (523efee95e3d68..., userDataDir: /tmp/.org.chromium.Chromium...}, cssSelectorsEnabled: true, databaseEnabled: false, goog:chromeOptions: {debuggerAddress: localhost:34839}, handlesAlerts: true, hasTouchScreen: false, javascriptEnabled: true, locationContextEnabled: true, mobileEmulationEnabled: false, nativeEvents: true, networkConnectionEnabled: false, pageLoadStrategy: normal, platform: LINUX, platformName: LINUX, rotatable: false, setWindowRect: true, takesHeapSnapshot: true, takesScreenshot: true, unexpectedAlertBehaviour: , unhandledPromptBehavior: , version: 70.0.3538.77, webStorageEnabled: true, webdriver.remote.sessionid: db99f898e46b0bf87f751d54b62...}
Session ID: db99f898e46b0bf87f751d54b6205502
*** Element info: {Using=id, value=cell-4}
	at es.codeurjc.ais.tictactoe.WebAppContainerDockerTest.test(WebAppContainerDockerTest.java:124)
</error>
    <system-out><![CDATA[13:49:17.636 [main] INFO org.testcontainers.containers.SeleniumUtils - Selenium API version 3.14.0 detected on classpath
13:49:17.661 [main] DEBUG üê≥ [selenium/standalone-chrome-debug:3.14.0] - Starting container: selenium/standalone-chrome-debug:3.14.0
13:49:17.688 [main] DEBUG üê≥ [selenium/standalone-chrome-debug:3.14.0] - Trying to start container: selenium/standalone-chrome-debug:3.14.0
13:49:17.696 [main] DEBUG üê≥ [selenium/standalone-chrome-debug:3.14.0] - Trying to start container: selenium/standalone-chrome-debug:3.14.0 (attempt 1/3)
13:49:17.696 [main] DEBUG üê≥ [selenium/standalone-chrome-debug:3.14.0] - Starting container: selenium/standalone-chrome-debug:3.14.0
13:49:17.698 [main] INFO üê≥ [selenium/standalone-chrome-debug:3.14.0] - Creating container for image: selenium/standalone-chrome-debug:3.14.0
13:49:17.699 [main] DEBUG org.testcontainers.utility.RegistryAuthLocator - Looking up auth config for image: selenium/standalone-chrome-debug:3.14.0
13:49:17.700 [main] DEBUG org.testcontainers.utility.RegistryAuthLocator - RegistryAuthLocator has configFile: /root/.docker/config.json (does not exist) and commandPathPrefix: 
13:49:17.702 [main] WARN org.testcontainers.utility.RegistryAuthLocator - Failure when attempting to lookup auth config (dockerImageName: selenium/standalone-chrome-debug:3.14.0, configFile: /root/.docker/config.json. Falling back to docker-java default behaviour. Exception message: /root/.docker/config.json (No such file or directory)
13:49:17.706 [main] DEBUG org.testcontainers.dockerclient.auth.AuthDelegatingDockerClientConfig - Effective auth config [null]
13:49:17.707 [main] DEBUG com.github.dockerjava.core.command.AbstrDockerCmd - Cmd: com.github.dockerjava.core.command.CreateContainerCmdImpl@777c9dc9[name=<null>,hostName=<null>,domainName=<null>,user=<null>,attachStdin=<null>,attachStdout=<null>,attachStderr=<null>,portSpecs=<null>,tty=<null>,stdinOpen=<null>,stdInOnce=<null>,env={no_proxy=localhost,TZ=Etc/UTC},cmd={/opt/bin/entry_point.sh},entrypoint=<null>,image=selenium/standalone-chrome-debug:3.14.0,volumes=com.github.dockerjava.api.model.Volumes@71b1a49c,workingDir=<null>,macAddress=<null>,networkDisabled=<null>,exposedPorts=com.github.dockerjava.api.model.ExposedPorts@73e132e0,stopSignal=<null>,hostConfig=com.github.dockerjava.api.model.HostConfig@3773862a[binds=com.github.dockerjava.api.model.Binds@2472c7d8,blkioWeight=<null>,blkioWeightDevice=<null>,blkioDeviceReadBps=<null>,blkioDeviceReadIOps=<null>,blkioDeviceWriteBps=<null>,blkioDeviceWriteIOps=<null>,memorySwappiness=<null>,capAdd=<null>,capDrop=<null>,containerIDFile=<null>,cpuPeriod=<null>,cpuShares=<null>,cpuQuota=<null>,cpusetCpus=<null>,cpusetMems=<null>,devices=<null>,diskQuota=<null>,dns=<null>,dnsSearch=<null>,extraHosts={host.testcontainers.internal:172.17.0.6},links=com.github.dockerjava.api.model.Links@589b028e,logConfig=<null>,lxcConf=<null>,memory=<null>,memorySwap=<null>,memoryReservation=<null>,kernelMemory=<null>,networkMode=b5c27d62b1b0bf7af3928b21140710027a714984f6e82c258fa06071b7c06aeb,oomKillDisable=<null>,autoRemove=<null>,oomScoreAdj=<null>,portBindings={},privileged=<null>,publishAllPorts=true,readonlyRootfs=<null>,restartPolicy=<null>,ulimits=<null>,volumesFrom={},pidMode=<null>,securityOpts=<null>,cgroupParent=<null>,volumeDriver=<null>,shmSize=<null>,pidsLimit=<null>,runtime=<null>,tmpFs=<null>],labels={org.testcontainers=true, org.testcontainers.sessionId=3708a75f-2347-4e50-af1a-f801abfb24ce},networkingConfig=com.github.dockerjava.core.command.CreateContainerCmdImpl$NetworkingConfig@9fecdf1,ipv4Address=<null>,ipv6Address=<null>,aliases=[tc-FTNwUH2G],authConfig=<null>,execution=com.github.dockerjava.core.exec.CreateContainerCmdExec@3b809711]
13:49:17.843 [main] DEBUG com.github.dockerjava.core.command.AbstrDockerCmd - Cmd: 4301942f6ff1b00463835226d0c9fe938040d860b9714cd7360f660fa0fba988,c695ca7b9702d7594416c5fcac6af5228c40adf36f4ca6cb3a1cc419ba1085d2,<null>,com.github.dockerjava.core.exec.ConnectToNetworkCmdExec@232024b9
13:49:17.859 [main] INFO üê≥ [selenium/standalone-chrome-debug:3.14.0] - Starting container with ID: c695ca7b9702d7594416c5fcac6af5228c40adf36f4ca6cb3a1cc419ba1085d2
13:49:17.860 [main] DEBUG com.github.dockerjava.core.command.AbstrDockerCmd - Cmd: c695ca7b9702d7594416c5fcac6af5228c40adf36f4ca6cb3a1cc419ba1085d2,com.github.dockerjava.core.exec.StartContainerCmdExec@55a8dc49
13:49:19.870 [main] INFO üê≥ [selenium/standalone-chrome-debug:3.14.0] - Container selenium/standalone-chrome-debug:3.14.0 is starting: c695ca7b9702d7594416c5fcac6af5228c40adf36f4ca6cb3a1cc419ba1085d2
13:49:19.871 [main] DEBUG com.github.dockerjava.core.command.AbstrDockerCmd - Cmd: c695ca7b9702d7594416c5fcac6af5228c40adf36f4ca6cb3a1cc419ba1085d2,false,com.github.dockerjava.core.exec.InspectContainerCmdExec@2a415aa9
13:49:19.872 [main] DEBUG com.github.dockerjava.core.exec.InspectContainerCmdExec - GET: OkHttpWebTarget(okHttpClient=org.testcontainers.shaded.okhttp3.OkHttpClient@5b67bb7e, baseUrl=http://docker.socket/, path=[/containers/c695ca7b9702d7594416c5fcac6af5228c40adf36f4ca6cb3a1cc419ba1085d2/json], queryParams={})
13:49:19.887 [ducttape-0] DEBUG com.github.dockerjava.core.command.AbstrDockerCmd - Cmd: c695ca7b9702d7594416c5fcac6af5228c40adf36f4ca6cb3a1cc419ba1085d2,false,com.github.dockerjava.core.exec.InspectContainerCmdExec@70aea913
13:49:19.887 [ducttape-0] DEBUG com.github.dockerjava.core.exec.InspectContainerCmdExec - GET: OkHttpWebTarget(okHttpClient=org.testcontainers.shaded.okhttp3.OkHttpClient@5b67bb7e, baseUrl=http://docker.socket/, path=[/containers/c695ca7b9702d7594416c5fcac6af5228c40adf36f4ca6cb3a1cc419ba1085d2/json], queryParams={})
13:49:19.905 [main] INFO üê≥ [selenium/standalone-chrome-debug:3.14.0] - Container selenium/standalone-chrome-debug:3.14.0 started
13:49:30.726 [main] DEBUG org.testcontainers.containers.BrowserWebDriverContainer - Starting VNC recording
13:49:30.726 [main] DEBUG üê≥ [quay.io/testcontainers/vnc-recorder:1.1.0] - Starting container: quay.io/testcontainers/vnc-recorder:1.1.0
13:49:30.726 [main] DEBUG üê≥ [quay.io/testcontainers/vnc-recorder:1.1.0] - Trying to start container: quay.io/testcontainers/vnc-recorder:1.1.0
13:49:30.726 [main] DEBUG üê≥ [quay.io/testcontainers/vnc-recorder:1.1.0] - Trying to start container: quay.io/testcontainers/vnc-recorder:1.1.0 (attempt 1/1)
13:49:30.726 [main] DEBUG üê≥ [quay.io/testcontainers/vnc-recorder:1.1.0] - Starting container: quay.io/testcontainers/vnc-recorder:1.1.0
13:49:30.727 [main] INFO üê≥ [quay.io/testcontainers/vnc-recorder:1.1.0] - Creating container for image: quay.io/testcontainers/vnc-recorder:1.1.0
13:49:30.727 [main] DEBUG org.testcontainers.utility.RegistryAuthLocator - Looking up auth config for image: quay.io/testcontainers/vnc-recorder:1.1.0
13:49:30.727 [main] DEBUG org.testcontainers.utility.RegistryAuthLocator - RegistryAuthLocator has configFile: /root/.docker/config.json (does not exist) and commandPathPrefix: 
13:49:30.736 [main] WARN org.testcontainers.utility.RegistryAuthLocator - Failure when attempting to lookup auth config (dockerImageName: quay.io/testcontainers/vnc-recorder:1.1.0, configFile: /root/.docker/config.json. Falling back to docker-java default behaviour. Exception message: /root/.docker/config.json (No such file or directory)
13:49:30.736 [main] DEBUG org.testcontainers.dockerclient.auth.AuthDelegatingDockerClientConfig - Effective auth config [null]
13:49:30.755 [main] DEBUG com.github.dockerjava.core.command.AbstrDockerCmd - Cmd: com.github.dockerjava.core.command.CreateContainerCmdImpl@53cdecf6[name=<null>,hostName=<null>,domainName=<null>,user=<null>,attachStdin=<null>,attachStdout=<null>,attachStderr=<null>,portSpecs=<null>,tty=<null>,stdinOpen=<null>,stdInOnce=<null>,env={},cmd={-c,echo 'c2VjcmV0' | base64 -d > /vnc_password && flvrec.py -o /screen.flv -d -r 30 -P /vnc_password tc-FTNwUH2G 5900},entrypoint={/bin/sh},image=quay.io/testcontainers/vnc-recorder:1.1.0,volumes=com.github.dockerjava.api.model.Volumes@71ea1fda,workingDir=<null>,macAddress=<null>,networkDisabled=<null>,exposedPorts=com.github.dockerjava.api.model.ExposedPorts@62b3df3a,stopSignal=<null>,hostConfig=com.github.dockerjava.api.model.HostConfig@420745d7[binds=com.github.dockerjava.api.model.Binds@7e11ab3d,blkioWeight=<null>,blkioWeightDevice=<null>,blkioDeviceReadBps=<null>,blkioDeviceReadIOps=<null>,blkioDeviceWriteBps=<null>,blkioDeviceWriteIOps=<null>,memorySwappiness=<null>,capAdd=<null>,capDrop=<null>,containerIDFile=<null>,cpuPeriod=<null>,cpuShares=<null>,cpuQuota=<null>,cpusetCpus=<null>,cpusetMems=<null>,devices=<null>,diskQuota=<null>,dns=<null>,dnsSearch=<null>,extraHosts={host.testcontainers.internal:172.17.0.6},links=com.github.dockerjava.api.model.Links@5fa47fea,logConfig=<null>,lxcConf=<null>,memory=<null>,memorySwap=<null>,memoryReservation=<null>,kernelMemory=<null>,networkMode=b5c27d62b1b0bf7af3928b21140710027a714984f6e82c258fa06071b7c06aeb,oomKillDisable=<null>,autoRemove=<null>,oomScoreAdj=<null>,portBindings={},privileged=<null>,publishAllPorts=true,readonlyRootfs=<null>,restartPolicy=<null>,ulimits=<null>,volumesFrom={},pidMode=<null>,securityOpts=<null>,cgroupParent=<null>,volumeDriver=<null>,shmSize=<null>,pidsLimit=<null>,runtime=<null>,tmpFs=<null>],labels={org.testcontainers=true, org.testcontainers.sessionId=3708a75f-2347-4e50-af1a-f801abfb24ce},networkingConfig=com.github.dockerjava.core.command.CreateContainerCmdImpl$NetworkingConfig@5b43e173,ipv4Address=<null>,ipv6Address=<null>,aliases=[tc-thavBewB],authConfig=<null>,execution=com.github.dockerjava.core.exec.CreateContainerCmdExec@28f8e165]
13:49:30.907 [main] DEBUG com.github.dockerjava.core.command.AbstrDockerCmd - Cmd: 4301942f6ff1b00463835226d0c9fe938040d860b9714cd7360f660fa0fba988,0cb2cc1d09afe19d36f1aea73adce211af353be438233a09ea6f3751f0f68abe,<null>,com.github.dockerjava.core.exec.ConnectToNetworkCmdExec@30f4b1a6
13:49:30.923 [main] INFO üê≥ [quay.io/testcontainers/vnc-recorder:1.1.0] - Starting container with ID: 0cb2cc1d09afe19d36f1aea73adce211af353be438233a09ea6f3751f0f68abe
13:49:30.924 [main] DEBUG com.github.dockerjava.core.command.AbstrDockerCmd - Cmd: 0cb2cc1d09afe19d36f1aea73adce211af353be438233a09ea6f3751f0f68abe,com.github.dockerjava.core.exec.StartContainerCmdExec@405325cf
13:49:32.318 [main] INFO üê≥ [quay.io/testcontainers/vnc-recorder:1.1.0] - Container quay.io/testcontainers/vnc-recorder:1.1.0 is starting: 0cb2cc1d09afe19d36f1aea73adce211af353be438233a09ea6f3751f0f68abe
13:49:32.318 [main] DEBUG com.github.dockerjava.core.command.AbstrDockerCmd - Cmd: 0cb2cc1d09afe19d36f1aea73adce211af353be438233a09ea6f3751f0f68abe,false,com.github.dockerjava.core.exec.InspectContainerCmdExec@3e1162e7
13:49:32.319 [main] DEBUG com.github.dockerjava.core.exec.InspectContainerCmdExec - GET: OkHttpWebTarget(okHttpClient=org.testcontainers.shaded.okhttp3.OkHttpClient@5b67bb7e, baseUrl=http://docker.socket/, path=[/containers/0cb2cc1d09afe19d36f1aea73adce211af353be438233a09ea6f3751f0f68abe/json], queryParams={})
13:49:32.328 [ducttape-0] DEBUG com.github.dockerjava.core.command.AbstrDockerCmd - Cmd: 0cb2cc1d09afe19d36f1aea73adce211af353be438233a09ea6f3751f0f68abe,false,com.github.dockerjava.core.exec.InspectContainerCmdExec@8e71038
13:49:32.328 [ducttape-0] DEBUG com.github.dockerjava.core.exec.InspectContainerCmdExec - GET: OkHttpWebTarget(okHttpClient=org.testcontainers.shaded.okhttp3.OkHttpClient@5b67bb7e, baseUrl=http://docker.socket/, path=[/containers/0cb2cc1d09afe19d36f1aea73adce211af353be438233a09ea6f3751f0f68abe/json], queryParams={})
13:49:32.559 [main] INFO üê≥ [quay.io/testcontainers/vnc-recorder:1.1.0] - Container quay.io/testcontainers/vnc-recorder:1.1.0 started
13:49:32.585 [main] INFO org.testcontainers.containers.SeleniumUtils - Selenium API version 3.14.0 detected on classpath
13:49:32.606 [main] DEBUG üê≥ [selenium/standalone-chrome-debug:3.14.0] - Starting container: selenium/standalone-chrome-debug:3.14.0
13:49:32.637 [main] DEBUG üê≥ [selenium/standalone-chrome-debug:3.14.0] - Trying to start container: selenium/standalone-chrome-debug:3.14.0
13:49:32.642 [main] DEBUG üê≥ [selenium/standalone-chrome-debug:3.14.0] - Trying to start container: selenium/standalone-chrome-debug:3.14.0 (attempt 1/3)
13:49:32.644 [main] DEBUG üê≥ [selenium/standalone-chrome-debug:3.14.0] - Starting container: selenium/standalone-chrome-debug:3.14.0
13:49:32.645 [main] INFO üê≥ [selenium/standalone-chrome-debug:3.14.0] - Creating container for image: selenium/standalone-chrome-debug:3.14.0
13:49:32.650 [main] DEBUG org.testcontainers.utility.RegistryAuthLocator - Looking up auth config for image: selenium/standalone-chrome-debug:3.14.0
13:49:32.652 [main] DEBUG org.testcontainers.utility.RegistryAuthLocator - RegistryAuthLocator has configFile: /root/.docker/config.json (does not exist) and commandPathPrefix: 
13:49:32.666 [main] WARN org.testcontainers.utility.RegistryAuthLocator - Failure when attempting to lookup auth config (dockerImageName: selenium/standalone-chrome-debug:3.14.0, configFile: /root/.docker/config.json. Falling back to docker-java default behaviour. Exception message: /root/.docker/config.json (No such file or directory)
13:49:32.670 [main] DEBUG org.testcontainers.dockerclient.auth.AuthDelegatingDockerClientConfig - Effective auth config [null]
13:49:32.671 [main] DEBUG com.github.dockerjava.core.command.AbstrDockerCmd - Cmd: com.github.dockerjava.core.command.CreateContainerCmdImpl@2c383e33[name=<null>,hostName=<null>,domainName=<null>,user=<null>,attachStdin=<null>,attachStdout=<null>,attachStderr=<null>,portSpecs=<null>,tty=<null>,stdinOpen=<null>,stdInOnce=<null>,env={no_proxy=localhost,TZ=Etc/UTC},cmd={/opt/bin/entry_point.sh},entrypoint=<null>,image=selenium/standalone-chrome-debug:3.14.0,volumes=com.github.dockerjava.api.model.Volumes@74a195a4,workingDir=<null>,macAddress=<null>,networkDisabled=<null>,exposedPorts=com.github.dockerjava.api.model.ExposedPorts@76304b46,stopSignal=<null>,hostConfig=com.github.dockerjava.api.model.HostConfig@2fa3be26[binds=com.github.dockerjava.api.model.Binds@4287d447,blkioWeight=<null>,blkioWeightDevice=<null>,blkioDeviceReadBps=<null>,blkioDeviceReadIOps=<null>,blkioDeviceWriteBps=<null>,blkioDeviceWriteIOps=<null>,memorySwappiness=<null>,capAdd=<null>,capDrop=<null>,containerIDFile=<null>,cpuPeriod=<null>,cpuShares=<null>,cpuQuota=<null>,cpusetCpus=<null>,cpusetMems=<null>,devices=<null>,diskQuota=<null>,dns=<null>,dnsSearch=<null>,extraHosts={host.testcontainers.internal:172.17.0.6},links=com.github.dockerjava.api.model.Links@3af37506,logConfig=<null>,lxcConf=<null>,memory=<null>,memorySwap=<null>,memoryReservation=<null>,kernelMemory=<null>,networkMode=b5c27d62b1b0bf7af3928b21140710027a714984f6e82c258fa06071b7c06aeb,oomKillDisable=<null>,autoRemove=<null>,oomScoreAdj=<null>,portBindings={},privileged=<null>,publishAllPorts=true,readonlyRootfs=<null>,restartPolicy=<null>,ulimits=<null>,volumesFrom={},pidMode=<null>,securityOpts=<null>,cgroupParent=<null>,volumeDriver=<null>,shmSize=<null>,pidsLimit=<null>,runtime=<null>,tmpFs=<null>],labels={org.testcontainers=true, org.testcontainers.sessionId=3708a75f-2347-4e50-af1a-f801abfb24ce},networkingConfig=com.github.dockerjava.core.command.CreateContainerCmdImpl$NetworkingConfig@7c0da600,ipv4Address=<null>,ipv6Address=<null>,aliases=[tc-9nzYVsJ1],authConfig=<null>,execution=com.github.dockerjava.core.exec.CreateContainerCmdExec@d4602a]
13:49:32.921 [main] DEBUG com.github.dockerjava.core.command.AbstrDockerCmd - Cmd: 4301942f6ff1b00463835226d0c9fe938040d860b9714cd7360f660fa0fba988,5da5b770c1aff3ca74ae040cabc9c7c9a34f231e324885941bdd1d7ccc4f8fcc,<null>,com.github.dockerjava.core.exec.ConnectToNetworkCmdExec@64a896b0
13:49:32.951 [main] INFO üê≥ [selenium/standalone-chrome-debug:3.14.0] - Starting container with ID: 5da5b770c1aff3ca74ae040cabc9c7c9a34f231e324885941bdd1d7ccc4f8fcc
13:49:32.952 [main] DEBUG com.github.dockerjava.core.command.AbstrDockerCmd - Cmd: 5da5b770c1aff3ca74ae040cabc9c7c9a34f231e324885941bdd1d7ccc4f8fcc,com.github.dockerjava.core.exec.StartContainerCmdExec@e044b4a
13:49:34.730 [main] INFO üê≥ [selenium/standalone-chrome-debug:3.14.0] - Container selenium/standalone-chrome-debug:3.14.0 is starting: 5da5b770c1aff3ca74ae040cabc9c7c9a34f231e324885941bdd1d7ccc4f8fcc
13:49:34.731 [main] DEBUG com.github.dockerjava.core.command.AbstrDockerCmd - Cmd: 5da5b770c1aff3ca74ae040cabc9c7c9a34f231e324885941bdd1d7ccc4f8fcc,false,com.github.dockerjava.core.exec.InspectContainerCmdExec@11a82d0f
13:49:34.731 [main] DEBUG com.github.dockerjava.core.exec.InspectContainerCmdExec - GET: OkHttpWebTarget(okHttpClient=org.testcontainers.shaded.okhttp3.OkHttpClient@5b67bb7e, baseUrl=http://docker.socket/, path=[/containers/5da5b770c1aff3ca74ae040cabc9c7c9a34f231e324885941bdd1d7ccc4f8fcc/json], queryParams={})
13:49:34.750 [ducttape-0] DEBUG com.github.dockerjava.core.command.AbstrDockerCmd - Cmd: 5da5b770c1aff3ca74ae040cabc9c7c9a34f231e324885941bdd1d7ccc4f8fcc,false,com.github.dockerjava.core.exec.InspectContainerCmdExec@34771210
13:49:34.750 [ducttape-0] DEBUG com.github.dockerjava.core.exec.InspectContainerCmdExec - GET: OkHttpWebTarget(okHttpClient=org.testcontainers.shaded.okhttp3.OkHttpClient@5b67bb7e, baseUrl=http://docker.socket/, path=[/containers/5da5b770c1aff3ca74ae040cabc9c7c9a34f231e324885941bdd1d7ccc4f8fcc/json], queryParams={})
13:49:34.764 [main] INFO üê≥ [selenium/standalone-chrome-debug:3.14.0] - Container selenium/standalone-chrome-debug:3.14.0 started
13:49:45.268 [main] DEBUG org.testcontainers.containers.BrowserWebDriverContainer - Starting VNC recording
13:49:45.268 [main] DEBUG üê≥ [quay.io/testcontainers/vnc-recorder:1.1.0] - Starting container: quay.io/testcontainers/vnc-recorder:1.1.0
13:49:45.268 [main] DEBUG üê≥ [quay.io/testcontainers/vnc-recorder:1.1.0] - Trying to start container: quay.io/testcontainers/vnc-recorder:1.1.0
13:49:45.268 [main] DEBUG üê≥ [quay.io/testcontainers/vnc-recorder:1.1.0] - Trying to start container: quay.io/testcontainers/vnc-recorder:1.1.0 (attempt 1/1)
13:49:45.269 [main] DEBUG üê≥ [quay.io/testcontainers/vnc-recorder:1.1.0] - Starting container: quay.io/testcontainers/vnc-recorder:1.1.0
13:49:45.269 [main] INFO üê≥ [quay.io/testcontainers/vnc-recorder:1.1.0] - Creating container for image: quay.io/testcontainers/vnc-recorder:1.1.0
13:49:45.269 [main] DEBUG org.testcontainers.utility.RegistryAuthLocator - Looking up auth config for image: quay.io/testcontainers/vnc-recorder:1.1.0
13:49:45.269 [main] DEBUG org.testcontainers.utility.RegistryAuthLocator - RegistryAuthLocator has configFile: /root/.docker/config.json (does not exist) and commandPathPrefix: 
13:49:45.269 [main] WARN org.testcontainers.utility.RegistryAuthLocator - Failure when attempting to lookup auth config (dockerImageName: quay.io/testcontainers/vnc-recorder:1.1.0, configFile: /root/.docker/config.json. Falling back to docker-java default behaviour. Exception message: /root/.docker/config.json (No such file or directory)
13:49:45.269 [main] DEBUG org.testcontainers.dockerclient.auth.AuthDelegatingDockerClientConfig - Effective auth config [null]
13:49:45.270 [main] DEBUG com.github.dockerjava.core.command.AbstrDockerCmd - Cmd: com.github.dockerjava.core.command.CreateContainerCmdImpl@1adb7478[name=<null>,hostName=<null>,domainName=<null>,user=<null>,attachStdin=<null>,attachStdout=<null>,attachStderr=<null>,portSpecs=<null>,tty=<null>,stdinOpen=<null>,stdInOnce=<null>,env={},cmd={-c,echo 'c2VjcmV0' | base64 -d > /vnc_password && flvrec.py -o /screen.flv -d -r 30 -P /vnc_password tc-9nzYVsJ1 5900},entrypoint={/bin/sh},image=quay.io/testcontainers/vnc-recorder:1.1.0,volumes=com.github.dockerjava.api.model.Volumes@3ae66c85,workingDir=<null>,macAddress=<null>,networkDisabled=<null>,exposedPorts=com.github.dockerjava.api.model.ExposedPorts@16943e88,stopSignal=<null>,hostConfig=com.github.dockerjava.api.model.HostConfig@4604b900[binds=com.github.dockerjava.api.model.Binds@73d6d0c,blkioWeight=<null>,blkioWeightDevice=<null>,blkioDeviceReadBps=<null>,blkioDeviceReadIOps=<null>,blkioDeviceWriteBps=<null>,blkioDeviceWriteIOps=<null>,memorySwappiness=<null>,capAdd=<null>,capDrop=<null>,containerIDFile=<null>,cpuPeriod=<null>,cpuShares=<null>,cpuQuota=<null>,cpusetCpus=<null>,cpusetMems=<null>,devices=<null>,diskQuota=<null>,dns=<null>,dnsSearch=<null>,extraHosts={host.testcontainers.internal:172.17.0.6},links=com.github.dockerjava.api.model.Links@e36bb2a,logConfig=<null>,lxcConf=<null>,memory=<null>,memorySwap=<null>,memoryReservation=<null>,kernelMemory=<null>,networkMode=b5c27d62b1b0bf7af3928b21140710027a714984f6e82c258fa06071b7c06aeb,oomKillDisable=<null>,autoRemove=<null>,oomScoreAdj=<null>,portBindings={},privileged=<null>,publishAllPorts=true,readonlyRootfs=<null>,restartPolicy=<null>,ulimits=<null>,volumesFrom={},pidMode=<null>,securityOpts=<null>,cgroupParent=<null>,volumeDriver=<null>,shmSize=<null>,pidsLimit=<null>,runtime=<null>,tmpFs=<null>],labels={org.testcontainers=true, org.testcontainers.sessionId=3708a75f-2347-4e50-af1a-f801abfb24ce},networkingConfig=com.github.dockerjava.core.command.CreateContainerCmdImpl$NetworkingConfig@5a4ed68f,ipv4Address=<null>,ipv6Address=<null>,aliases=[tc-MyznYRJ6],authConfig=<null>,execution=com.github.dockerjava.core.exec.CreateContainerCmdExec@367795c7]
13:49:45.397 [main] DEBUG com.github.dockerjava.core.command.AbstrDockerCmd - Cmd: 4301942f6ff1b00463835226d0c9fe938040d860b9714cd7360f660fa0fba988,7f455fcb209bfdb4c6258d87dec692ab349351736bac7996f865655bb3205cd0,<null>,com.github.dockerjava.core.exec.ConnectToNetworkCmdExec@29d334c
13:49:45.415 [main] INFO üê≥ [quay.io/testcontainers/vnc-recorder:1.1.0] - Starting container with ID: 7f455fcb209bfdb4c6258d87dec692ab349351736bac7996f865655bb3205cd0
13:49:45.415 [main] DEBUG com.github.dockerjava.core.command.AbstrDockerCmd - Cmd: 7f455fcb209bfdb4c6258d87dec692ab349351736bac7996f865655bb3205cd0,com.github.dockerjava.core.exec.StartContainerCmdExec@100f9bbe
13:49:46.776 [main] INFO üê≥ [quay.io/testcontainers/vnc-recorder:1.1.0] - Container quay.io/testcontainers/vnc-recorder:1.1.0 is starting: 7f455fcb209bfdb4c6258d87dec692ab349351736bac7996f865655bb3205cd0
13:49:46.776 [main] DEBUG com.github.dockerjava.core.command.AbstrDockerCmd - Cmd: 7f455fcb209bfdb4c6258d87dec692ab349351736bac7996f865655bb3205cd0,false,com.github.dockerjava.core.exec.InspectContainerCmdExec@13e9f2e2
13:49:46.776 [main] DEBUG com.github.dockerjava.core.exec.InspectContainerCmdExec - GET: OkHttpWebTarget(okHttpClient=org.testcontainers.shaded.okhttp3.OkHttpClient@5b67bb7e, baseUrl=http://docker.socket/, path=[/containers/7f455fcb209bfdb4c6258d87dec692ab349351736bac7996f865655bb3205cd0/json], queryParams={})
13:49:46.782 [ducttape-0] DEBUG com.github.dockerjava.core.command.AbstrDockerCmd - Cmd: 7f455fcb209bfdb4c6258d87dec692ab349351736bac7996f865655bb3205cd0,false,com.github.dockerjava.core.exec.InspectContainerCmdExec@4234c4d3
13:49:46.784 [ducttape-0] DEBUG com.github.dockerjava.core.exec.InspectContainerCmdExec - GET: OkHttpWebTarget(okHttpClient=org.testcontainers.shaded.okhttp3.OkHttpClient@5b67bb7e, baseUrl=http://docker.socket/, path=[/containers/7f455fcb209bfdb4c6258d87dec692ab349351736bac7996f865655bb3205cd0/json], queryParams={})
13:49:47.046 [main] INFO üê≥ [quay.io/testcontainers/vnc-recorder:1.1.0] - Container quay.io/testcontainers/vnc-recorder:1.1.0 started
13:50:14.633 [main] INFO org.testcontainers.containers.BrowserWebDriverContainer - Screen recordings for test es.codeurjc.ais.tictactoe.WebAppContainerDockerTest-test[2: Draw!] will be stored at: target/FAILED-es.codeurjc.ais.tictactoe.WebAppContainerDockerTest-test[2: Draw!]-20190530-135014.flv
13:50:14.640 [main] DEBUG com.github.dockerjava.core.command.AbstrDockerCmd - Cmd: 7f455fcb209bfdb4c6258d87dec692ab349351736bac7996f865655bb3205cd0,.,/screen.flv,com.github.dockerjava.core.exec.CopyArchiveFromContainerCmdExec@7d151a
13:50:15.017 [main] DEBUG com.github.dockerjava.core.command.AbstrDockerCmd - Cmd: 7f455fcb209bfdb4c6258d87dec692ab349351736bac7996f865655bb3205cd0,false,com.github.dockerjava.core.exec.InspectContainerCmdExec@294bdeb4
13:50:15.029 [main] DEBUG com.github.dockerjava.core.exec.InspectContainerCmdExec - GET: OkHttpWebTarget(okHttpClient=org.testcontainers.shaded.okhttp3.OkHttpClient@5b67bb7e, baseUrl=http://docker.socket/, path=[/containers/7f455fcb209bfdb4c6258d87dec692ab349351736bac7996f865655bb3205cd0/json], queryParams={})
13:50:15.059 [main] DEBUG com.github.dockerjava.core.command.AbstrDockerCmd - Cmd: 7f455fcb209bfdb4c6258d87dec692ab349351736bac7996f865655bb3205cd0,<null>,com.github.dockerjava.core.exec.KillContainerCmdExec@5300f14a
13:50:15.683 [main] DEBUG com.github.dockerjava.core.command.AbstrDockerCmd - Cmd: 7f455fcb209bfdb4c6258d87dec692ab349351736bac7996f865655bb3205cd0,false,com.github.dockerjava.core.exec.InspectContainerCmdExec@1f86099a
13:50:15.683 [main] DEBUG com.github.dockerjava.core.exec.InspectContainerCmdExec - GET: OkHttpWebTarget(okHttpClient=org.testcontainers.shaded.okhttp3.OkHttpClient@5b67bb7e, baseUrl=http://docker.socket/, path=[/containers/7f455fcb209bfdb4c6258d87dec692ab349351736bac7996f865655bb3205cd0/json], queryParams={})
13:50:15.690 [main] DEBUG com.github.dockerjava.core.command.AbstrDockerCmd - Cmd: 7f455fcb209bfdb4c6258d87dec692ab349351736bac7996f865655bb3205cd0,true,true,com.github.dockerjava.core.exec.RemoveContainerCmdExec@77bb0ab5
13:50:15.705 [main] DEBUG org.testcontainers.utility.ResourceReaper - Removed container and associated volume(s): quay.io/testcontainers/vnc-recorder:1.1.0
13:50:15.706 [main] DEBUG com.github.dockerjava.core.command.AbstrDockerCmd - Cmd: 5da5b770c1aff3ca74ae040cabc9c7c9a34f231e324885941bdd1d7ccc4f8fcc,false,com.github.dockerjava.core.exec.InspectContainerCmdExec@f2c488
13:50:15.706 [main] DEBUG com.github.dockerjava.core.exec.InspectContainerCmdExec - GET: OkHttpWebTarget(okHttpClient=org.testcontainers.shaded.okhttp3.OkHttpClient@5b67bb7e, baseUrl=http://docker.socket/, path=[/containers/5da5b770c1aff3ca74ae040cabc9c7c9a34f231e324885941bdd1d7ccc4f8fcc/json], queryParams={})
13:50:15.727 [main] DEBUG com.github.dockerjava.core.command.AbstrDockerCmd - Cmd: 5da5b770c1aff3ca74ae040cabc9c7c9a34f231e324885941bdd1d7ccc4f8fcc,<null>,com.github.dockerjava.core.exec.KillContainerCmdExec@54acff7d
13:50:16.792 [main] DEBUG com.github.dockerjava.core.command.AbstrDockerCmd - Cmd: 5da5b770c1aff3ca74ae040cabc9c7c9a34f231e324885941bdd1d7ccc4f8fcc,false,com.github.dockerjava.core.exec.InspectContainerCmdExec@7bc9e6ab
13:50:16.792 [main] DEBUG com.github.dockerjava.core.exec.InspectContainerCmdExec - GET: OkHttpWebTarget(okHttpClient=org.testcontainers.shaded.okhttp3.OkHttpClient@5b67bb7e, baseUrl=http://docker.socket/, path=[/containers/5da5b770c1aff3ca74ae040cabc9c7c9a34f231e324885941bdd1d7ccc4f8fcc/json], queryParams={})
13:50:16.798 [main] DEBUG com.github.dockerjava.core.command.AbstrDockerCmd - Cmd: 5da5b770c1aff3ca74ae040cabc9c7c9a34f231e324885941bdd1d7ccc4f8fcc,true,true,com.github.dockerjava.core.exec.RemoveContainerCmdExec@5488b5c5
13:50:16.823 [main] DEBUG org.testcontainers.utility.ResourceReaper - Removed container and associated volume(s): selenium/standalone-chrome-debug:3.14.0
13:50:16.826 [main] INFO org.testcontainers.containers.BrowserWebDriverContainer - Screen recordings for test es.codeurjc.ais.tictactoe.WebAppContainerDockerTest-test[2: Draw!] will be stored at: target/FAILED-es.codeurjc.ais.tictactoe.WebAppContainerDockerTest-test[2: Draw!]-20190530-135016.flv
13:50:16.826 [main] DEBUG com.github.dockerjava.core.command.AbstrDockerCmd - Cmd: 0cb2cc1d09afe19d36f1aea73adce211af353be438233a09ea6f3751f0f68abe,.,/screen.flv,com.github.dockerjava.core.exec.CopyArchiveFromContainerCmdExec@4248ed58
13:50:17.214 [main] DEBUG com.github.dockerjava.core.command.AbstrDockerCmd - Cmd: 0cb2cc1d09afe19d36f1aea73adce211af353be438233a09ea6f3751f0f68abe,false,com.github.dockerjava.core.exec.InspectContainerCmdExec@712ca57b
13:50:17.214 [main] DEBUG com.github.dockerjava.core.exec.InspectContainerCmdExec - GET: OkHttpWebTarget(okHttpClient=org.testcontainers.shaded.okhttp3.OkHttpClient@5b67bb7e, baseUrl=http://docker.socket/, path=[/containers/0cb2cc1d09afe19d36f1aea73adce211af353be438233a09ea6f3751f0f68abe/json], queryParams={})
13:50:17.228 [main] DEBUG com.github.dockerjava.core.command.AbstrDockerCmd - Cmd: 0cb2cc1d09afe19d36f1aea73adce211af353be438233a09ea6f3751f0f68abe,<null>,com.github.dockerjava.core.exec.KillContainerCmdExec@4564e94b
13:50:17.879 [main] DEBUG com.github.dockerjava.core.command.AbstrDockerCmd - Cmd: 0cb2cc1d09afe19d36f1aea73adce211af353be438233a09ea6f3751f0f68abe,false,com.github.dockerjava.core.exec.InspectContainerCmdExec@54534abf
13:50:17.880 [main] DEBUG com.github.dockerjava.core.exec.InspectContainerCmdExec - GET: OkHttpWebTarget(okHttpClient=org.testcontainers.shaded.okhttp3.OkHttpClient@5b67bb7e, baseUrl=http://docker.socket/, path=[/containers/0cb2cc1d09afe19d36f1aea73adce211af353be438233a09ea6f3751f0f68abe/json], queryParams={})
13:50:17.883 [main] DEBUG com.github.dockerjava.core.command.AbstrDockerCmd - Cmd: 0cb2cc1d09afe19d36f1aea73adce211af353be438233a09ea6f3751f0f68abe,true,true,com.github.dockerjava.core.exec.RemoveContainerCmdExec@51745f40
13:50:17.902 [main] DEBUG org.testcontainers.utility.ResourceReaper - Removed container and associated volume(s): quay.io/testcontainers/vnc-recorder:1.1.0
13:50:17.903 [main] DEBUG com.github.dockerjava.core.command.AbstrDockerCmd - Cmd: c695ca7b9702d7594416c5fcac6af5228c40adf36f4ca6cb3a1cc419ba1085d2,false,com.github.dockerjava.core.exec.InspectContainerCmdExec@45673f68
13:50:17.903 [main] DEBUG com.github.dockerjava.core.exec.InspectContainerCmdExec - GET: OkHttpWebTarget(okHttpClient=org.testcontainers.shaded.okhttp3.OkHttpClient@5b67bb7e, baseUrl=http://docker.socket/, path=[/containers/c695ca7b9702d7594416c5fcac6af5228c40adf36f4ca6cb3a1cc419ba1085d2/json], queryParams={})
13:50:17.916 [main] DEBUG com.github.dockerjava.core.command.AbstrDockerCmd - Cmd: c695ca7b9702d7594416c5fcac6af5228c40adf36f4ca6cb3a1cc419ba1085d2,<null>,com.github.dockerjava.core.exec.KillContainerCmdExec@27abb83e
13:50:18.920 [main] DEBUG com.github.dockerjava.core.command.AbstrDockerCmd - Cmd: c695ca7b9702d7594416c5fcac6af5228c40adf36f4ca6cb3a1cc419ba1085d2,false,com.github.dockerjava.core.exec.InspectContainerCmdExec@69e308c6
13:50:18.920 [main] DEBUG com.github.dockerjava.core.exec.InspectContainerCmdExec - GET: OkHttpWebTarget(okHttpClient=org.testcontainers.shaded.okhttp3.OkHttpClient@5b67bb7e, baseUrl=http://docker.socket/, path=[/containers/c695ca7b9702d7594416c5fcac6af5228c40adf36f4ca6cb3a1cc419ba1085d2/json], queryParams={})
13:50:18.925 [main] DEBUG com.github.dockerjava.core.command.AbstrDockerCmd - Cmd: c695ca7b9702d7594416c5fcac6af5228c40adf36f4ca6cb3a1cc419ba1085d2,true,true,com.github.dockerjava.core.exec.RemoveContainerCmdExec@1a1ed4e5
13:50:18.985 [main] DEBUG org.testcontainers.utility.ResourceReaper - Removed container and associated volume(s): selenium/standalone-chrome-debug:3.14.0
]]></system-out>
    <system-err><![CDATA[May 30, 2019 1:49:17 PM org.openqa.selenium.remote.DesiredCapabilities chrome
INFO: Using `new ChromeOptions()` is preferred to `DesiredCapabilities.chrome()`
May 30, 2019 1:49:17 PM org.openqa.selenium.remote.DesiredCapabilities chrome
INFO: Using `new ChromeOptions()` is preferred to `DesiredCapabilities.chrome()`
May 30, 2019 1:49:30 PM org.openqa.selenium.remote.ProtocolHandshake createSession
INFO: Detected dialect: OSS
May 30, 2019 1:49:45 PM org.openqa.selenium.remote.ProtocolHandshake createSession
INFO: Detected dialect: OSS
]]></system-err>
  </testcase>
</testsuite>