<?xml version="1.0" encoding="UTF-8"?>
<testsuite xmlns:xsi="http://www.w3.org/2001/XMLSchema-instance" xsi:noNamespaceSchemaLocation="https://maven.apache.org/surefire/maven-surefire-plugin/xsd/surefire-test-report.xsd" name="es.codeurjc.ais.tictactoe.WebAppContainerDockerSimpleTest" time="236.008" tests="1" errors="0" skipped="0" failures="0">
  <properties>
[...]
</properties>
  <testcase name="test[0: J2 wins! J1 looses.]" classname="es.codeurjc.ais.tictactoe.WebAppContainerDockerSimpleTest" time="191.321"/>
</testsuite>